License for 'CIBOL Team' expires on Tue Aug  9 02:00:00 2039
 
../bilevel -mpsfile /home/utr_thuerauf/projects/bilevel-library/code-mergen/data/MIPLIB2010/30n20b8_50_50.mps.gz -auxfile /home/utr_thuerauf/projects/bilevel-library/code-mergen/data/MIPLIB2010/30n20b8_50_50.aux -time_limit 3600 
... using custom setting 4
The chosen setting is MIX++


available parameters --------------------------------------------------
-mpsfile /home/utr_thuerauf/projects/bilevel-library/code-mergen/data/MIPLIB2010/30n20b8_50_50.mps.gz (the input file, part 1, needs to end with .mps; see readme.md for details on the format)
-auxfile /home/utr_thuerauf/projects/bilevel-library/code-mergen/data/MIPLIB2010/30n20b8_50_50.aux (the input file, part 2, needs to end with .aux; only needs to be given if differently named as the mps-file)
-time_limit, 3600 (in seconds, default: 3600)
-available_memory, 12000 (in MB, default: 12000)
-nodefile . (location for CPLEX nodefile to be used if available_memory is exhausted, default: current directory)
-num_threads, 0 (0: all available (default); note: opportunistic mode of CPLEX, to change see next option)
-randomseed, 0 (negative seed turns on deterministic multithread mode of CPLEX, default: 0)
-node_limit, -1 (-1: no limit (default))
-cplex_cuts, 1 (0: off, 1: normal (default), 2: moderate, 3: aggressive)
-print_sol, 1 (0: no, 1: print nonzero entries of the final solution (default), 2: print also the zero entries)
-setting, 4 (see below for description, default: MIX++)
 ----------------------------------------------------------------------------------------------

AVAILABLE SETTINGS------------------------------------------------------------------------------
1 SEP1++
2 SEP2++
3 XU++
4 MIX++
21 SEP1+F
22 SEP2+F
23 XU+F
24 MIX+F
31 SEP1+P
32 SEP2+P
33 XU+P
34 MIX+P
41 SEP1
42 SEP2
43 XU
44 MIX
98 HC
99 HC++
----------------------------------------------------------------------------------------------

 ... Cplex in opportunistic mode with 24 thread(s)
Selected objective sense:  MINIMIZE
Selected objective  name:  Obj
Selected RHS        name:  rhs
Selected bound      name:  bnd
HPR has 18380 cols
Original HPR has 576 rows
Updated HPR has 576 rows
Follower variables integer 1 binary 0
Leader variables integer 1 binary 0
Problem variables integer 1 binary 0
Body has 289 rows 
Leader objective all integer (var+coeff?) 1
Follower objective all integer (var+coeff?) 1
Leader all integer (obj+cons+var?) 1
Follower all integer (obj+cons+var?) 1
Leader has 9190 cols
Leader has 288 rows
Follower has 9190 cols
Follower has 288 rows



 -------------- PROBLEM STATISTICS for /home/utr_thuerauf/projects/bilevel-library/code-mergen/data/MIPLIB2010/30n20b8_50_50.mps.gz 
      master   with  7344 integer and 11036 binary variables (out of 18380 var.s) and   577 constr.s
      follower with  3628 integer and  5562 binary variables (out of 18380 var.s) and   288 constr.s
 --------------------------------------------------------------------------------------------------------------------------------------------------------

CPXPARAM_Simplex_Tolerances_Feasibility          1.0000000000000001e-09
CPXPARAM_Preprocessing_Presolve                  0
CPXPARAM_TimeLimit                               3599.8283733259887
CPXPARAM_Preprocessing_Reduce                    0
CPXPARAM_Preprocessing_Linear                    0
CPXPARAM_WorkMem                                 12000
CPXPARAM_Threads                                 24
CPXPARAM_Parallel                                -1
CPXPARAM_MIP_Tolerances_MIPGap                   1.0000000000000001e-09
CPXPARAM_MIP_Tolerances_Integrality              0
CPXPARAM_MIP_Display                             4
CPXPARAM_MIP_Strategy_File                       3
CPXPARAM_MIP_Limits_Nodes                        0
CPXPARAM_MIP_Strategy_StartAlgorithm             6
CPXPARAM_MIP_Strategy_VariableSelect             3
CPXPARAM_MIP_Strategy_HeuristicFreq              -1
CPXPARAM_MIP_Strategy_Probe                      3
CPXPARAM_MIP_Strategy_CallbackReducedLP          0
CPXPARAM_MIP_Strategy_RINSHeur                   -1
Warning: Control callbacks may disable some MIP features.
Dual steepest-edge pricing selected.
Probing fixed 5316 vars, tightened 0 bounds.
Probing time = 0.46 sec. (42.23 ticks)
Clique table members: 8460.
MIP emphasis: balance optimality and feasibility.
MIP search method: traditional branch-and-cut.
Parallel mode: opportunistic, using up to 24 threads.
Parallel mode: opportunistic, using up to 24 threads for concurrent optimization.
Initializing dual steep norms . . .

Iteration log . . .
Iteration:     1   Dual objective     =             0.000000
Perturbation started.
Iteration:   101   Dual objective     =             0.000000
Iteration:   205   Dual objective     =             0.000008
Iteration:   296   Dual objective     =             0.000015
Iteration:   395   Dual objective     =             0.000036
Iteration:   484   Dual objective     =             0.000055
Iteration:   570   Dual objective     =             0.000076
Iteration:   652   Dual objective     =             0.000144
Iteration:   736   Dual objective     =             0.001389
Iteration:   830   Dual objective     =             0.012795
Iteration:   928   Dual objective     =             0.014715
Iteration:  1029   Dual objective     =             0.024558
Iteration:  1139   Dual objective     =            35.265095
Iteration:  1228   Dual objective     =            38.032213
Iteration:  1310   Dual objective     =            38.380597
Iteration:  1407   Dual objective     =            39.372248
Iteration:  1500   Dual objective     =            39.373540
Iteration:  1584   Dual objective     =            39.483907
Iteration:  1661   Dual objective     =            39.512512
Iteration:  1745   Dual objective     =           111.294955
Iteration:  1823   Dual objective     =           113.109213
Iteration:  1897   Dual objective     =           117.066948
Iteration:  1968   Dual objective     =           118.713624
Iteration:  2046   Dual objective     =           119.251892
Removing perturbation.

Barrier solved model.

Root relaxation solution time = 0.18 sec. (83.08 ticks)

        Nodes                                         Cuts/
   Node  Left     Objective  IInf  Best Integer    Best Bound    ItCnt     Gap

      0     0      122.8177   197                    122.8177       25         
      0     0      124.4836   220                    Cuts: 20      575         
      0     0      125.9079   225                    Cuts: 11      959         
      0     0      137.8461   222                    Cuts: 23     2060         
      0     0      137.9376   219                    Cuts: 24     2151         
      0     0      138.0227   235                ZeroHalf: 21     2351         
      0     0      138.0603   237                ZeroHalf: 12     2437         
      0     0      138.0671   233                    Cuts: 12     2509         
      0     0      138.0754   241                ZeroHalf: 11     2578         

Clique cuts applied:  1
Mixed integer rounding cuts applied:  1
Zero-half cuts applied:  44
Gomory fractional cuts applied:  2

Root node processing (before b&c):
  Real time             =    7.72 sec. (11553.55 ticks)
Parallel b&c, 24 threads:
  Real time             =    0.00 sec. (0.00 ticks)
  Sync time (average)   =    0.00 sec.
  Wait time (average)   =    0.00 sec.
                          ------------
Total (root+branch&cut) =    7.72 sec. (11553.55 ticks)
CPLEX Error  1217: No solution exists.
CPLEX Error  1217: No solution exists.
CPXPARAM_Simplex_Tolerances_Feasibility          1.0000000000000001e-09
CPXPARAM_Preprocessing_Presolve                  0
CPXPARAM_TimeLimit                               3592.1057162731886
CPXPARAM_Preprocessing_Reduce                    0
CPXPARAM_Preprocessing_Linear                    0
CPXPARAM_WorkMem                                 12000
CPXPARAM_Threads                                 24
CPXPARAM_Parallel                                -1
CPXPARAM_MIP_Tolerances_UpperCutoff              1e+20
CPXPARAM_MIP_Tolerances_MIPGap                   1.0000000000000001e-09
CPXPARAM_MIP_Tolerances_Integrality              0
CPXPARAM_MIP_Display                             4
CPXPARAM_MIP_Strategy_File                       3
CPXPARAM_MIP_Strategy_StartAlgorithm             6
CPXPARAM_MIP_Strategy_VariableSelect             3
CPXPARAM_MIP_Strategy_HeuristicFreq              -1
CPXPARAM_MIP_Strategy_Probe                      3
CPXPARAM_MIP_Strategy_CallbackReducedLP          0
CPXPARAM_MIP_Strategy_RINSHeur                   -1
Warning: Control callbacks may disable some MIP features.
Dual steepest-edge pricing selected.
MIP emphasis: balance optimality and feasibility.
MIP search method: traditional branch-and-cut.
Parallel mode: opportunistic, using up to 24 threads.

        Nodes                                         Cuts/
   Node  Left     Objective  IInf  Best Integer    Best Bound    ItCnt     Gap

      0     0      138.0957   246                ZeroHalf: 12     2678         
      0     0      138.1015   241                 ZeroHalf: 9     2729         
      0     0      138.1059   245                ZeroHalf: 11     2776         
      0     0      138.1113   253                ZeroHalf: 14     2818         
      0     0      138.1278   250                 ZeroHalf: 6     2905         
      0     0      138.1292   247                 ZeroHalf: 8     2942         
      0     1    infeasible                          138.1294     2942         
Elapsed time = 1.74 sec. (1167.30 ticks, tree = 0.01 MB, solutions = 0)
     77    17      453.0000   114                    151.0000    21380         
                                                      Cuts: 8                  
    222    11      453.0000    72                    151.0000    17666         
    384    38      353.0000   113                    151.0000    30352         
    572    73      453.0000    71                    151.0000    33468         
    808    77      353.0000   106                    151.0000    35536         
   1036    79      353.0000   103                    151.0000    34331         
   1248    92      353.0000   103                    151.0000    34346         
                                                      Cuts: 2                  
   1475   107      353.0000    86                    151.0000    38095         
   1712    94      353.0000   111                    151.0000    30036         
   2767   120      353.0000   101                    151.0000    35653         
Elapsed time = 62.48 sec. (4278.78 ticks, tree = 5.10 MB, solutions = 0)
   4051   175      453.0000    51                    151.0000    34982         
   5085   363      453.0000    53                    151.0000    42607         
   5995   535      351.0000   131                    151.0000    55413         
*  6332   591      integral     0      553.0000      151.0000    53283   72.69%
Found incumbent of value 553.000000 after 131.01 sec. (7490.09 ticks)
   6835   436      353.0000   113      553.0000      151.0000    46898   72.69%
   7599   977      453.0000    42      553.0000      151.0000    85118   72.69%
   8188  1303      453.0000    33      553.0000      151.0000   122838   72.69%
   8740   564      351.0000   126      553.0000      151.0000    56280   72.69%
                                                      Cuts: 2                  
   9288   807      402.0000   119      553.0000      151.0000    67519   72.69%
  10021  1391      353.0000   100      553.0000      151.0000    71854   72.69%
  10645  1113      251.0000   143      553.0000      151.0000    68487   72.69%
Elapsed time = 215.65 sec. (13825.84 ticks, tree = 16.27 MB, solutions = 2)
  11189  1170      402.0000    42      553.0000      151.0000   111141   72.69%
  11746  1435      453.0000    71      553.0000      151.0000    80050   72.69%
                                                      Cuts: 2                  
  12441  1631      251.0000   145      553.0000      151.0000    80005   72.69%
  13413  1172      251.0000   137      402.0000      151.0000   114665   62.44%
  14062  1727      453.0000    56      402.0000      151.0000   185737   62.44%
  14604  1460      302.0000    99      402.0000      151.0000   140527   62.44%
  15096  1510      253.0000   135      402.0000      151.0000   242822   62.44%
  15684  1413      353.0000   104      402.0000      151.0000   138126   62.44%
  16185  1588      302.0000    81      402.0000      151.0000   260901   62.44%
  16805  2008      253.0000   133      402.0000      151.0000   237865   62.44%
Elapsed time = 349.11 sec. (23380.56 ticks, tree = 18.63 MB, solutions = 4)
  17375  1795      302.0000    74      402.0000      151.0000   176992   62.44%
  17986  1499      302.0000   121      402.0000      151.0000   143323   62.44%
  18739  2116      402.0000    79      402.0000      151.0000   232475   62.44%
  19470  2125      402.0000    33      402.0000      151.0000   232729   62.44%
  20183  1613      353.0000    61      402.0000      151.0000   275651   62.44%
  20847  1795      302.0000   109      402.0000      151.0000   166670   62.44%
  21495  1639      353.0000    49      402.0000      151.0000   294492   62.44%
                                                      Cuts: 2                  
  22243  2543      302.0000    38      402.0000      151.0000   449717   62.44%
  22970  2285      353.0000    46      402.0000      151.0000   392510   62.44%
                                                      Cuts: 2                  
  23745  1628      353.0000    48      402.0000      151.0000   267980   62.44%
Elapsed time = 502.68 sec. (32928.77 ticks, tree = 14.45 MB, solutions = 6)
  24466  2572      307.6667    34      402.0000      151.0000   450890   62.44%
                                                      Cuts: 4                  
* 25296  1570      integral     0      353.0000      151.0000   281886   57.22%
Found incumbent of value 353.000000 after 520.88 sec. (34746.40 ticks)
  25392  1657      302.0000   106      353.0000      151.0000   296421   57.22%
  26108  2150      353.0000    42      353.0000      151.0000   380876   57.22%
  26590  2353      251.0000   103      353.0000      151.0000   393875   57.22%
  27272  2079      453.0000    45      353.0000      151.0000   262919   57.22%
  28154  1611      353.0000    53      353.0000      151.0000   261425   57.22%
  28868  1918      202.0000   127      353.0000      151.0000   350932   57.22%
* 29108  1910      integral     0      302.0000      151.0000   629980   50.00%
Found incumbent of value 302.000000 after 571.34 sec. (39901.02 ticks)
  29700  1208      253.0000   153      302.0000      151.0000   668365   50.00%
  30407  1665      253.0000   128      302.0000      151.0000   281925   50.00%
  31107  2402      302.0000    46      302.0000      151.0000   409964   50.00%
Elapsed time = 612.58 sec. (42481.58 ticks, tree = 0.30 MB, solutions = 10)
  31802  2166      302.0000    36      302.0000      151.0000   384403   50.00%
  32605  2726      302.0000    50      302.0000      151.0000   467963   50.00%
                                                      Cuts: 6                  
  33612   547    infeasible            302.0000      151.0000   988624   50.00%
  34516  1721      353.0000    38      302.0000      151.0000   318244   50.00%
                                                      Cuts: 2                  
  35540   910      253.0000    91      302.0000      151.0000   771813   50.00%
  36517  1593      202.0000   127      302.0000      151.0000   567138   50.00%
  37311  2824      302.0000    50      302.0000      151.0000   470774   50.00%
  37965  1905      302.0000    48      302.0000      151.0000   325566   50.00%
  38932  1603      302.0000    43      302.0000      151.0000   566377   50.00%
  39882   617      253.0000    45      302.0000      151.0000   882343   50.00%
Elapsed time = 802.20 sec. (52029.65 ticks, tree = 4.19 MB, solutions = 11)
  40955  2238      202.0000   100      302.0000      151.0000   416134   50.00%
  42225  2730      202.0000   128      302.0000      151.0000   474096   50.00%
                                                      Cuts: 2                  
  43565   605      253.0000    80      302.0000      151.0000   884589   50.00%
  44931  1691      302.0000    41      302.0000      151.0000   588260   50.00%
  46013  2765      302.0000    42      302.0000      151.0000   475327   50.00%
  46972  1102      253.0000   101      302.0000      151.0000   682366   50.00%
  48071   679    infeasible            302.0000      151.0000  1382347   50.00%
  49407  1731      302.0000    47      302.0000      151.0000   584693   50.00%
  50568  2323      151.0000   158      302.0000      151.0000   419125   50.00%
  51867  1740      302.0000    15      302.0000      151.0000   585581   50.00%
Elapsed time = 968.66 sec. (61576.35 ticks, tree = 9.09 MB, solutions = 11)
  53090  1745      302.0000    40      302.0000      151.0000   586644   50.00%
  54334   543      253.0000    85      302.0000      151.0000   986249   50.00%
  55269   707      253.0000    60      302.0000      151.0000  1240749   50.00%
  56230   687      251.0000    82      302.0000      151.0000  1392615   50.00%
                                                      Cuts: 2                  
  57130  2877      353.0000    34      302.0000      151.0000   498894   50.00%
  57934   610    infeasible            302.0000      151.0000  1310539   50.00%
  58686   815      202.0000   129      302.0000      151.0000  1460931   50.00%
  59575   552      265.7802    90      302.0000      151.0000   987596   50.00%
                                                      Cuts: 2                  
  60535  1835      302.0000    45      302.0000      151.0000   584789   50.00%
  61530  1719      202.0000   119      302.0000      151.0000   632993   50.00%
Elapsed time = 1151.44 sec. (71118.94 ticks, tree = 17.40 MB, solutions = 11)
  62560   991      253.0000   130      302.0000      151.0000   759523   50.00%
  63795   706      251.0000    71      302.0000      151.0000  1403641   50.00%
  64740   707      251.0000    59      302.0000      151.0000  1405892   50.00%
  65709   516      253.0000    40      302.0000      151.0000   958059   50.00%
  66640   520      253.0000    50      302.0000      151.0000   959030   50.00%
  67514   520      253.0000    55      302.0000      151.0000   959571   50.00%
  68487   649      253.0000    76      302.0000      151.0000  1347634   50.00%
                                                      Cuts: 2                  
  69372  1955      151.0000   155      302.0000      151.0000   645133   50.00%
  70539   623      253.0000    66      302.0000      151.0000  1161254   50.00%
  71592   706      251.0000    68      302.0000      151.0000  1416300   50.00%
Elapsed time = 1469.32 sec. (80665.42 ticks, tree = 26.64 MB, solutions = 11)
  72635   608      253.0000   102      302.0000      151.0000  1318952   50.00%
  73741   711      253.0000    99      302.0000      151.0000  1264029   50.00%
  74760   861      202.0000   130      302.0000      151.0000  1466281   50.00%
  75751  2965      202.0000   115      302.0000      151.0000  2618013   50.00%
  76741  2324      202.0000    92      302.0000      151.0000  2098905   50.00%
  77814  1029    infeasible            302.0000      151.0000   721925   50.00%
  79132  2352      202.0000    97      302.0000      151.0000  2103246   50.00%
  80123   757      202.0000   125      302.0000      151.0000  1258825   50.00%
  81270   607    infeasible            302.0000      151.0000  1327677   50.00%
  85774   707      251.0000    62      302.0000      151.0000  1436473   50.00%
Elapsed time = 1788.50 sec. (93070.38 ticks, tree = 27.01 MB, solutions = 11)
  90861   706      253.0000    67      302.0000      151.0000  1391887   50.00%
  95228   710      251.0000    65      302.0000      151.0000  1443442   50.00%
  99599  2085      151.0000   166      302.0000      151.0000  1833510   50.00%
 103283  2352      202.0000   100      302.0000      202.0000  1971717   33.11%
 106655  3625      253.0000    41      302.0000      202.0000  3173332   33.11%
 111102  3562    infeasible            302.0000      202.0000  3193020   33.11%
 115553  2850      253.0000    63      302.0000      202.0000  2634998   33.11%
 119902  4412      253.0000    81      302.0000      202.0000  3997869   33.11%
                                                      Cuts: 2                  
 124059  3623      253.0000    81      302.0000      202.0000  3433168   33.11%
 128966  4404      253.0000    84      302.0000      202.0000  4002987   33.11%
Elapsed time = 2381.53 sec. (131225.02 ticks, tree = 31.42 MB, solutions = 11)
 134238  3794      202.0000   120      302.0000      202.0000  3402766   33.11%
 140383  3995    infeasible            302.0000      202.0000  3382388   33.11%
 146600  3124      202.0000   119      302.0000      202.0000  2556571   33.11%
 153465  2822      253.0000    56      302.0000      202.0000  2645353   33.11%
 160161  3647    infeasible            302.0000      202.0000  3424314   33.11%
 166600  2853    infeasible            302.0000      202.0000  2720403   33.11%
 173200  4568    infeasible            302.0000      202.0000  4419435   33.11%
 179809  3603      253.0000    70      302.0000      202.0000  3495750   33.11%
 186091  3532      253.0000    75      302.0000      202.0000  3215011   33.11%
 192722  2925      253.0000    66      302.0000      202.0000  2738815   33.11%
Elapsed time = 3253.03 sec. (169379.23 ticks, tree = 25.45 MB, solutions = 11)
 199592  4223      253.0000    95      302.0000      202.0000  4175792   33.11%
 207407  4142      253.0000   100      302.0000      202.0000  4219141   33.11%
 214937  4321      253.0000    86      302.0000      202.0000  4056984   33.11%
 222623  4532      202.0000   105      302.0000      202.0000  3754650   33.11%
 229868  4045    infeasible            302.0000      202.0000  3488701   33.11%
 237216  4120    infeasible            302.0000      202.0000  4242806   33.11%
 244657  3860      151.0000   167      302.0000      202.0000  3555857   33.11%
 252122  4256        cutoff            302.0000      202.0000  4347690   33.11%
 260511  4293      253.0000    78      302.0000      202.0000  4091383   33.11%
 268370  4816      253.0000    89      302.0000      202.0000  4973890   33.11%
Elapsed time = 3592.70 sec. (207532.98 ticks, tree = 64.93 MB, solutions = 11)
 276821  4490      253.0000    80      302.0000      202.0000  5723491   33.11%
 285366  4266      253.0000    76      302.0000      202.0000  4016668   33.11%
 293660  4262      253.0000    82      302.0000      202.0000  4020680   33.11%
 300107  4361      253.0000    83      302.0000      202.0000  4366401   33.11%
 305731  4166      253.0000    80      302.0000      202.0000  6169194   33.11%
 311181  4163    infeasible            302.0000      202.0000  6084317   33.11%
 315659  4818      253.0000    64      302.0000      202.0000  5018867   33.11%
 319813  4641    infeasible            302.0000      202.0000  4589750   33.11%
 324077  4448      253.0000   125      302.0000      202.0000  5589192   33.11%
 327517  4592      253.0000    59      302.0000      202.0000  5396924   33.11%
Elapsed time = 3592.72 sec. (245688.84 ticks, tree = 64.93 MB, solutions = 11)
 330786  4304      253.0000    69      302.0000      202.0000  6244366   33.11%
 334427  4464      253.0000    86      302.0000      202.0000  5609437   33.11%
 337118  4301      253.0000    61      302.0000      202.0000  6269354   33.11%
 339601  4603      253.0000    85      302.0000      202.0000  5243103   33.11%
 341727  4650    infeasible            302.0000      202.0000  5170030   33.11%
 343551  4586      253.0000    86      302.0000      202.0000  5252675   33.11%
 344631  4617      253.0000    89      302.0000      202.0000  5232127   33.11%
 345543  4404      253.0000   107      302.0000      202.0000  5750708   33.11%
 346126  4429        cutoff            302.0000      202.0000  5761292   33.11%
 346686  4221      253.0000    65      302.0000      202.0000  6090188   33.11%
Elapsed time = 3592.72 sec. (283862.94 ticks, tree = 64.93 MB, solutions = 11)
 347178  4382      253.0000    83      302.0000      202.0000  5789140   33.11%
 347722  4264    infeasible            302.0000      202.0000  6122081   33.11%
 348311  4283      253.0000    74      302.0000      202.0000  6137559   33.11%
 348777  4170      253.0000    50      302.0000      202.0000  6088340   33.11%
 349231  4338      253.0000    82      302.0000      202.0000  6294628   33.11%
 349577  4352      251.0000    62      302.0000      202.0000  6300563   33.11%
 349776  4264      251.0000    68      302.0000      202.0000  6510325   33.11%
 349992  4232      251.0000    71      302.0000      202.0000  6550759   33.11%

Clique cuts applied:  2
Cover cuts applied:  1
Mixed integer rounding cuts applied:  1
Zero-half cuts applied:  71
Gomory fractional cuts applied:  2

Root node processing (before b&c):
  Real time             =    1.01 sec. (1166.05 ticks)
Parallel b&c, 24 threads:
  Real time             = 3591.74 sec. (314065.21 ticks)
  Sync time (average)   =    9.22 sec.
  Wait time (average)   =    1.26 sec.
                          ------------
Total (root+branch&cut) = 3592.74 sec. (315231.26 ticks)


 >>>> Final solution: leader objective value 302.0000000000 (cplex value 302.0000000000 truecost 302.0000000000) time    3600.64 <<<<



 OK: feasibility check passed with cost 302.000000 and f* 0.00000000000000000000 vs Phi(x*) 0.00000000000000000000

STAH; input_file ; zbest ; final_bound ; root_bound; time (s.); root_time (s.); opt ;nodes ; %root_gap; %final_gap; setting 
STAT; /home/utr_thuerauf/projects/bilevel-library/code-mergen/data/MIPLIB2010/30n20b8_50_50.mps.gz ; 302.000000 ; 202.000000  ; 138.075376 ; 3600.641556 ; 7.894276 ; 0 ;350042 ; 54.279677 ; 33.112583 ; 4 


-------------------------------------------------------------------------------------------------------------------------
 BEST SOLUTION AVAILABLE FOR /home/utr_thuerauf/projects/bilevel-library/code-mergen/data/MIPLIB2010/30n20b8_50_50.mps.gz 
 LEADER COST 302.000000 FOLLOWER COST 0.000000

          R_Mechaniker                   2.0000000000
           R_Techniker                   2.0000000000
                   S_1                   7.0000000000
               x_1_1_7                   1.0000000000
                   C_1                  16.0000000000
                   C_2                   7.0000000000
               x_2_2_0                   1.0000000000
                   S_3                   8.0000000000
               x_3_2_8                   1.0000000000
                   C_3                  13.0000000000
                   S_4                 137.0000000000
             x_4_1_137                   1.0000000000
                   C_4                 144.0000000000
                   S_5                  25.0000000000
              x_5_2_25                   1.0000000000
                   C_5                  31.0000000000
                   S_6                 150.0000000000
             x_6_2_150                   1.0000000000
                   C_6                 158.0000000000
                   S_7                  61.0000000000
              x_7_2_61                   1.0000000000
                   C_7                  66.0000000000
                   S_8                 107.0000000000
             x_8_2_107                   1.0000000000
                   C_8                 113.0000000000
                   S_9                 127.0000000000
             x_9_2_127                   1.0000000000
                   C_9                 132.0000000000
                  S_10                 134.0000000000
            x_10_2_134                   1.0000000000
                  C_10                 137.0000000000
                  S_11                  50.0000000000
             x_11_1_50                   1.0000000000
                  C_11                  61.0000000000
                  S_12                  81.0000000000
             x_12_2_81                   1.0000000000
                  C_12                  86.0000000000
                  S_13                  78.0000000000
             x_13_2_78                   1.0000000000
                  C_13                  84.0000000000
                  S_14                 150.0000000000
            x_14_2_150                   1.0000000000
                  C_14                 158.0000000000
                  S_15                 176.0000000000
            x_15_1_176                   1.0000000000
                  C_15                 183.0000000000
                  S_16                  16.0000000000
             x_16_2_16                   1.0000000000
                  C_16                  19.0000000000
                  S_17                  85.0000000000
             x_17_2_85                   1.0000000000
                  C_17                  90.0000000000
                  S_18                 158.0000000000
            x_18_2_158                   1.0000000000
                  C_18                 163.0000000000
                  S_19                  31.0000000000
             x_19_2_31                   1.0000000000
                  C_19                  39.0000000000
                  S_20                 183.0000000000
            x_20_1_183                   1.0000000000
                  C_20                 195.0000000000
                  S_21                  39.0000000000
             x_21_2_39                   1.0000000000
                  C_21                  45.0000000000
                  S_22                  90.0000000000
             x_22_2_90                   1.0000000000
                  C_22                  93.0000000000
                  S_23                 164.0000000000
            x_23_2_164                   1.0000000000
                  C_23                 170.0000000000
                  S_24                 100.0000000000
            x_24_2_100                   1.0000000000
                  C_24                 107.0000000000
                  S_25                 202.0000000000
            x_25_2_202                   1.0000000000
                  C_25                 206.0000000000
                  S_26                 186.0000000000
            x_26_2_186                   1.0000000000
                  C_26                 192.0000000000
                  S_27                 206.0000000000
            x_27_2_206                   1.0000000000
                  C_27                 212.0000000000
                  S_28                 112.0000000000
            x_28_2_112                   1.0000000000
                  C_28                 120.0000000000
                  S_29                 200.0000000000
            x_29_1_200                   1.0000000000
                  C_29                 205.0000000000
                  S_30                 207.0000000000
            x_30_2_207                   1.0000000000
                  C_30                 212.0000000000
-------------------------------------------------------------------------------------------------------------------------

