License for 'CIBOL Team' expires on Tue Aug  9 02:00:00 2039
 
../bilevel -mpsfile /home/utr_thuerauf/projects/bilevel-library/code-mergen/data/MIPLIB2010/30n20b8_0_100.mps.gz -auxfile /home/utr_thuerauf/projects/bilevel-library/code-mergen/data/MIPLIB2010/30n20b8_0_100.aux -time_limit 3600 
... using custom setting 4
The chosen setting is MIX++


available parameters --------------------------------------------------
-mpsfile /home/utr_thuerauf/projects/bilevel-library/code-mergen/data/MIPLIB2010/30n20b8_0_100.mps.gz (the input file, part 1, needs to end with .mps; see readme.md for details on the format)
-auxfile /home/utr_thuerauf/projects/bilevel-library/code-mergen/data/MIPLIB2010/30n20b8_0_100.aux (the input file, part 2, needs to end with .aux; only needs to be given if differently named as the mps-file)
-time_limit, 3600 (in seconds, default: 3600)
-available_memory, 12000 (in MB, default: 12000)
-nodefile . (location for CPLEX nodefile to be used if available_memory is exhausted, default: current directory)
-num_threads, 0 (0: all available (default); note: opportunistic mode of CPLEX, to change see next option)
-randomseed, 0 (negative seed turns on deterministic multithread mode of CPLEX, default: 0)
-node_limit, -1 (-1: no limit (default))
-cplex_cuts, 1 (0: off, 1: normal (default), 2: moderate, 3: aggressive)
-print_sol, 1 (0: no, 1: print nonzero entries of the final solution (default), 2: print also the zero entries)
-setting, 4 (see below for description, default: MIX++)
 ----------------------------------------------------------------------------------------------

AVAILABLE SETTINGS------------------------------------------------------------------------------
1 SEP1++
2 SEP2++
3 XU++
4 MIX++
21 SEP1+F
22 SEP2+F
23 XU+F
24 MIX+F
31 SEP1+P
32 SEP2+P
33 XU+P
34 MIX+P
41 SEP1
42 SEP2
43 XU
44 MIX
98 HC
99 HC++
----------------------------------------------------------------------------------------------

 ... Cplex in opportunistic mode with 24 thread(s)
Selected objective sense:  MINIMIZE
Selected objective  name:  Obj
Selected RHS        name:  rhs
Selected bound      name:  bnd
HPR has 18380 cols
Original HPR has 576 rows
Updated HPR has 666 rows
Follower variables integer 1 binary 0
Leader variables integer 1 binary 0
Problem variables integer 1 binary 0
Body has 667 rows 
Leader objective all integer (var+coeff?) 1
Follower objective all integer (var+coeff?) 1
Leader all integer (obj+cons+var?) 1
Follower all integer (obj+cons+var?) 1
Leader has 9190 cols
Leader has 0 rows
Follower has 9190 cols
Follower has 666 rows



 -------------- PROBLEM STATISTICS for /home/utr_thuerauf/projects/bilevel-library/code-mergen/data/MIPLIB2010/30n20b8_0_100.mps.gz 
      master   with  7344 integer and 11036 binary variables (out of 18380 var.s) and   666 constr.s
      follower with  3628 integer and  5562 binary variables (out of 18380 var.s) and   666 constr.s
 --------------------------------------------------------------------------------------------------------------------------------------------------------

CPXPARAM_Simplex_Tolerances_Feasibility          1.0000000000000001e-09
CPXPARAM_Preprocessing_Presolve                  0
CPXPARAM_TimeLimit                               3599.7345379516482
CPXPARAM_Preprocessing_Reduce                    0
CPXPARAM_Preprocessing_Linear                    0
CPXPARAM_WorkMem                                 12000
CPXPARAM_Threads                                 24
CPXPARAM_Parallel                                -1
CPXPARAM_MIP_Tolerances_MIPGap                   1.0000000000000001e-09
CPXPARAM_MIP_Tolerances_Integrality              0
CPXPARAM_MIP_Display                             4
CPXPARAM_MIP_Strategy_File                       3
CPXPARAM_MIP_Limits_Nodes                        0
CPXPARAM_MIP_Strategy_StartAlgorithm             6
CPXPARAM_MIP_Strategy_VariableSelect             3
CPXPARAM_MIP_Strategy_HeuristicFreq              -1
CPXPARAM_MIP_Strategy_Probe                      3
CPXPARAM_MIP_Strategy_CallbackReducedLP          0
CPXPARAM_MIP_Strategy_RINSHeur                   -1
Warning: Control callbacks may disable some MIP features.
Dual steepest-edge pricing selected.
Probing fixed 5142 vars, tightened 0 bounds.
Probing time = 0.54 sec. (51.31 ticks)
Clique merging time = 10.83 sec. (17428.36 ticks)
Clique table members: 9673.
MIP emphasis: balance optimality and feasibility.
MIP search method: traditional branch-and-cut.
Parallel mode: opportunistic, using up to 24 threads.
Parallel mode: opportunistic, using up to 24 threads for concurrent optimization.

Iteration log . . .
Iteration:     1   Dual objective     =             0.000000
Perturbation started.
Iteration:   101   Dual objective     =             0.000000
Iteration:   205   Dual objective     =             0.000007
Iteration:   309   Dual objective     =             0.000016
Iteration:   419   Dual objective     =             0.000034
Iteration:   520   Dual objective     =             0.000057
Iteration:   626   Dual objective     =             0.000175
Iteration:   718   Dual objective     =             0.000512
Iteration:   810   Dual objective     =             0.001279
Iteration:   919   Dual objective     =             0.002979
Iteration:  1016   Dual objective     =             0.003095
Iteration:  1117   Dual objective     =             0.007439
Iteration:  1211   Dual objective     =            78.871879
Iteration:  1296   Dual objective     =            99.127839
Iteration:  1375   Dual objective     =           105.222950
Iteration:  1454   Dual objective     =           111.566491
Iteration:  1538   Dual objective     =           113.678153
Iteration:  1620   Dual objective     =           115.772109
Iteration:  1715   Dual objective     =           118.057742
Iteration:  1787   Dual objective     =           119.916658
Iteration:  1868   Dual objective     =           120.706934
Iteration:  1948   Dual objective     =           121.593376
Iteration:  2034   Dual objective     =           121.827975
Iteration:  2118   Dual objective     =           122.190168
Iteration:  2211   Dual objective     =           122.270116
Iteration:  2299   Dual objective     =           122.340601
Iteration:  2417   Dual objective     =           122.344037
Iteration:  2515   Dual objective     =           122.588168
Removing perturbation.

Barrier solved model.

Root relaxation solution time = 0.23 sec. (101.57 ticks)

        Nodes                                         Cuts/
   Node  Left     Objective  IInf  Best Integer    Best Bound    ItCnt     Gap

      0     0      122.8177   198                    122.8177       25         
      0     0      128.3438   206                    Cuts: 31      908         
      0     0      138.0277   219                    Cuts: 32     1711         
      0     0      138.0923   222                    Cuts: 20     1875         
      0     0      138.1861   240                    Cuts: 27     2035         
      0     0      138.2173   247                    Cuts: 25     2182         
      0     0      138.3466   248                ZeroHalf: 18     2406         
      0     0      138.3613   257                    Cuts: 13     2628         
      0     0      138.4738   259                    Cuts: 10     2807         
      0     0      138.5545   260                 ZeroHalf: 8     2946         
      0     0      138.5565   267                 ZeroHalf: 5     2979         
      0     0      138.5612   272                     Cuts: 2     3014         

Clique cuts applied:  1
Mixed integer rounding cuts applied:  2
Zero-half cuts applied:  53
Gomory fractional cuts applied:  2

Root node processing (before b&c):
  Real time             =   13.90 sec. (20494.36 ticks)
Parallel b&c, 24 threads:
  Real time             =    0.00 sec. (0.00 ticks)
  Sync time (average)   =    0.00 sec.
  Wait time (average)   =    0.00 sec.
                          ------------
Total (root+branch&cut) =   13.90 sec. (20494.36 ticks)
CPLEX Error  1217: No solution exists.
CPLEX Error  1217: No solution exists.
CPXPARAM_Simplex_Tolerances_Feasibility          1.0000000000000001e-09
CPXPARAM_Preprocessing_Presolve                  0
CPXPARAM_TimeLimit                               3585.8313697166741
CPXPARAM_Preprocessing_Reduce                    0
CPXPARAM_Preprocessing_Linear                    0
CPXPARAM_WorkMem                                 12000
CPXPARAM_Threads                                 24
CPXPARAM_Parallel                                -1
CPXPARAM_MIP_Tolerances_UpperCutoff              1e+20
CPXPARAM_MIP_Tolerances_MIPGap                   1.0000000000000001e-09
CPXPARAM_MIP_Tolerances_Integrality              0
CPXPARAM_MIP_Display                             4
CPXPARAM_MIP_Strategy_File                       3
CPXPARAM_MIP_Strategy_StartAlgorithm             6
CPXPARAM_MIP_Strategy_VariableSelect             3
CPXPARAM_MIP_Strategy_HeuristicFreq              -1
CPXPARAM_MIP_Strategy_Probe                      3
CPXPARAM_MIP_Strategy_CallbackReducedLP          0
CPXPARAM_MIP_Strategy_RINSHeur                   -1
Warning: Control callbacks may disable some MIP features.
Dual steepest-edge pricing selected.
MIP emphasis: balance optimality and feasibility.
MIP search method: traditional branch-and-cut.
Parallel mode: opportunistic, using up to 24 threads.

        Nodes                                         Cuts/
   Node  Left     Objective  IInf  Best Integer    Best Bound    ItCnt     Gap

      0     0      138.5613   264                 ZeroHalf: 2     3038         
      0     0      138.5616   259                 ZeroHalf: 2     3090         
      0     0      138.5626   262                 ZeroHalf: 2     3146         
      0     1    infeasible                          138.5646     3146         
Elapsed time = 2.05 sec. (773.28 ticks, tree = 0.01 MB, solutions = 0)
     13    22      453.0000    95                    151.0000    18247         
                                                      Cuts: 4                  
     44    24      351.0000   147                    151.0000    18819         
                                                      Cuts: 4                  
     67    41      453.0000    98                    151.0000    21954         
    100    41      453.0000    85                    151.0000    22063         
    140    54      351.0000   136                    151.0000    25939         
    205    38      402.0000   142                    151.0000    25111         
    274    48      453.0000    52                    151.0000    22684         
    359    50      453.0000    49                    151.0000    23150         
                                                      Cuts: 2                  
*   385    52      integral     0      453.0000      151.0000    26989   66.67%
Found incumbent of value 453.000000 after 70.03 sec. (2773.91 ticks)
    456    60      351.0000   131      453.0000      151.0000    27122   66.67%
    940    45      453.0000    41      453.0000      151.0000    25044   66.67%
Elapsed time = 109.33 sec. (3903.98 ticks, tree = 7.22 MB, solutions = 1)
   1328   192      253.0000   115      453.0000      151.0000   105084   66.67%
   1526   189      402.0000    97      453.0000      151.0000    53974   66.67%
   1708   191      251.0000   174      453.0000      151.0000    62659   66.67%
   1931   198      251.0000   160      453.0000      151.0000    63396   66.67%
   2159   199      251.0000   145      453.0000      151.0000    89574   66.67%
   2372   299      351.0000   112      453.0000      151.0000   140789   66.67%
   2575   206      402.0000    61      453.0000      151.0000   111721   66.67%
   2782   452      251.0000   153      453.0000      151.0000   192168   66.67%
   2984   734      151.0000   163      453.0000      151.0000   315837   66.67%
   3176  1040      253.0000   120      453.0000      151.0000   395959   66.67%
Elapsed time = 216.63 sec. (13516.81 ticks, tree = 21.44 MB, solutions = 1)
   3366   709      351.0000   130      453.0000      151.0000   308169   66.67%
   3566   664      251.0000   157      453.0000      151.0000   283307   66.67%
   3763   867      302.0000   162      453.0000      151.0000   360492   66.67%
   3946  1727      202.0000   142      453.0000      151.0000   656852   66.67%
   4164   835      253.0000   115      453.0000      151.0000   345286   66.67%
   4393  1142      251.0000   139      453.0000      151.0000   445115   66.67%
   4638  1255      251.0000   144      453.0000      151.0000   479630   66.67%
   4903  1633      302.0000   179      453.0000      151.0000   630135   66.67%
   5207  1305      251.0000   163      453.0000      151.0000   516716   66.67%
   5442  1134      151.0000   166      402.0000      151.0000   444291   62.44%
Elapsed time = 279.71 sec. (23095.51 ticks, tree = 22.79 MB, solutions = 2)
   5671  1345      251.0000   120      402.0000      151.0000   511059   62.44%
   5913  2076      302.0000    90      402.0000      151.0000   967284   62.44%
   6168  1462      151.0000   162      402.0000      151.0000   570085   62.44%
   6427  1882      402.0000     6      402.0000      151.0000   727214   62.44%
   6672  1940      302.0000   114      402.0000      151.0000   739558   62.44%
   6868  1466      151.0000   182      402.0000      151.0000   573764   62.44%
   7073  1958      302.0000    79      402.0000      151.0000   743998   62.44%
   7295  1671      302.0000   130      402.0000      151.0000   640525   62.44%
   7554  2072      302.0000   157      402.0000      151.0000   795353   62.44%
   7790  2043      151.0000   182      402.0000      151.0000   783754   62.44%
Elapsed time = 405.15 sec. (32688.28 ticks, tree = 37.79 MB, solutions = 2)
   8059  1684      151.0000   167      402.0000      151.0000   643836   62.44%
                                                      Cuts: 4                  
   8412  2361      251.0000   111      402.0000      151.0000  1059333   62.44%
   8741  2091      302.0000   122      402.0000      151.0000   799377   62.44%
   8945  1880      151.0000   169      402.0000      151.0000   898122   62.44%
   9131  2086      353.0000    48      402.0000      151.0000   786232   62.44%
   9299  3035      202.0000   146      402.0000      151.0000  1354054   62.44%
   9485  2243      151.0000   175      402.0000      151.0000   856868   62.44%
   9720  2297      202.0000   130      402.0000      151.0000  1048668   62.44%
   9949  1904      151.0000   158      402.0000      151.0000   906702   62.44%
  10217  2314      202.0000   143      402.0000      151.0000  1050677   62.44%
Elapsed time = 614.76 sec. (42263.12 ticks, tree = 49.20 MB, solutions = 3)
  10461  2532      353.0000    95      402.0000      151.0000  1151690   62.44%
  10680  2325      302.0000   136      353.0000      151.0000   883970   57.22%
  10875  1956      302.0000    97      353.0000      151.0000   942552   57.22%
  11059  3062      302.0000    91      353.0000      151.0000  1365072   57.22%
  11248  3149      251.0000   109      353.0000      151.0000  1865082   57.22%
  11453  1915      302.0000    75      353.0000      151.0000   920106   57.22%
  11692  2170      302.0000   109      353.0000      151.0000  1026456   57.22%
  11974  1946      302.0000    99      353.0000      151.0000   935637   57.22%
  12224  2132      202.0000   164      353.0000      151.0000   991600   57.22%
  12445  1953      302.0000    98      353.0000      151.0000   938582   57.22%
Elapsed time = 678.30 sec. (51837.98 ticks, tree = 59.39 MB, solutions = 3)
  12660  1957      302.0000    85      353.0000      151.0000   940395   57.22%
  12858  2688      151.0000   198      353.0000      151.0000  1203928   57.22%
  13047  1973      302.0000    67      353.0000      151.0000   953850   57.22%
  13221  3771      151.0000   179      353.0000      151.0000  1625012   57.22%
  13396  3828      151.0000   193      302.0000      151.0000  1637907   50.00%
  13590  3121      302.0000    98      302.0000      151.0000  1393436   50.00%
  13826  2994      151.0000   186      302.0000      151.0000  1316464   50.00%
  14049  3330      151.0000   160      302.0000      151.0000  1448291   50.00%
                                                      Cuts: 6                  
  14225  2050      151.0000   162      302.0000      151.0000  2578630   50.00%
  14408  3127      151.0000   197      302.0000      151.0000  1380325   50.00%
Elapsed time = 755.95 sec. (61431.01 ticks, tree = 20.85 MB, solutions = 4)
  14584  3480      351.0000    84      302.0000      151.0000  1517571   50.00%
  14756  3481      351.0000    81      302.0000      151.0000  1518292   50.00%
  14928  3484      202.0000   171      302.0000      151.0000  1519588   50.00%
  15112  2772      302.0000    59      302.0000      151.0000  1247069   50.00%
  15292  2888      151.0000   166      302.0000      151.0000  1769252   50.00%
  15464  2948      151.0000   164      302.0000      151.0000  1809274   50.00%
  15660  2758      251.0000   152      302.0000      151.0000  1694487   50.00%
  15856  2957      151.0000   147      302.0000      151.0000  1810857   50.00%
  16104  2924      151.0000   180      302.0000      151.0000  1291460   50.00%
  16344  4214      251.0000   141      302.0000      151.0000  2205189   50.00%
Elapsed time = 793.42 sec. (71010.77 ticks, tree = 23.32 MB, solutions = 4)
  16555  3893      302.0000    67      302.0000      151.0000  1667242   50.00%
  16741  3591      302.0000    70      302.0000      151.0000  1555038   50.00%
  16901  3184      151.0000   172      302.0000      151.0000  1411309   50.00%
  17068  2942      302.0000    79      302.0000      151.0000  1785687   50.00%
  17264  3608      302.0000    59      302.0000      151.0000  1988357   50.00%
  17451  3229      251.0000   162      302.0000      151.0000  1919666   50.00%
  17627  2978        cutoff            302.0000      151.0000  1829180   50.00%
  17831  3635      202.0000   116      302.0000      151.0000  1562810   50.00%
  18040  3669      151.0000   162      302.0000      151.0000  2033108   50.00%
  18257  3424      151.0000   192      302.0000      151.0000  1944514   50.00%
Elapsed time = 872.39 sec. (80586.79 ticks, tree = 31.56 MB, solutions = 4)
  18466  2991      151.0000   167      302.0000      151.0000  1837113   50.00%
  18700  3976      202.0000   120      302.0000      151.0000  1680238   50.00%
  18917  3599      302.0000    45      302.0000      151.0000  1563629   50.00%
  19132  3003      151.0000   156      302.0000      151.0000  1796769   50.00%
  19341  3272      302.0000    56      302.0000      151.0000  1931130   50.00%
  19575  3831      353.0000    64      302.0000      151.0000  1634273   50.00%
  19789  3616      151.0000   185      302.0000      151.0000  1567543   50.00%
  20040  3841      302.0000    98      302.0000      151.0000  1641311   50.00%
  20270  3038      151.0000   155      302.0000      151.0000  1801886   50.00%
  21140  3106      151.0000   167      302.0000      151.0000  1846657   50.00%
Elapsed time = 916.37 sec. (93022.22 ticks, tree = 37.64 MB, solutions = 4)
  21873  3313      251.0000   175      302.0000      151.0000  1949515   50.00%
                                                     Cuts: 10                  
  22604  2891      251.0000   127      302.0000      151.0000  1784134   50.00%
  23435  3450      302.0000   141      302.0000      151.0000  1957816   50.00%
  24297  2577      151.0000   148      302.0000      151.0000  3206913   50.00%
  25071  2903      151.0000   183      302.0000      151.0000  3357764   50.00%
  25745  4182      151.0000   171      302.0000      151.0000  2204315   50.00%
  26367  2043      151.0000   168      302.0000      151.0000  2534511   50.00%
  27051  2060      151.0000   147      302.0000      151.0000  2539951   50.00%
  27721  2959      202.0000   125      302.0000      151.0000  3392808   50.00%
  28324  2327      151.0000   158      302.0000      151.0000  2945761   50.00%
                                                      Cuts: 4                  
Elapsed time = 1211.85 sec. (131197.17 ticks, tree = 76.16 MB, solutions = 4)
  28972  3862      151.0000   147      302.0000      151.0000  4017721   50.00%
  29586  4143      151.0000   163      302.0000      151.0000  4239013   50.00%
                                                      Cuts: 2                  
  30299  3340      151.0000   184      302.0000      151.0000  3686374   50.00%
  30986  2822      151.0000   170      302.0000      151.0000  3285142   50.00%
  31721  3028        cutoff            302.0000      151.0000  3430438   50.00%
  32385  2970      151.0000   162      302.0000      151.0000  3384474   50.00%
  33021  5438      151.0000   163      302.0000      151.0000  5111738   50.00%
  33659  2995      151.0000   162      302.0000      151.0000  3403401   50.00%
  34311  3844      151.0000   156      302.0000      151.0000  3951147   50.00%
  34921  6381      151.0000   189      302.0000      151.0000  5746944   50.00%
Elapsed time = 1541.97 sec. (169434.14 ticks, tree = 133.00 MB, solutions = 4)
  35511  6389      151.0000   173      302.0000      151.0000  5764185   50.00%
  36197  4769      151.0000   155      302.0000      151.0000  4692290   50.00%
  36845  4852      151.0000   157      302.0000      151.0000  4725253   50.00%
  37457  4761      151.0000   175      302.0000      151.0000  4651035   50.00%
  38089  6473      151.0000   175      302.0000      151.0000  5789242   50.00%
  38722  5072      151.0000   181      302.0000      151.0000  4931838   50.00%
                                                      Cuts: 2                  
  39429  9125      151.0000   194      302.0000      151.0000  7455859   50.00%
  40041  9153      151.0000   153      302.0000      151.0000  7502357   50.00%
  40696  6516      151.0000   181      302.0000      151.0000  5831547   50.00%
  41336  7229      202.0000   141      302.0000      151.0000  6296353   50.00%
Elapsed time = 1793.13 sec. (207657.36 ticks, tree = 179.12 MB, solutions = 4)
  41980  6421      151.0000   209      302.0000      151.0000  5869162   50.00%
  42619 10957      151.0000   151      302.0000      151.0000  8378323   50.00%
  43257  6413    infeasible            302.0000      151.0000  5790606   50.00%
  43873  7915      151.0000   157      302.0000      151.0000  6679063   50.00%
  44467  7016      164.4615   168      302.0000      151.0000  6192980   50.00%
  45095 13709      151.0000   161      302.0000      151.0000 10119325   50.00%
  45811  9196      151.0000   147      302.0000      151.0000  7543334   50.00%
  46456  9210      202.0000    68      302.0000      151.0000  7549107   50.00%
  47126  9266      151.5133   181      302.0000      151.0000  7624650   50.00%
  47783  9574      151.0000   175      302.0000      151.0000  7828008   50.00%
Elapsed time = 2014.96 sec. (245883.21 ticks, tree = 222.68 MB, solutions = 4)
  48444 11072      151.0000   159      302.0000      151.0000  8451722   50.00%
  49080  9686      202.0000   154      302.0000      151.0000  7852999   50.00%
  49736  9276      151.0000   170      302.0000      151.0000  7659575   50.00%
  50342 10413      161.1981   178      302.0000      151.0000  8178396   50.00%
  50940 13035      151.0000   164      302.0000      151.0000  9615727   50.00%
                                                      Cuts: 2                  
  51519 12442      151.0000   167      302.0000      151.0000  9291450   50.00%
  52121 13334      151.0000   166      302.0000      151.0000  9913058   50.00%
  52690 11394      151.0000   180      302.0000      151.0000  8632955   50.00%
  53259 14289      151.0000   183      302.0000      151.0000 10407979   50.00%
  53859 13307      151.0000   170      302.0000      151.0000  9920768   50.00%
Elapsed time = 2310.27 sec. (284105.22 ticks, tree = 265.97 MB, solutions = 4)
  54497 17590      151.0000   160      302.0000      151.0000 12279235   50.00%
  55080 17604      151.0000   191      302.0000      151.0000 12284639   50.00%
  55710 17615      151.0000   171      302.0000      151.0000 12289030   50.00%
  56360 12513      151.0000   142      302.0000      151.0000  9360933   50.00%
  57040 14425      151.0000   160      302.0000      151.0000 10470077   50.00%
  57710 14658      151.0000   166      302.0000      151.0000 10584308   50.00%
  58436 14892      151.0258   162      302.0000      151.0000 10665734   50.00%
  59075 17679      151.0000   141      302.0000      151.0000 12329895   50.00%
  59748 19875    infeasible            302.0000      151.0000 14133243   50.00%
  60647 18771      202.0000   100      302.0000      151.0000 12880044   50.00%
Elapsed time = 2580.61 sec. (322312.93 ticks, tree = 239.51 MB, solutions = 4)
  61457 17799      151.0000   145      302.0000      151.0000 12420818   50.00%
                                                      Cuts: 4                  
  62373 19972      202.0000   140      302.0000      151.0000 14131344   50.00%
  63114 19543      151.0000   154      302.0000      151.0000 13438138   50.00%
  63969 20505      202.0000    94      302.0000      151.0000 15951412   50.00%
  64845 17553      151.0000   166      302.0000      151.0000 12245993   50.00%
  65856 19897      202.0000    88      302.0000      151.0000 14378360   50.00%
  66886 19590      202.0000   145      302.0000      151.0000 13421504   50.00%
  68009 19909      202.0000   122      302.0000      232.4223 14193188   23.04%
  69255 19849      202.0000   117      302.0000      232.4223 14368786   23.04%
  70738 20089      251.0000   107      302.0000      232.4223 15819913   23.04%
Elapsed time = 2814.83 sec. (360521.52 ticks, tree = 1.32 MB, solutions = 4)
  72155 19874      202.0000   110      302.0000      232.4223 14382373   23.04%
  73485 18559      151.0000   156      302.0000      232.4223 12716611   23.04%
  74832 19610      151.0000   151      302.0000      232.4223 13577438   23.04%
  76309 20319      251.0000    91      302.0000      232.4223 15714274   23.04%
  77995 19651      151.0000   168      302.0000      232.4223 13586589   23.04%
  79749  6868    infeasible            302.0000      232.4223 22344808   23.04%
  81311  5251    infeasible            302.0000      251.0000 22933643   16.89%
  83068 19778      151.0000   176      302.0000      251.0000 14215311   16.89%
  84370 19793      151.0000   182      302.0000      302.0000 14219554    0.00%
  85574 19725      151.0000   163      302.0000      302.0000 13630749    0.00%
Elapsed time = 2814.84 sec. (398696.62 ticks, tree = 1.32 MB, solutions = 4)
  86674 11706        cutoff            302.0000      302.0000 20372948    0.00%
  87701  5379    infeasible            302.0000      302.0000 22902028    0.00%
  88932 13536    infeasible            302.0000      302.0000 19327961    0.00%
  90042  4783    infeasible            302.0000      302.0000 23032831    0.00%
  91046 15299    infeasible            302.0000      302.0000 18559729    0.00%
  91787 20203      151.0000   186      302.0000      302.0000 14793625    0.00%
  92591  4401    infeasible            302.0000      302.0000 23143097    0.00%
  93354 11112    infeasible            302.0000      302.0000 20739765    0.00%
  93971  7036    infeasible            302.0000      302.0000 22267171    0.00%
  94630  7393    infeasible            302.0000      302.0000 22155392    0.00%
Elapsed time = 2814.84 sec. (436926.89 ticks, tree = 1.32 MB, solutions = 4)
  95260 10443        cutoff            302.0000      302.0000 21012403    0.00%
  96040  4625    infeasible            302.0000      302.0000 23079659    0.00%
  96659 15219    infeasible            302.0000      302.0000 18634799    0.00%
  97403  6738    infeasible            302.0000      302.0000 22377453    0.00%
  97908 11053    infeasible            302.0000      302.0000 20760409    0.00%
  98332  9418    infeasible            302.0000      302.0000 21453274    0.00%
  98764  6458    infeasible            302.0000      302.0000 22450267    0.00%
  98981  6135    infeasible            302.0000      302.0000 22725301    0.00%
  99140  6316    infeasible            302.0000      302.0000 22624504    0.00%
  99359  5017    infeasible            302.0000      302.0000 22980303    0.00%
Elapsed time = 2814.84 sec. (475351.94 ticks, tree = 1.32 MB, solutions = 4)
  99524  4973    infeasible            302.0000      302.0000 23003384    0.00%
  99750   349      253.0000   131      302.0000      302.0000 24365233    0.00%

Clique cuts applied:  6
Mixed integer rounding cuts applied:  1
Zero-half cuts applied:  71
Gomory fractional cuts applied:  2

Root node processing (before b&c):
  Real time             =    0.74 sec. (771.09 ticks)
Parallel b&c, 24 threads:
  Real time             = 2814.12 sec. (482728.98 ticks)
  Sync time (average)   =   21.10 sec.
  Wait time (average)   =    0.19 sec.
                          ------------
Total (root+branch&cut) = 2814.86 sec. (483500.07 ticks)


 >>>> Final solution: leader objective value 302.0000000000 (cplex value 302.0000000000 truecost 302.0000000000) time    2829.04 <<<<



 OK: feasibility check passed with cost 302.000000 and f* 0.00000000000000000000 vs Phi(x*) 0.00000000000000000000
 OK, solved to optimality :-))

STAH; input_file ; zbest ; final_bound ; root_bound; time (s.); root_time (s.); opt ;nodes ; %root_gap; %final_gap; setting 
STAT; /home/utr_thuerauf/projects/bilevel-library/code-mergen/data/MIPLIB2010/30n20b8_0_100.mps.gz ; 302.000000 ; 302.000000  ; 138.561243 ; 2829.035140 ; 14.168621 ; 1 ;99761 ; 54.118794 ; 0.000000 ; 4 


-------------------------------------------------------------------------------------------------------------------------
 BEST SOLUTION AVAILABLE FOR /home/utr_thuerauf/projects/bilevel-library/code-mergen/data/MIPLIB2010/30n20b8_0_100.mps.gz 
 LEADER COST 302.000000 FOLLOWER COST 0.000000

          R_Mechaniker                   2.0000000000
           R_Techniker                   2.0000000000
                   S_1                   6.0000000000
               x_1_1_6                   1.0000000000
                   C_1                  15.0000000000
                   S_2                   9.0000000000
               x_2_1_9                   1.0000000000
                   C_2                  20.0000000000
                   S_3                  31.0000000000
              x_3_2_31                   1.0000000000
                   C_3                  36.0000000000
                   S_4                 150.0000000000
             x_4_1_150                   1.0000000000
                   C_4                 157.0000000000
                   S_5                  50.0000000000
              x_5_2_50                   1.0000000000
                   C_5                  56.0000000000
                   S_6                 157.0000000000
             x_6_2_157                   1.0000000000
                   C_6                 165.0000000000
                   S_7                  82.0000000000
              x_7_2_82                   1.0000000000
                   C_7                  87.0000000000
                   S_8                 125.0000000000
             x_8_2_125                   1.0000000000
                   C_8                 131.0000000000
                   S_9                 131.0000000000
             x_9_2_131                   1.0000000000
                   C_9                 136.0000000000
                  S_10                 142.0000000000
            x_10_2_142                   1.0000000000
                  C_10                 145.0000000000
                  S_11                  75.0000000000
             x_11_2_75                   1.0000000000
                  C_11                  82.0000000000
                  S_12                 134.0000000000
            x_12_2_134                   1.0000000000
                  C_12                 139.0000000000
                  S_13                  87.0000000000
             x_13_2_87                   1.0000000000
                  C_13                  93.0000000000
                  S_14                 150.0000000000
            x_14_1_150                   1.0000000000
                  C_14                 162.0000000000
                  S_15                 182.0000000000
            x_15_2_182                   1.0000000000
                  C_15                 187.0000000000
                  S_16                  42.0000000000
             x_16_2_42                   1.0000000000
                  C_16                  45.0000000000
                  S_17                 101.0000000000
            x_17_2_101                   1.0000000000
                  C_17                 106.0000000000
                  S_18                 165.0000000000
            x_18_2_165                   1.0000000000
                  C_18                 170.0000000000
                  S_19                  56.0000000000
             x_19_2_56                   1.0000000000
                  C_19                  64.0000000000
                  S_20                 187.0000000000
            x_20_2_187                   1.0000000000
                  C_20                 195.0000000000
                  S_21                  64.0000000000
             x_21_2_64                   1.0000000000
                  C_21                  70.0000000000
                  S_22                 108.0000000000
            x_22_2_108                   1.0000000000
                  C_22                 111.0000000000
                  S_23                 175.0000000000
            x_23_2_175                   1.0000000000
                  C_23                 181.0000000000
                  S_24                 112.0000000000
            x_24_2_112                   1.0000000000
                  C_24                 119.0000000000
                  S_25                 200.0000000000
            x_25_2_200                   1.0000000000
                  C_25                 204.0000000000
                  S_26                 186.0000000000
            x_26_1_186                   1.0000000000
                  C_26                 195.0000000000
                  S_27                 206.0000000000
            x_27_2_206                   1.0000000000
                  C_27                 212.0000000000
                  S_28                 136.0000000000
            x_28_2_136                   1.0000000000
                  C_28                 144.0000000000
                  S_29                 200.0000000000
            x_29_2_200                   1.0000000000
                  C_29                 203.0000000000
                  S_30                 207.0000000000
            x_30_2_207                   1.0000000000
                  C_30                 212.0000000000
-------------------------------------------------------------------------------------------------------------------------

