License for 'CIBOL Team' expires on Tue Aug  9 02:00:00 2039
 
../bilevel -mpsfile /home/utr_thuerauf/projects/bilevel-library/code-mergen/data/MIPLIB2010/acc-tight5_50_50.mps.gz -auxfile /home/utr_thuerauf/projects/bilevel-library/code-mergen/data/MIPLIB2010/acc-tight5_50_50.aux -time_limit 3600 
... using custom setting 4
The chosen setting is MIX++


available parameters --------------------------------------------------
-mpsfile /home/utr_thuerauf/projects/bilevel-library/code-mergen/data/MIPLIB2010/acc-tight5_50_50.mps.gz (the input file, part 1, needs to end with .mps; see readme.md for details on the format)
-auxfile /home/utr_thuerauf/projects/bilevel-library/code-mergen/data/MIPLIB2010/acc-tight5_50_50.aux (the input file, part 2, needs to end with .aux; only needs to be given if differently named as the mps-file)
-time_limit, 3600 (in seconds, default: 3600)
-available_memory, 12000 (in MB, default: 12000)
-nodefile . (location for CPLEX nodefile to be used if available_memory is exhausted, default: current directory)
-num_threads, 0 (0: all available (default); note: opportunistic mode of CPLEX, to change see next option)
-randomseed, 0 (negative seed turns on deterministic multithread mode of CPLEX, default: 0)
-node_limit, -1 (-1: no limit (default))
-cplex_cuts, 1 (0: off, 1: normal (default), 2: moderate, 3: aggressive)
-print_sol, 1 (0: no, 1: print nonzero entries of the final solution (default), 2: print also the zero entries)
-setting, 4 (see below for description, default: MIX++)
 ----------------------------------------------------------------------------------------------

AVAILABLE SETTINGS------------------------------------------------------------------------------
1 SEP1++
2 SEP2++
3 XU++
4 MIX++
21 SEP1+F
22 SEP2+F
23 XU+F
24 MIX+F
31 SEP1+P
32 SEP2+P
33 XU+P
34 MIX+P
41 SEP1
42 SEP2
43 XU
44 MIX
98 HC
99 HC++
----------------------------------------------------------------------------------------------

 ... Cplex in opportunistic mode with 24 thread(s)
Selected objective sense:  MINIMIZE
Selected objective  name:  r_0
Selected RHS        name:  RHS
Selected bound      name:  BND
HPR has 1339 cols
Original HPR has 3052 rows
Updated HPR has 3110 rows
Follower variables integer 1 binary 1
Leader variables integer 1 binary 1
Problem variables integer 1 binary 1
Body has 1585 rows 
Leader objective all integer (var+coeff?) 1
Follower objective all integer (var+coeff?) 1
Leader all integer (obj+cons+var?) 1
Follower all integer (obj+cons+var?) 1
Leader has 670 cols
Leader has 1526 rows
Follower has 669 cols
Follower has 1584 rows



 -------------- PROBLEM STATISTICS for /home/utr_thuerauf/projects/bilevel-library/code-mergen/data/MIPLIB2010/acc-tight5_50_50.mps.gz 
      master   with     0 integer and  1339 binary variables (out of  1339 var.s) and  3110 constr.s
      follower with     0 integer and   669 binary variables (out of  1339 var.s) and  1584 constr.s
 --------------------------------------------------------------------------------------------------------------------------------------------------------

CPXPARAM_Simplex_Tolerances_Feasibility          1.0000000000000001e-09
CPXPARAM_Preprocessing_Presolve                  0
CPXPARAM_TimeLimit                               3599.8055341141298
CPXPARAM_Preprocessing_Reduce                    0
CPXPARAM_Preprocessing_Linear                    0
CPXPARAM_WorkMem                                 12000
CPXPARAM_Threads                                 24
CPXPARAM_Parallel                                -1
CPXPARAM_MIP_Tolerances_MIPGap                   1.0000000000000001e-09
CPXPARAM_MIP_Tolerances_Integrality              0
CPXPARAM_MIP_Display                             4
CPXPARAM_MIP_Strategy_File                       3
CPXPARAM_MIP_Limits_Nodes                        0
CPXPARAM_MIP_Strategy_StartAlgorithm             6
CPXPARAM_MIP_Strategy_VariableSelect             3
CPXPARAM_MIP_Strategy_HeuristicFreq              -1
CPXPARAM_MIP_Strategy_Probe                      3
CPXPARAM_MIP_Strategy_CallbackReducedLP          0
CPXPARAM_MIP_Strategy_RINSHeur                   -1
Warning: Control callbacks may disable some MIP features.
Probing fixed 158 vars, tightened 0 bounds.
Probing time = 0.03 sec. (9.45 ticks)
Cover probing fixed 0 vars, tightened 9 bounds.
Clique table members: 4024.
MIP emphasis: balance optimality and feasibility.
MIP search method: traditional branch-and-cut.
Parallel mode: opportunistic, using up to 24 threads.
Parallel mode: opportunistic, using up to 24 threads for concurrent optimization.

Iteration log . . .
Iteration:     1   Dual objective     =             0.000000
Perturbation started.
Iteration:   101   Dual objective     =             0.000000
Iteration:   247   Dual objective     =             0.000016
Iteration:   390   Dual objective     =             0.000029
Iteration:   512   Dual objective     =             0.000035
Iteration:   602   Dual objective     =             0.000039
Iteration:   681   Dual objective     =             0.000042
Iteration:   754   Dual objective     =             0.000046
Iteration:   824   Dual objective     =             0.000049
Iteration:   897   Dual objective     =             0.000052
Iteration:   967   Dual objective     =             0.000055
Iteration:  1036   Dual objective     =             0.000059
Iteration:  1102   Dual objective     =             0.000061
Iteration:  1169   Dual objective     =             0.000065
Iteration:  1237   Dual objective     =             0.000068
Iteration:  1308   Dual objective     =             0.000071
Iteration:  1384   Dual objective     =             0.000073
Iteration:  1455   Dual objective     =             0.000076
Iteration:  1523   Dual objective     =             0.000079
Iteration:  1597   Dual objective     =             0.000082
Iteration:  1667   Dual objective     =             0.000085
Iteration:  1737   Dual objective     =             0.000088
Iteration:  1805   Dual objective     =             0.000091
Iteration:  1876   Dual objective     =             0.000094
Iteration:  1945   Dual objective     =             0.000096
Iteration:  2019   Dual objective     =             0.000098
Iteration:  2088   Dual objective     =             0.000099
Iteration:  2158   Dual objective     =             0.000100
Iteration:  2231   Dual objective     =             0.000102
Iteration:  2300   Dual objective     =             0.000104
Iteration:  2370   Dual objective     =             0.000105
Iteration:  2437   Dual objective     =             0.000106
Iteration:  2504   Dual objective     =             0.000106
Iteration:  2574   Dual objective     =             0.000107
Iteration:  2654   Dual objective     =             0.000107
Removing perturbation.
Reinitializing dual norms . . .

Dual simplex solved model.

Root relaxation solution time = 0.46 sec. (417.64 ticks)

        Nodes                                         Cuts/
   Node  Left     Objective  IInf  Best Integer    Best Bound    ItCnt     Gap

      0     0        0.0000   615                      0.0000     2682         
      0     0        0.0000   427                   Cuts: 251     4137         
      0     0        0.0000   478                   Cuts: 144     5764         
      0     0        0.0000   349                 Cliques: 20     6299         
      0     0        0.0000   404                   Cuts: 174     7337         

Clique cuts applied:  450
Zero-half cuts applied:  4
Lift and project cuts applied:  2

Root node processing (before b&c):
  Real time             =    4.82 sec. (5378.32 ticks)
Parallel b&c, 24 threads:
  Real time             =    0.00 sec. (0.00 ticks)
  Sync time (average)   =    0.00 sec.
  Wait time (average)   =    0.00 sec.
                          ------------
Total (root+branch&cut) =    4.82 sec. (5378.32 ticks)
CPLEX Error  1217: No solution exists.
CPLEX Error  1217: No solution exists.
CPXPARAM_Simplex_Tolerances_Feasibility          1.0000000000000001e-09
CPXPARAM_Preprocessing_Presolve                  0
CPXPARAM_TimeLimit                               3594.9852256490849
CPXPARAM_Preprocessing_Reduce                    0
CPXPARAM_Preprocessing_Linear                    0
CPXPARAM_WorkMem                                 12000
CPXPARAM_Threads                                 24
CPXPARAM_Parallel                                -1
CPXPARAM_MIP_Tolerances_UpperCutoff              1e+20
CPXPARAM_MIP_Tolerances_MIPGap                   1.0000000000000001e-09
CPXPARAM_MIP_Tolerances_Integrality              0
CPXPARAM_MIP_Display                             4
CPXPARAM_MIP_Strategy_File                       3
CPXPARAM_MIP_Strategy_StartAlgorithm             6
CPXPARAM_MIP_Strategy_VariableSelect             3
CPXPARAM_MIP_Strategy_HeuristicFreq              -1
CPXPARAM_MIP_Strategy_Probe                      3
CPXPARAM_MIP_Strategy_CallbackReducedLP          0
CPXPARAM_MIP_Strategy_RINSHeur                   -1
Warning: Control callbacks may disable some MIP features.
MIP emphasis: balance optimality and feasibility.
MIP search method: traditional branch-and-cut.
Parallel mode: opportunistic, using up to 24 threads.

        Nodes                                         Cuts/
   Node  Left     Objective  IInf  Best Integer    Best Bound    ItCnt     Gap

      0     0        0.0000   354                    Cuts: 60     7952         
      0     0        0.0000   360                 ZeroHalf: 2     8309         
      0     0        0.0000   345                 Cliques: 24     8607         
      0     0        0.0000   354                 ZeroHalf: 3     9186         
      0     2        0.0000   341                    Cuts: 80     9186         
Elapsed time = 9.81 sec. (4774.90 ticks, tree = 0.01 MB, solutions = 0)
      3    15       -0.0000   425                      0.0000    34014         
                                                     Cuts: 44                  
     13     7        0.0000   393                      0.0000    24314         
                                                     Cuts: 12                  
     23    12        0.0000   372                      0.0000    31452         
                                                      Cuts: 2                  
     30    41        0.0000   367                      0.0000   105798         
     39    28        0.0000   288                      0.0000    60702         
     50    20        0.0000   361                      0.0000    45157         
     59    52        0.0000   289                      0.0000   160048         
                                                      Cuts: 2                  
     73    56        0.0000   349                      0.0000   166777         
     87     6        0.0000   427                      0.0000    18039         
    158    19        1.0000   409                      0.0000    46303         
Elapsed time = 31.34 sec. (7967.67 ticks, tree = 1.39 MB, solutions = 0)
    245    57    infeasible                            0.0000   176367         
    344    89        0.0000   281                      0.0000   249262         
                                                     Cuts: 50                  
    449    98    infeasible                            0.0000   298504         
                                                      Cuts: 8                  
    559   132    infeasible                            0.0000   413925         
                                                     Cuts: 34                  
    674    98    infeasible                            0.0000   306565         
    784   145        0.0000   218                      0.0000   459789         
    909   238    infeasible                            0.0000   929797         
                                                     Cuts: 20                  
   1027   191    infeasible                            0.0000   718142         
   1146   231        0.0000   276                      0.0000   869130         
                                                      Cuts: 4                  
   1263   209        0.0000   206                      0.0000   747393         
                                                      Cuts: 2                  
Elapsed time = 101.27 sec. (17599.07 ticks, tree = 0.01 MB, solutions = 1)
   1407   256    infeasible                            0.0000  1002655         
   1541   235    infeasible                            0.0000   876777         
   1668   243    infeasible                            0.0000   938428         
   1792   253        0.0000   223                      0.0000   959817         
   1906   273    infeasible                            0.0000  1149879         
*  2006   262      integral     0        0.0000        0.0000  1082115    0.00%
Found incumbent of value 0.000000 after 117.05 sec. (23172.38 ticks)
   2032   273    infeasible              0.0000        0.0000  1152336    0.00%
   2139   269        0.0000   240        0.0000        0.0000  1147129    0.00%
   2221   289        0.0000   236        0.0000        0.0000  1313912    0.00%
   2241   296    infeasible              0.0000        0.0000  1348662    0.00%

Clique cuts applied:  506
Implied bound cuts applied:  1
Zero-half cuts applied:  2

Root node processing (before b&c):
  Real time             =    4.45 sec. (4756.83 ticks)
Parallel b&c, 24 threads:
  Real time             =  114.08 sec. (21831.60 ticks)
  Sync time (average)   =    2.92 sec.
  Wait time (average)   =    0.01 sec.
                          ------------
Total (root+branch&cut) =  118.53 sec. (26588.44 ticks)


 >>>> Final solution: leader objective value 0.0000000000 (cplex value 0.0000000000 truecost 0.0000000000) time     123.54 <<<<



 OK: feasibility check passed with cost 0.000000 and f* 0.00000000000000000000 vs Phi(x*) 0.00000000000000000000
 OK, solved to optimality :-))

STAH; input_file ; zbest ; final_bound ; root_bound; time (s.); root_time (s.); opt ;nodes ; %root_gap; %final_gap; setting 
STAT; /home/utr_thuerauf/projects/bilevel-library/code-mergen/data/MIPLIB2010/acc-tight5_50_50.mps.gz ; 0.000000 ; 0.000000  ; 0.000000 ; 123.543431 ; 5.014772 ; 1 ;2247 ; 0.000000 ; 0.000000 ; 4 


-------------------------------------------------------------------------------------------------------------------------
 BEST SOLUTION AVAILABLE FOR /home/utr_thuerauf/projects/bilevel-library/code-mergen/data/MIPLIB2010/acc-tight5_50_50.mps.gz 
 LEADER COST 0.000000 FOLLOWER COST 0.000000

                   v11                   1.0000000000
                   v23                   1.0000000000
                   v35                   1.0000000000
                   v41                   1.0000000000
                   v56                   1.0000000000
                   v60                   1.0000000000
                   v67                   1.0000000000
                   v77                   1.0000000000
                   v93                   1.0000000000
                   v97                   1.0000000000
                 v1000                   1.0000000000
                 v1018                   1.0000000000
                 v1025                   1.0000000000
                 v1029                   1.0000000000
                 v1043                   1.0000000000
                 v1052                   1.0000000000
                 v1055                   1.0000000000
                 v1062                   1.0000000000
                 v1078                   1.0000000000
                 v1090                   1.0000000000
                 v1096                   1.0000000000
                 v1108                   1.0000000000
                 v1118                   1.0000000000
                 v1126                   1.0000000000
                 v1134                   1.0000000000
                 v1137                   1.0000000000
                 v1152                   1.0000000000
                 v1160                   1.0000000000
                 v1173                   1.0000000000
                 v1181                   1.0000000000
                 v1187                   1.0000000000
                    v6                   1.0000000000
                 v1200                   1.0000000000
                 v1209                   1.0000000000
                 v1214                   1.0000000000
                 v1222                   1.0000000000
                 v1229                   1.0000000000
                 v1245                   1.0000000000
                 v1254                   1.0000000000
                 v1255                   1.0000000000
                 v1271                   1.0000000000
                 v1280                   1.0000000000
                 v1285                   1.0000000000
                 v1296                   1.0000000000
                 v1301                   1.0000000000
                 v1308                   1.0000000000
                 v1323                   1.0000000000
                 v1330                   1.0000000000
                 v1337                   1.0000000000
                  v104                   1.0000000000
                  v114                   1.0000000000
                  v132                   1.0000000000
                  v134                   1.0000000000
                  v149                   1.0000000000
                  v158                   1.0000000000
                  v159                   1.0000000000
                  v167                   1.0000000000
                  v175                   1.0000000000
                  v187                   1.0000000000
                  v191                   1.0000000000
                  v202                   1.0000000000
                  v207                   1.0000000000
                  v219                   1.0000000000
                  v223                   1.0000000000
                  v237                   1.0000000000
                  v239                   1.0000000000
                  v250                   1.0000000000
                  v256                   1.0000000000
                  v266                   1.0000000000
                  v278                   1.0000000000
                  v286                   1.0000000000
                  v294                   1.0000000000
                  v310                   1.0000000000
                  v321                   1.0000000000
                  v323                   1.0000000000
                  v337                   1.0000000000
                  v340                   1.0000000000
                  v349                   1.0000000000
                  v360                   1.0000000000
                  v366                   1.0000000000
                  v374                   1.0000000000
                  v386                   1.0000000000
                  v403                   1.0000000000
                  v408                   1.0000000000
                  v414                   1.0000000000
                  v422                   1.0000000000
                  v431                   1.0000000000
                  v438                   1.0000000000
                  v451                   1.0000000000
                  v459                   1.0000000000
                  v475                   1.0000000000
                  v480                   1.0000000000
                  v492                   1.0000000000
                  v502                   1.0000000000
                  v513                   1.0000000000
                  v516                   1.0000000000
                  v524                   1.0000000000
                  v536                   1.0000000000
                  v544                   1.0000000000
                  v554                   1.0000000000
                  v564                   1.0000000000
                  v577                   1.0000000000
                  v579                   1.0000000000
                  v590                   1.0000000000
                  v603                   1.0000000000
                  v608                   1.0000000000
                  v622                   1.0000000000
                  v628                   1.0000000000
                  v638                   1.0000000000
                  v646                   1.0000000000
                  v657                   1.0000000000
                  v669                   1.0000000000
                  v674                   1.0000000000
                  v685                   1.0000000000
                  v689                   1.0000000000
                  v701                   1.0000000000
                  v707                   1.0000000000
                  v718                   1.0000000000
                  v730                   1.0000000000
                  v741                   1.0000000000
                  v747                   1.0000000000
                  v755                   1.0000000000
                  v763                   1.0000000000
                  v776                   1.0000000000
                  v779                   1.0000000000
                  v790                   1.0000000000
                  v799                   1.0000000000
                  v805                   1.0000000000
                  v816                   1.0000000000
                  v819                   1.0000000000
                  v835                   1.0000000000
                  v845                   1.0000000000
                  v850                   1.0000000000
                  v861                   1.0000000000
                  v869                   1.0000000000
                  v877                   1.0000000000
                  v885                   1.0000000000
                  v892                   1.0000000000
                  v903                   1.0000000000
                  v914                   1.0000000000
                  v923                   1.0000000000
                  v936                   1.0000000000
                  v942                   1.0000000000
                  v952                   1.0000000000
                  v961                   1.0000000000
                  v965                   1.0000000000
                  v977                   1.0000000000
                  v987                   1.0000000000
                  v995                   1.0000000000
-------------------------------------------------------------------------------------------------------------------------

