License for 'CIBOL Team' expires on Tue Aug  9 02:00:00 2039
 
../bilevel -mpsfile /home/utr_thuerauf/projects/bilevel-library/code-mergen/data/MIPLIB2010/aflow40b_50_50.mps.gz -auxfile /home/utr_thuerauf/projects/bilevel-library/code-mergen/data/MIPLIB2010/aflow40b_50_50.aux -time_limit 3600 
... using custom setting 4
The chosen setting is MIX++


available parameters --------------------------------------------------
-mpsfile /home/utr_thuerauf/projects/bilevel-library/code-mergen/data/MIPLIB2010/aflow40b_50_50.mps.gz (the input file, part 1, needs to end with .mps; see readme.md for details on the format)
-auxfile /home/utr_thuerauf/projects/bilevel-library/code-mergen/data/MIPLIB2010/aflow40b_50_50.aux (the input file, part 2, needs to end with .aux; only needs to be given if differently named as the mps-file)
-time_limit, 3600 (in seconds, default: 3600)
-available_memory, 12000 (in MB, default: 12000)
-nodefile . (location for CPLEX nodefile to be used if available_memory is exhausted, default: current directory)
-num_threads, 0 (0: all available (default); note: opportunistic mode of CPLEX, to change see next option)
-randomseed, 0 (negative seed turns on deterministic multithread mode of CPLEX, default: 0)
-node_limit, -1 (-1: no limit (default))
-cplex_cuts, 1 (0: off, 1: normal (default), 2: moderate, 3: aggressive)
-print_sol, 1 (0: no, 1: print nonzero entries of the final solution (default), 2: print also the zero entries)
-setting, 4 (see below for description, default: MIX++)
 ----------------------------------------------------------------------------------------------

AVAILABLE SETTINGS------------------------------------------------------------------------------
1 SEP1++
2 SEP2++
3 XU++
4 MIX++
21 SEP1+F
22 SEP2+F
23 XU+F
24 MIX+F
31 SEP1+P
32 SEP2+P
33 XU+P
34 MIX+P
41 SEP1
42 SEP2
43 XU
44 MIX
98 HC
99 HC++
----------------------------------------------------------------------------------------------

 ... Cplex in opportunistic mode with 24 thread(s)
Selected objective sense:  MINIMIZE
Selected objective  name:  total_costs
Selected RHS        name:  rhs
Selected bound      name:  bnd
HPR has 2728 cols
Original HPR has 1442 rows
Updated HPR has 1442 rows
Follower variables integer 0 binary 0
Leader variables integer 1 binary 1
Problem variables integer 0 binary 0
Body has 722 rows 
Leader objective all integer (var+coeff?) 1
Follower objective all integer (var+coeff?) 1
Leader all integer (obj+cons+var?) 0
Follower all integer (obj+cons+var?) 0
Leader has 1364 cols
Leader has 721 rows
Follower has 1364 cols
Follower has 721 rows



 -------------- PROBLEM STATISTICS for /home/utr_thuerauf/projects/bilevel-library/code-mergen/data/MIPLIB2010/aflow40b_50_50.mps.gz 
      master   with     0 integer and  1364 binary variables (out of  2728 var.s) and  1443 constr.s
      follower with     0 integer and     0 binary variables (out of  2728 var.s) and   721 constr.s
 --------------------------------------------------------------------------------------------------------------------------------------------------------

CPXPARAM_Simplex_Tolerances_Feasibility          1.0000000000000001e-09
CPXPARAM_Preprocessing_Presolve                  0
CPXPARAM_TimeLimit                               3599.9622687278315
CPXPARAM_Preprocessing_Reduce                    0
CPXPARAM_Preprocessing_Linear                    0
CPXPARAM_WorkMem                                 12000
CPXPARAM_Threads                                 24
CPXPARAM_Parallel                                -1
CPXPARAM_MIP_Tolerances_MIPGap                   1.0000000000000001e-09
CPXPARAM_MIP_Tolerances_Integrality              0
CPXPARAM_MIP_Display                             4
CPXPARAM_MIP_Strategy_File                       3
CPXPARAM_MIP_Limits_Nodes                        0
CPXPARAM_MIP_Strategy_StartAlgorithm             6
CPXPARAM_MIP_Strategy_VariableSelect             3
CPXPARAM_MIP_Strategy_HeuristicFreq              -1
CPXPARAM_MIP_Strategy_Probe                      3
CPXPARAM_MIP_Strategy_CallbackReducedLP          0
CPXPARAM_MIP_Strategy_RINSHeur                   -1
Warning: Control callbacks may disable some MIP features.
Probing time = 0.02 sec. (10.58 ticks)
Cover probing fixed 0 vars, tightened 104 bounds.
Clique table members: 39.
MIP emphasis: balance optimality and feasibility.
MIP search method: traditional branch-and-cut.
Parallel mode: opportunistic, using up to 24 threads.
Parallel mode: opportunistic, using up to 24 threads for concurrent optimization.
Initializing dual steep norms . . .

Iteration log . . .
Iteration:     1   Dual objective     =           767.000000
Perturbation started.
Iteration:   101   Dual objective     =           767.000000
Iteration:   223   Dual objective     =           767.002031
Iteration:   312   Dual objective     =           912.656304
Iteration:   403   Dual objective     =           931.700396
Iteration:   492   Dual objective     =           965.842116
Iteration:   565   Dual objective     =           965.842152
Iteration:   647   Dual objective     =           965.842229
Iteration:   733   Dual objective     =           983.770052
Iteration:   806   Dual objective     =           983.770088
Iteration:   879   Dual objective     =           983.770124
Iteration:   956   Dual objective     =           990.842757
Iteration:  1033   Dual objective     =           992.117798
Iteration:  1095   Dual objective     =          1001.537891
Removing perturbation.
Using devex.

Primal simplex solved model.

Root relaxation solution time = 0.03 sec. (14.01 ticks)

        Nodes                                         Cuts/
   Node  Left     Objective  IInf  Best Integer    Best Bound    ItCnt     Gap

      0     0     1005.6648    38                   1005.6648     1682         
      0     0     1048.8357    62                   Cuts: 107     2191         
      0     0     1066.8457    66                   Cuts: 125     2769         
      0     0     1074.9361    89                    Cuts: 86     3054         
      0     0     1083.0306    84                    Cuts: 76     3412         
      0     0     1091.6871    84                    Cuts: 90     3577         
      0     0     1094.8961    87                    Cuts: 66     3746         
      0     0     1097.5443    82                    Cuts: 62     3894         
      0     0     1099.8678   101                    Cuts: 52     4111         
      0     0     1100.8370   104                    Cuts: 39     4203         
      0     0     1101.5749   101                    Cuts: 48     4311         
      0     0     1101.7037    98                    Cuts: 23     4349         
      0     0     1101.9378   102                    Cuts: 17     4406         
      0     0     1102.2153    99                    Cuts: 28     4473         
      0     0     1102.3192   102                    Cuts: 10     4521         
      0     0     1102.4908    95                    Cuts: 17     4563         
      0     0     1102.5822    97                    Cuts: 21     4608         

Cover cuts applied:  7
Implied bound cuts applied:  31
Flow cuts applied:  81
Mixed integer rounding cuts applied:  63
Zero-half cuts applied:  2
Multi commodity flow cuts applied:  1
Lift and project cuts applied:  1

Root node processing (before b&c):
  Real time             =    1.72 sec. (2056.52 ticks)
Parallel b&c, 24 threads:
  Real time             =    0.00 sec. (0.00 ticks)
  Sync time (average)   =    0.00 sec.
  Wait time (average)   =    0.00 sec.
                          ------------
Total (root+branch&cut) =    1.72 sec. (2056.52 ticks)
CPLEX Error  1217: No solution exists.
CPLEX Error  1217: No solution exists.
CPXPARAM_Simplex_Tolerances_Feasibility          1.0000000000000001e-09
CPXPARAM_Preprocessing_Presolve                  0
CPXPARAM_TimeLimit                               3598.2397524048574
CPXPARAM_Preprocessing_Reduce                    0
CPXPARAM_Preprocessing_Linear                    0
CPXPARAM_WorkMem                                 12000
CPXPARAM_Threads                                 24
CPXPARAM_Parallel                                -1
CPXPARAM_MIP_Tolerances_UpperCutoff              1e+20
CPXPARAM_MIP_Tolerances_MIPGap                   1.0000000000000001e-09
CPXPARAM_MIP_Tolerances_Integrality              0
CPXPARAM_MIP_Display                             4
CPXPARAM_MIP_Strategy_File                       3
CPXPARAM_MIP_Strategy_StartAlgorithm             6
CPXPARAM_MIP_Strategy_VariableSelect             3
CPXPARAM_MIP_Strategy_HeuristicFreq              -1
CPXPARAM_MIP_Strategy_Probe                      3
CPXPARAM_MIP_Strategy_CallbackReducedLP          0
CPXPARAM_MIP_Strategy_RINSHeur                   -1
Warning: Control callbacks may disable some MIP features.
MIP emphasis: balance optimality and feasibility.
MIP search method: traditional branch-and-cut.
Parallel mode: opportunistic, using up to 24 threads.

        Nodes                                         Cuts/
   Node  Left     Objective  IInf  Best Integer    Best Bound    ItCnt     Gap

      0     0     1103.7945    97                    Cuts: 33     4732         
      0     0     1104.6484    99                    Cuts: 16     4839         
      0     0     1105.4417    98                    Cuts: 64     4939         
      0     0     1106.0103    97                    Cuts: 29     5032         
      0     0     1106.3512    96                    Cuts: 19     5111         
      0     0     1106.6444    94                    Cuts: 31     5179         
      0     0     1106.8412    92                    Cuts: 12     5244         
      0     0     1106.9271   102                    Cuts: 13     5283         
      0     0     1107.0127   101                    Cuts: 14     5322         
      0     2     1107.0127   101                    Cuts: 50     5322         
Elapsed time = 3.22 sec. (2024.29 ticks, tree = 0.05 MB, solutions = 0)
     28    30     1123.0122    77                   1115.1776    11308         
                                                     Cuts: 24                  
     78    50     1139.6256    71                   1115.6058    16074         
    128    42     1150.3696    49                   1116.3368    17648         
    177    54     1144.5787    62                   1116.8593    17931         
    235    55     1132.8198    39                   1118.0054    15697         
    292   175     1152.5316    48                   1118.0054    63252         
    359    99     1125.8479    65                   1118.0054    35829         
    432   172     1150.6307    39                   1118.0054    58803         
    508   374     1182.2127    48                   1118.0054   118380         
    904   624     1185.2312    34                   1118.0054   148426         
Elapsed time = 26.20 sec. (5164.62 ticks, tree = 0.72 MB, solutions = 0)
   1518   382     1156.6903    37                   1118.0054   118393         
                                                      Cuts: 4                  
*  1633+ 1288                         1765.0000     1118.0054            36.66%
Found incumbent of value 1765.000000 after 36.30 sec. (6279.75 ticks)
   2462   752     1810.5096    18     1466.0000     1118.0054   156835   23.74%
                                                     Cuts: 34                  
   3217   955     1407.0017    13     1466.0000     1118.0054   172101   23.74%
*  3337  1379      integral     0     1441.0000     1118.0054   213398   22.41%
Found incumbent of value 1441.000000 after 48.71 sec. (8373.71 ticks)
   3749  2149     1167.7423    59     1441.0000     1118.8252   360603   22.36%
                                                     Cuts: 12                  
   4104  2176     1296.0003    24     1441.0000     1119.2172   341758   22.33%
                                                      Cuts: 8                  
   4439  2544     1291.7211    10     1441.0000     1119.2172   439523   22.33%
   4893  2216     1282.3257    26     1441.0000     1119.2172   371459   22.33%
                                                     Cuts: 28                  
   5282  2240     1397.5235    23     1441.0000     1119.2172   376932   22.33%
                                                      Cuts: 6                  
Elapsed time = 82.67 sec. (13159.51 ticks, tree = 4.04 MB, solutions = 6)
   5751  2256     1191.6048    28     1441.0000     1119.2172   382781   22.33%
   6358  3410     1388.1327    27     1441.0000     1121.6946   646136   22.16%
                                                     Cuts: 20                  
   7004  3105     1336.3358    19     1441.0000     1121.6946   562336   22.16%
                                                      Cuts: 6                  
   7481  3545     1300.3620    30     1441.0000     1121.6946   670933   22.16%
                                                     Cuts: 14                  
   7924  4136     1154.9490    32     1441.0000     1121.6946   787419   22.16%
                                                      Cuts: 8                  
   8404  5344     1180.0125    50     1441.0000     1121.6946  1015383   22.16%
                                                      Cuts: 8                  
   8853  5310     1146.2005    62     1441.0000     1123.6068  1009630   22.03%
                                                     Cuts: 10                  
   9287  5818     1150.4044    39     1253.0000     1123.6068  1093303   10.33%
                                                      Cuts: 4                  
   9638  5418     1137.7668    69     1253.0000     1124.9917  1031239   10.22%
                                                      Cuts: 2                  
  10080  5494     1155.6993    34     1253.0000     1124.9917  1040098   10.22%
                                                     Cuts: 16                  
Elapsed time = 146.05 sec. (22723.52 ticks, tree = 5.62 MB, solutions = 7)
  10564  6135     1223.5289    27     1253.0000     1124.9917  1141654   10.22%
                                                     Cuts: 22                  
  10992  4497     1146.9008    47     1253.0000     1127.7636  1289206    9.99%
                                                      Cuts: 2                  
  11427  3996     1178.3307    44     1253.0000     1127.7636  1189472    9.99%
                                                     Cuts: 16                  
  11796  4550     1175.2280    27     1253.0000     1127.7636  1291772    9.99%
                                                      Cuts: 8                  
  12159  5039     1219.8136    35     1253.0000     1128.4831  1389045    9.94%
                                                     Cuts: 16                  
  12528  4625     1198.9053    49     1253.0000     1128.4831  1323739    9.94%
                                                      Cuts: 2                  
  12902  4824     1223.3925    24     1253.0000     1128.4831  1350513    9.94%
  13245  5730     1167.7430    74     1253.0000     1129.1169  1478333    9.89%
                                                      Cuts: 4                  
  13604  6601     1207.1437    26     1253.0000     1129.7983  1584910    9.83%
                                                     Cuts: 18                  
  14046  6298     1178.1082    29     1253.0000     1129.7983  1550737    9.83%
                                                      Cuts: 2                  
Elapsed time = 215.62 sec. (32295.03 ticks, tree = 7.31 MB, solutions = 8)
  14556  6265     1177.7755    26     1253.0000     1129.7983  1547358    9.83%
  14995  7037     1240.5352    15     1218.0000     1130.6729  1639383    7.17%
  15329  6643     1224.1854    32     1218.0000     1130.6729  1590863    7.17%
                                                      Cuts: 2                  
  15686  6237     1177.4872    22     1218.0000     1130.7685  1540995    7.16%
                                                     Cuts: 14                  
  16082  7410     1177.3224    42     1218.0000     1130.7685  1690045    7.16%
                                                      Cuts: 4                  
  16486  6405     1141.6923    51     1218.0000     1130.8517  1802201    7.16%
  16886  6233     1145.9965    60     1218.0000     1130.8517  1769845    7.16%
                                                      Cuts: 4                  
  17268  6680     1194.6231    25     1218.0000     1130.8517  1856462    7.16%
                                                     Cuts: 10                  
  17646  6643     1155.9606    34     1218.0000     1130.8517  1845822    7.16%
                                                      Cuts: 6                  
  18057  6766     1148.0810    67     1218.0000     1131.8966  1870886    7.07%
Elapsed time = 270.35 sec. (41854.50 ticks, tree = 9.60 MB, solutions = 9)
  18355  7512     1159.9801    34     1218.0000     1132.0410  1992083    7.06%
                                                     Cuts: 14                  
  18683  6976     1187.2284    21     1218.0000     1132.0410  1912622    7.06%
                                                      Cuts: 6                  
  19054  7030     1216.8540    29     1218.0000     1132.2064  1921523    7.04%
  19392  8317     1149.6957    65     1218.0000     1132.2064  2100216    7.04%
  19707  7890     1159.0642    20     1218.0000     1132.3744  2039988    7.03%
  20074  8369     1185.0552    40     1218.0000     1132.3744  2105517    7.03%
                                                      Cuts: 4                  
  20505  8392     1212.6590    36     1218.0000     1132.7863  2109896    7.00%
                                                      Cuts: 6                  
  20902  8835     1191.2442    29     1218.0000     1133.0105  2168336    6.98%
                                                      Cuts: 4                  
  21211  9071     1169.6101    39     1218.0000     1133.1254  2196522    6.97%
  21520  9289     1188.4309    27     1218.0000     1133.1254  2221923    6.97%
                                                      Cuts: 4                  
Elapsed time = 337.86 sec. (51428.41 ticks, tree = 13.14 MB, solutions = 9)
  21876 10235     1197.4510    38     1218.0000     1133.5124  2356061    6.94%
                                                      Cuts: 6                  
  22314 10130     1215.3694     9     1218.0000     1133.8447  2339328    6.91%
  22652  9866     1180.2938    42     1218.0000     1133.8447  2300295    6.91%
                                                     Cuts: 10                  
  23003  9548     1181.1946    44     1218.0000     1133.8447  2260727    6.91%
                                                      Cuts: 4                  
  23364 10474     1187.5474    26     1218.0000     1133.8771  2391794    6.91%
  23688  9562     1172.5439    48     1218.0000     1133.8771  2264070    6.91%
                                                      Cuts: 2                  
  24000  9570     1176.4556    38     1218.0000     1134.3276  2264542    6.87%
  24425 11128     1140.4856    67     1218.0000     1134.4969  2489078    6.86%
                                                      Cuts: 6                  
  24799 10690     1187.4561    25     1218.0000     1134.4969  2420908    6.86%
                                                      Cuts: 4                  
  25136 11384     1151.6286    56     1218.0000     1134.4969  2521222    6.86%
Elapsed time = 399.31 sec. (60988.39 ticks, tree = 15.54 MB, solutions = 9)
  25510 10965     1212.1250    34     1218.0000     1134.7073  2461085    6.84%
                                                     Cuts: 12                  
  25897 11332     1156.3419    56     1218.0000     1134.7073  2512400    6.84%
  26239 11339     1172.9210    50     1218.0000     1134.8501  2513473    6.83%
                                                     Cuts: 12                  
  26593 11710     1181.6436    52     1218.0000     1135.3048  2561198    6.79%
  26960 12959     1209.2396    25     1218.0000     1135.3048  2715457    6.79%
                                                      Cuts: 2                  
  27298 13450     1150.9342    63     1218.0000     1135.3048  2781498    6.79%
  27614 11565     1148.9325    59     1218.0000     1135.3048  2542506    6.79%
                                                     Cuts: 14                  
  28010 12158     1202.3075    24     1218.0000     1135.3048  2621684    6.79%
  28385 13017     1179.5238    21     1218.0000     1135.6781  2726536    6.76%
                                                      Cuts: 8                  
  28708 14255     1149.9358    64     1218.0000     1135.6781  2897703    6.76%
Elapsed time = 465.08 sec. (70566.32 ticks, tree = 18.85 MB, solutions = 9)
  29022 13323     1197.8646    50     1218.0000     1135.6781  2762863    6.76%
  29390 12259     1171.0986    33     1218.0000     1135.6781  2627884    6.76%
                                                      Cuts: 4                  
  29790 15205     1157.9638    19     1218.0000     1136.2363  3034956    6.71%
  30152 13535     1172.2058    33     1218.0000     1136.2363  2795631    6.71%
                                                      Cuts: 4                  
  30473 13914     1160.6145    50     1218.0000     1136.2363  2854108    6.71%
  30804 16474     1214.1640    27     1218.0000     1136.8290  3223912    6.66%
                                                      Cuts: 8                  
  31112 14080     1142.3285    56     1218.0000     1136.8290  2875129    6.66%
  31411 14728     1208.1608    40     1218.0000     1136.8290  2969353    6.66%
                                                      Cuts: 6                  
  31715 16405     1180.1583    38     1218.0000     1136.8290  3211500    6.66%
  32065 15831     1175.7593    41     1218.0000     1137.3808  3130420    6.62%
Elapsed time = 522.72 sec. (80118.83 ticks, tree = 21.63 MB, solutions = 9)
  32391 15840     1203.7638    19     1218.0000     1137.3808  3131644    6.62%
                                                     Cuts: 14                  
  32718 16139     1189.5149    53     1218.0000     1137.3808  3173776    6.62%
  33045 15700     1185.3190    29     1218.0000     1137.3808  3104761    6.62%
  33406 15924     1188.9790    40     1218.0000     1137.3808  3140793    6.62%
  33764 16102     1144.4734    64     1218.0000     1137.7777  3169068    6.59%
                                                      Cuts: 4                  
  34070 16548     1189.0585    36     1218.0000     1137.7777  3234575    6.59%
  34434 16578     1194.4183    42     1218.0000     1137.9030  3239537    6.58%
  34763 16934     1171.1944    46     1218.0000     1137.9030  3293166    6.58%
                                                      Cuts: 4                  
  35053 16831     1181.4660    33     1218.0000     1138.3409  3276908    6.54%
  36432 19252     1162.8278    30     1218.0000     1138.6029  3611364    6.52%
                                                     Cuts: 10                  
Elapsed time = 599.42 sec. (92550.81 ticks, tree = 25.39 MB, solutions = 9)
  37683 18759     1181.3912    33     1218.0000     1138.8915  3539730    6.49%
                                                     Cuts: 10                  
  39132 21277     1183.2916    21     1218.0000     1139.3025  3904450    6.46%
                                                      Cuts: 4                  
  40591 20767     1197.1478    26     1218.0000     1139.6000  3828609    6.44%
                                                     Cuts: 12                  
  42025 20898     1168.8574    27     1213.0000     1139.7217  3851011    6.04%
                                                      Cuts: 4                  
  43573 22815     1192.5807    39     1213.0000     1140.1424  4229935    6.01%
                                                     Cuts: 14                  
  45123 22646     1187.9714    23     1213.0000     1140.3544  4207917    5.99%
                                                      Cuts: 4                  
  46463 22963     1204.3147    38     1213.0000     1140.5795  4248525    5.97%
                                                      Cuts: 6                  
  47892 23042     1157.2357    46     1213.0000     1140.9044  4258199    5.94%
                                                      Cuts: 6                  
  49299 24825     1199.5655    47     1213.0000     1140.9844  4443688    5.94%
                                                      Cuts: 8                  
  50747 24851     1178.5705    38     1213.0000     1141.3689  4446655    5.91%
                                                     Cuts: 10                  
Elapsed time = 834.99 sec. (130735.41 ticks, tree = 108.11 MB, solutions = 10)
  52142 26944        cutoff           1213.0000     1141.5435  4662745    5.89%
                                                      Cuts: 2                  
  53638 26278     1150.1402    66     1213.0000     1141.7528  4591323    5.87%
                                                      Cuts: 4                  
  55113 28592     1179.8000    27     1213.0000     1141.9779  4813147    5.86%
                                                      Cuts: 6                  
  56602 29086     1194.7807    39     1213.0000     1142.1848  4861344    5.84%
                                                      Cuts: 4                  
  58041 29213     1204.3674    31     1213.0000     1142.6320  4875382    5.80%
                                                      Cuts: 2                  
  59400 30449        cutoff           1213.0000     1142.7700  5015815    5.79%
                                                      Cuts: 8                  
  60886 30894     1192.7964    70     1213.0000     1142.9187  5066941    5.78%
                                                      Cuts: 8                  
  62244 31064     1210.3767    35     1213.0000     1143.1338  5081290    5.76%
                                                      Cuts: 2                  
  63671 32152     1187.1955    34     1213.0000     1143.3016  5201554    5.75%
                                                      Cuts: 4                  
  65213 33469     1154.7485    50     1213.0000     1143.5009  5335652    5.73%
Elapsed time = 1086.23 sec. (168923.26 ticks, tree = 267.80 MB, solutions = 10)
  66579 34519        cutoff           1213.0000     1143.8578  5444080    5.70%
  67991 33922     1176.4942    38     1213.0000     1144.0066  5382295    5.69%
                                                      Cuts: 2                  
  69521 34925     1196.1279    28     1213.0000     1144.2044  5485980    5.67%
                                                      Cuts: 4                  
  70917 35421     1187.8843    43     1213.0000     1144.3889  5527261    5.66%
                                                      Cuts: 2                  
  72322 36927     1159.8240    43     1213.0000     1144.5502  5682958    5.64%
                                                      Cuts: 4                  
  73903 37395     1176.1768    49     1213.0000     1144.7257  5736948    5.63%
                                                      Cuts: 4                  
  75254 38007     1157.7553    65     1213.0000     1144.8917  5795601    5.61%
                                                      Cuts: 8                  
  76646 39756     1161.2475    58     1213.0000     1145.0683  5988008    5.60%
  78031 39618     1194.5449    32     1213.0000     1145.2563  5971110    5.58%
                                                      Cuts: 6                  
  79588 39425     1163.9934    45     1213.0000     1145.2563  5953207    5.58%
                                                      Cuts: 2                  
Elapsed time = 1331.97 sec. (207106.07 ticks, tree = 398.51 MB, solutions = 10)
  81143 40766     1179.7442    20     1213.0000     1145.4549  6083588    5.57%
                                                      Cuts: 8                  
  82632 41392     1211.9357    20     1213.0000     1145.6751  6153694    5.55%
                                                      Cuts: 2                  
  84229 42116     1158.5302    90     1213.0000     1145.7735  6236877    5.54%
                                                      Cuts: 4                  
  85715 44110     1183.2538    27     1213.0000     1145.9315  6420197    5.53%
  87202 46243     1177.0333    31     1213.0000     1146.1025  6628323    5.52%
                                                      Cuts: 2                  
  88635 46053     1149.5682    59     1213.0000     1146.1025  6607637    5.52%
                                                      Cuts: 4                  
  90109 44943     1179.3225    44     1213.0000     1146.2720  6508049    5.50%
                                                      Cuts: 4                  
  91571 46365     1161.9139    57     1213.0000     1146.3859  6640732    5.49%
                                                      Cuts: 4                  
  93038 47147     1183.5998    29     1213.0000     1146.5202  6724379    5.48%
                                                      Cuts: 4                  
  94448 48255     1175.9893    30     1213.0000     1146.5202  6851843    5.48%
Elapsed time = 1592.78 sec. (245267.51 ticks, tree = 538.11 MB, solutions = 10)
  95956 49713     1178.8749    34     1213.0000     1146.7223  7004549    5.46%
                                                      Cuts: 8                  
  97526 50636     1156.3432    65     1213.0000     1146.8301  7095168    5.46%
                                                      Cuts: 4                  
  98976 50341     1176.0563    49     1185.0000     1147.0586  7066076    3.20%
 100468 50609     1178.9954    30     1185.0000     1147.0586  7091569    3.20%
 101822 51484     1165.0412    38     1185.0000     1147.2581  7178969    3.18%
                                                      Cuts: 8                  
 103251 28744     1174.8948    63     1185.0000     1147.3837  7408610    3.17%
 104504 28102     1167.7483    63     1185.0000     1147.3837  7275274    3.17%
 105797 28523     1170.3612    36     1185.0000     1147.5388  7367930    3.16%
                                                     Cuts: 10                  
 107095 30393     1171.5914    44     1185.0000     1147.7605  7669088    3.14%
                                                      Cuts: 4                  
 108362 29776     1172.8760    35     1185.0000     1147.7605  7576408    3.14%
Elapsed time = 1839.79 sec. (283444.11 ticks, tree = 363.90 MB, solutions = 11)
 109753 29593     1180.4270    34     1185.0000     1147.8597  7553759    3.13%
                                                     Cuts: 10                  
 111010 30779        cutoff           1185.0000     1148.0241  7738553    3.12%
 112267 30489     1160.9713    47     1185.0000     1148.0740  7687521    3.12%
                                                      Cuts: 8                  
 113531 31627        cutoff           1185.0000     1148.2319  7872778    3.10%
                                                     Cuts: 10                  
 114832 31855     1165.9414    56     1185.0000     1148.2319  7920167    3.10%
 116276 31952     1176.5473    56     1185.0000     1148.4657  7935354    3.08%
                                                      Cuts: 8                  
 117606 32555     1155.3729    44     1185.0000     1148.7040  8043444    3.06%
                                                      Cuts: 2                  
 118958 32891     1176.9010    57     1185.0000     1148.7040  8096560    3.06%
 120219 34806     1170.9261    42     1185.0000     1148.9940  8396705    3.04%
                                                      Cuts: 4                  
 121564 33678     1172.6394    49     1185.0000     1148.9940  8222266    3.04%
Elapsed time = 2090.06 sec. (321620.08 ticks, tree = 440.18 MB, solutions = 11)
 122904 34705     1158.8386    58     1185.0000     1149.1915  8380952    3.02%
                                                      Cuts: 8                  
 124258 34728     1168.4837    36     1185.0000     1149.1915  8383670    3.02%
 125529 36106     1155.6711    23     1185.0000     1149.5278  8601759    2.99%
                                                      Cuts: 4                  
 126871 35676     1175.9519    42     1185.0000     1149.7287  8530568    2.98%
 128118 35708     1183.4289    40     1185.0000     1149.7287  8536272    2.98%
 129521 37011     1171.2652    38     1185.0000     1149.9556  8738049    2.96%
 130818 37762     1177.8204    33     1185.0000     1150.0202  8850570    2.95%
 132165 37540     1153.9850    42     1185.0000     1150.1580  8812615    2.94%
                                                      Cuts: 2                  
 133470 37766     1180.4459    63     1185.0000     1150.4265  8853465    2.92%
 134825 38648     1177.5556    38     1185.0000     1150.4265  8980745    2.92%
Elapsed time = 2346.63 sec. (359794.77 ticks, tree = 506.95 MB, solutions = 11)
 136171 39902     1168.2522    73     1185.0000     1150.4265  9181537    2.92%
                                                      Cuts: 2                  
 137497 40446     1160.0185    43     1185.0000     1150.6311  9269725    2.90%
 138736 39891     1162.7072    45     1185.0000     1150.6311  9174156    2.90%
 140085 41215     1156.8658    54     1185.0000     1150.9246  9401283    2.88%
 141439 41513     1154.6318    53     1185.0000     1151.2441  9444251    2.85%
 142761 41440     1155.6776    42     1185.0000     1151.2441  9435018    2.85%
 144077 42849     1169.8110    54     1185.0000     1151.2441  9651514    2.85%
                                                      Cuts: 8                  
 145453 42464     1174.0497    19     1185.0000     1151.3106  9597188    2.84%
 146790 43342     1164.6089    44     1185.0000     1151.4136  9720649    2.83%
 148128 43722     1162.4472    12     1185.0000     1151.4807  9767404    2.83%
Elapsed time = 2591.72 sec. (397966.35 ticks, tree = 612.25 MB, solutions = 11)
 149503 44814     1153.0118    34     1185.0000     1151.7788  9935142    2.80%
 150764 44921     1182.0531    32     1185.0000     1151.7788  9950269    2.80%
 152158 45269     1163.7568    68     1185.0000     1152.0388 10000442    2.78%
                                                      Cuts: 4                  
 153520 44879     1166.8233    36     1185.0000     1152.0388  9944893    2.78%
                                                      Cuts: 2                  
 154887 46955     1169.7610    41     1185.0000     1152.2494 10257335    2.76%
 156187 45395     1167.5779    38     1185.0000     1152.2494 10021510    2.76%
                                                      Cuts: 2                  
 157522 48102     1158.9210    30     1185.0000     1152.3432 10432070    2.76%
 158910 47414     1164.1804    43     1185.0000     1152.4337 10327467    2.75%
 160291 49114     1162.3683    36     1185.0000     1152.6138 10618124    2.73%
                                                      Cuts: 8                  
 161654 47625     1175.8177    31     1185.0000     1152.6138 10359740    2.73%
Elapsed time = 2846.82 sec. (436157.51 ticks, tree = 679.17 MB, solutions = 11)
 162956 49650     1166.1714    63     1185.0000     1153.0737 10701336    2.69%
                                                     Cuts: 12                  
 164349 49734     1177.3310    29     1185.0000     1153.0737 10713506    2.69%
 165725 49389     1160.6247    31     1185.0000     1153.0737 10657296    2.69%
                                                      Cuts: 4                  
 167156 51123        cutoff           1185.0000     1153.0737 10947653    2.69%
 168419 50951     1165.2610    45     1185.0000     1153.1545 10921418    2.69%
                                                      Cuts: 6                  
 169807 49813        cutoff           1185.0000     1153.1545 10725410    2.69%
 171144 52177     1162.1382    41     1185.0000     1153.3738 11097556    2.67%
 172531 52401     1170.4313    73     1185.0000     1153.3738 11135579    2.67%
 173887 51845     1166.4143    24     1185.0000     1153.7502 11042117    2.64%
                                                      Cuts: 6                  
 175199 51867     1157.8297    55     1185.0000     1153.7502 11045133    2.64%
Elapsed time = 3093.01 sec. (474316.04 ticks, tree = 789.72 MB, solutions = 11)
 176620 53262     1173.0504    46     1185.0000     1153.7502 11285806    2.64%
 177962 54153     1171.6293    55     1185.0000     1153.7502 11435490    2.64%
 179421 54083     1159.1311    66     1185.0000     1153.8371 11422627    2.63%
                                                      Cuts: 2                  
 180850 54972     1169.6338    46     1185.0000     1153.8371 11563920    2.63%
 182251 55798     1165.9780    34     1185.0000     1154.0410 11694086    2.61%
                                                      Cuts: 4                  
 183642 54142     1162.5098    35     1185.0000     1154.0410 11431095    2.61%
 184906 55854     1173.3664    36     1185.0000     1154.3915 11700123    2.58%
                                                      Cuts: 2                  
 186271 55623     1172.8126    41     1185.0000     1154.3915 11667972    2.58%
 187681 56853     1157.6295    56     1185.0000     1154.3915 11876363    2.58%
                                                     Cuts: 12                  
 189061 57944     1163.0247    52     1185.0000     1154.3915 12057948    2.58%
Elapsed time = 3337.53 sec. (512527.01 ticks, tree = 840.86 MB, solutions = 11)
 190439 58164     1171.5220    41     1185.0000     1154.5251 12090710    2.57%
                                                      Cuts: 4                  
 191729 57354     1161.2821    36     1185.0000     1154.5251 11960890    2.57%
 193109 57870     1173.2292    51     1185.0000     1154.7249 12039481    2.55%
                                                      Cuts: 4                  
 194519 57867     1170.1772    33     1185.0000     1154.7249 12037693    2.55%
 195888 60747     1168.4971    46     1185.0000     1155.0621 12530758    2.53%
                                                     Cuts: 10                  
 197354 59350     1171.1472    52     1185.0000     1155.0621 12291066    2.53%
 198708 60656     1163.5091    44     1185.0000     1155.0621 12514192    2.53%
                                                      Cuts: 8                  
 200135 60340     1177.4285    38     1185.0000     1155.0621 12465169    2.53%
 201526 60706     1178.5752    23     1185.0000     1155.2119 12521383    2.51%
 202905 62913     1164.0260    45     1185.0000     1155.2119 12876903    2.51%
Elapsed time = 3583.37 sec. (550699.30 ticks, tree = 954.48 MB, solutions = 11)
 204355 61163     1171.5434    58     1185.0000     1155.3785 12594727    2.50%
 205724 63176     1161.8737    62     1185.0000     1155.3785 12922478    2.50%
 207047 62235     1180.2548    36     1185.0000     1155.4554 12768047    2.49%
 208047 62643     1180.4518    15     1185.0000     1155.4554 12833938    2.49%
 208712 63219     1164.9850    40     1185.0000     1155.4554 12925176    2.49%
 209052 62946     1166.2061    33     1185.0000     1155.4554 12883021    2.49%
 209205 63729     1162.9830    61     1185.0000     1155.4554 13007105    2.49%

Cover cuts applied:  18
Implied bound cuts applied:  349
Flow cuts applied:  193
Mixed integer rounding cuts applied:  86
Flow path cuts applied:  1
Zero-half cuts applied:  2
Multi commodity flow cuts applied:  4
Lift and project cuts applied:  8
Gomory fractional cuts applied:  1

Root node processing (before b&c):
  Real time             =    1.73 sec. (2014.32 ticks)
Parallel b&c, 24 threads:
  Real time             = 3596.54 sec. (578117.55 ticks)
  Sync time (average)   =    0.51 sec.
  Wait time (average)   =    0.39 sec.
                          ------------
Total (root+branch&cut) = 3598.27 sec. (580131.87 ticks)


 >>>> Final solution: leader objective value 1185.0000000000 (cplex value 1185.0000000000 truecost 1185.0000000000) time    3600.03 <<<<



 OK: feasibility check passed with cost 1185.000000 and f* 0.00000000000000000000 vs Phi(x*) 0.00000000000000000000

STAH; input_file ; zbest ; final_bound ; root_bound; time (s.); root_time (s.); opt ;nodes ; %root_gap; %final_gap; setting 
STAT; /home/utr_thuerauf/projects/bilevel-library/code-mergen/data/MIPLIB2010/aflow40b_50_50.mps.gz ; 1185.000000 ; 1155.884992  ; 1102.582166 ; 3600.032811 ; 1.760241 ; 0 ;209237 ; 6.955091 ; 2.456963 ; 4 


-------------------------------------------------------------------------------------------------------------------------
 BEST SOLUTION AVAILABLE FOR /home/utr_thuerauf/projects/bilevel-library/code-mergen/data/MIPLIB2010/aflow40b_50_50.mps.gz 
 LEADER COST 1185.000000 FOLLOWER COST 0.000000

                    x7                   1.0000000000
                   x20                   1.0000000000
                   x22                   1.0000000000
                   x32                   1.0000000000
                   x50                   1.0000000000
                  x139                   1.0000000000
                  x264                   1.0000000000
                  x266                   1.0000000000
                  x295                   1.0000000000
                  x376                   1.0000000000
                  x387                   1.0000000000
                  x452                   1.0000000000
                  x481                   1.0000000000
                  x499                   1.0000000000
                  x582                   1.0000000000
                  x605                   1.0000000000
                  x643                   1.0000000000
                  x675                   1.0000000000
                  x682                   1.0000000000
                  x708                   1.0000000000
                  x716                   1.0000000000
                  x727                   1.0000000000
                  x730                   1.0000000000
                  x767                   1.0000000000
                  x790                   1.0000000000
                  x791                   1.0000000000
                  x800                   1.0000000000
                  x809                   1.0000000000
                  x812                   1.0000000000
                  x902                   1.0000000000
                  x927                   1.0000000000
                  x933                   1.0000000000
                  x957                   1.0000000000
                  x973                   1.0000000000
                 x1161                   1.0000000000
                 x1178                   1.0000000000
                 x1190                   1.0000000000
                 x1246                   1.0000000000
                 x1332                   1.0000000000
                 x1398                   8.0000000000
                 x1414                   4.0000000000
                 x1449                   1.0000000000
                 x1521                  12.0000000000
                 x1571                  10.0000000000
                 x1601                   5.0000000000
                 x1645                   6.0000000000
                 x1715                   9.0000000000
                 x1752                  15.0000000000
                 x1798                   4.0000000000
                 x1800                   9.0000000000
                 x1813                  18.0000000000
                 x1853                  10.0000000000
                 x1884                  10.0000000000
                 x1936                  14.0000000000
                 x1972                   8.0000000000
                 x1976                  11.0000000000
                 x2004                   5.0000000000
                 x2034                   7.0000000000
                 x2083                  13.0000000000
                 x2122                  46.0000000000
                 x2158                  23.0000000000
                 x2220                   7.0000000000
                 x2255                  65.0000000000
                 x2293                  12.0000000000
                 x2340                  14.0000000000
                 x2368                  11.0000000000
                 x2373                  11.0000000000
                 x2402                   1.0000000000
                 x2408                  96.0000000000
                 x2442                  30.0000000000
                 x2458                  25.0000000000
                 x2470                  76.0000000000
                 x2493                  10.0000000000
                 x2496                  11.0000000000
                 x2539                   2.0000000000
                 x2562                  18.0000000000
                 x2610                   9.0000000000
                 x2698                  37.0000000000
-------------------------------------------------------------------------------------------------------------------------

