License for 'CIBOL Team' expires on Tue Aug  9 02:00:00 2039
 
../bilevel -mpsfile /home/utr_thuerauf/projects/bilevel-library/code-mergen/data/MIPLIB2010/aflow40b_100_0.mps.gz -auxfile /home/utr_thuerauf/projects/bilevel-library/code-mergen/data/MIPLIB2010/aflow40b_100_0.aux -time_limit 3600 
... using custom setting 4
The chosen setting is MIX++


available parameters --------------------------------------------------
-mpsfile /home/utr_thuerauf/projects/bilevel-library/code-mergen/data/MIPLIB2010/aflow40b_100_0.mps.gz (the input file, part 1, needs to end with .mps; see readme.md for details on the format)
-auxfile /home/utr_thuerauf/projects/bilevel-library/code-mergen/data/MIPLIB2010/aflow40b_100_0.aux (the input file, part 2, needs to end with .aux; only needs to be given if differently named as the mps-file)
-time_limit, 3600 (in seconds, default: 3600)
-available_memory, 12000 (in MB, default: 12000)
-nodefile . (location for CPLEX nodefile to be used if available_memory is exhausted, default: current directory)
-num_threads, 0 (0: all available (default); note: opportunistic mode of CPLEX, to change see next option)
-randomseed, 0 (negative seed turns on deterministic multithread mode of CPLEX, default: 0)
-node_limit, -1 (-1: no limit (default))
-cplex_cuts, 1 (0: off, 1: normal (default), 2: moderate, 3: aggressive)
-print_sol, 1 (0: no, 1: print nonzero entries of the final solution (default), 2: print also the zero entries)
-setting, 4 (see below for description, default: MIX++)
 ----------------------------------------------------------------------------------------------

AVAILABLE SETTINGS------------------------------------------------------------------------------
1 SEP1++
2 SEP2++
3 XU++
4 MIX++
21 SEP1+F
22 SEP2+F
23 XU+F
24 MIX+F
31 SEP1+P
32 SEP2+P
33 XU+P
34 MIX+P
41 SEP1
42 SEP2
43 XU
44 MIX
98 HC
99 HC++
----------------------------------------------------------------------------------------------

 ... Cplex in opportunistic mode with 24 thread(s)
Selected objective sense:  MINIMIZE
Selected objective  name:  total_costs
Selected RHS        name:  rhs
Selected bound      name:  bnd
HPR has 2728 cols
Original HPR has 1442 rows
Updated HPR has 1442 rows
Follower variables integer 0 binary 0
Leader variables integer 1 binary 1
Problem variables integer 0 binary 0
Body has 1 rows 
Leader objective all integer (var+coeff?) 1
Follower objective all integer (var+coeff?) 1
Leader all integer (obj+cons+var?) 0
Follower all integer (obj+cons+var?) 1
Leader has 1364 cols
Leader has 1442 rows
Follower has 1364 cols
Follower has 0 rows



 -------------- PROBLEM STATISTICS for /home/utr_thuerauf/projects/bilevel-library/code-mergen/data/MIPLIB2010/aflow40b_100_0.mps.gz 
      master   with     0 integer and  1364 binary variables (out of  2728 var.s) and  1443 constr.s
      follower with     0 integer and     0 binary variables (out of  2728 var.s) and     0 constr.s
 --------------------------------------------------------------------------------------------------------------------------------------------------------

CPXPARAM_Simplex_Tolerances_Feasibility          1.0000000000000001e-09
CPXPARAM_Preprocessing_Presolve                  0
CPXPARAM_TimeLimit                               3599.9631533320062
CPXPARAM_Preprocessing_Reduce                    0
CPXPARAM_Preprocessing_Linear                    0
CPXPARAM_WorkMem                                 12000
CPXPARAM_Threads                                 24
CPXPARAM_Parallel                                -1
CPXPARAM_MIP_Tolerances_MIPGap                   1.0000000000000001e-09
CPXPARAM_MIP_Tolerances_Integrality              0
CPXPARAM_MIP_Display                             4
CPXPARAM_MIP_Strategy_File                       3
CPXPARAM_MIP_Limits_Nodes                        0
CPXPARAM_MIP_Strategy_StartAlgorithm             6
CPXPARAM_MIP_Strategy_VariableSelect             3
CPXPARAM_MIP_Strategy_HeuristicFreq              -1
CPXPARAM_MIP_Strategy_Probe                      3
CPXPARAM_MIP_Strategy_CallbackReducedLP          0
CPXPARAM_MIP_Strategy_RINSHeur                   -1
Warning: Control callbacks may disable some MIP features.
Probing time = 0.02 sec. (10.58 ticks)
Cover probing fixed 0 vars, tightened 104 bounds.
Clique table members: 39.
MIP emphasis: balance optimality and feasibility.
MIP search method: traditional branch-and-cut.
Parallel mode: opportunistic, using up to 24 threads.
Parallel mode: opportunistic, using up to 24 threads for concurrent optimization.
Initializing dual steep norms . . .

Iteration log . . .
Iteration:     1   Dual objective     =           767.000000
Perturbation started.
Iteration:   101   Dual objective     =           767.000000
Iteration:   223   Dual objective     =           767.002031
Iteration:   312   Dual objective     =           912.656304
Iteration:   403   Dual objective     =           931.700396
Iteration:   492   Dual objective     =           965.842116
Iteration:   565   Dual objective     =           965.842152
Iteration:   647   Dual objective     =           965.842229
Iteration:   733   Dual objective     =           983.770052
Iteration:   806   Dual objective     =           983.770088
Iteration:   879   Dual objective     =           983.770124
Iteration:   956   Dual objective     =           990.842757
Iteration:  1033   Dual objective     =           992.117798
Iteration:  1095   Dual objective     =          1001.537891
Iteration:  1171   Dual objective     =          1002.875961
Iteration:  1247   Dual objective     =          1004.585368
Removing perturbation.
Reinitializing dual norms . . .

Dual simplex solved model.

Root relaxation solution time = 0.04 sec. (40.87 ticks)

        Nodes                                         Cuts/
   Node  Left     Objective  IInf  Best Integer    Best Bound    ItCnt     Gap

      0     0     1005.6648    38                   1005.6648     1312         
      0     0     1050.3826    63                   Cuts: 114     1872         
      0     0     1068.4528    58                   Cuts: 123     2272         
      0     0     1075.8992    74                    Cuts: 74     2503         
      0     0     1079.7058    81                    Cuts: 62     2698         
      0     0     1087.4334    95                    Cuts: 77     3007         
      0     0     1093.7301    89                   Cuts: 106     3187         
      0     0     1097.4708    89                    Cuts: 49     3378         
      0     0     1099.3283    90                    Cuts: 51     3586         
      0     0     1100.7032    89                    Cuts: 53     3731         
      0     0     1102.9232    93                    Cuts: 40     3856         
      0     0     1104.9605    91                    Cuts: 37     4013         
      0     0     1105.5709    98                    Cuts: 48     4107         
      0     0     1106.3460   100                    Cuts: 26     4218         
      0     0     1106.9690    99                    Cuts: 27     4295         
      0     0     1107.0907   100                    Cuts: 31     4341         
      0     0     1107.3132    99                    Cuts: 30     4403         
      0     0     1107.6107    93                    Cuts: 27     4439         
      0     0     1107.7152    92                    Cuts: 15     4481         

Cover cuts applied:  8
Implied bound cuts applied:  37
Flow cuts applied:  81
Mixed integer rounding cuts applied:  47
Flow path cuts applied:  1
Zero-half cuts applied:  4
Multi commodity flow cuts applied:  1
Lift and project cuts applied:  3
Gomory fractional cuts applied:  1

Root node processing (before b&c):
  Real time             =    2.41 sec. (2861.04 ticks)
Parallel b&c, 24 threads:
  Real time             =    0.00 sec. (0.00 ticks)
  Sync time (average)   =    0.00 sec.
  Wait time (average)   =    0.00 sec.
                          ------------
Total (root+branch&cut) =    2.41 sec. (2861.04 ticks)
CPLEX Error  1217: No solution exists.
CPLEX Error  1217: No solution exists.
CPXPARAM_Simplex_Tolerances_Feasibility          1.0000000000000001e-09
CPXPARAM_Preprocessing_Presolve                  0
CPXPARAM_TimeLimit                               3597.5453135750722
CPXPARAM_Preprocessing_Reduce                    0
CPXPARAM_Preprocessing_Linear                    0
CPXPARAM_WorkMem                                 12000
CPXPARAM_Threads                                 24
CPXPARAM_Parallel                                -1
CPXPARAM_MIP_Tolerances_UpperCutoff              1e+20
CPXPARAM_MIP_Tolerances_MIPGap                   1.0000000000000001e-09
CPXPARAM_MIP_Tolerances_Integrality              0
CPXPARAM_MIP_Display                             4
CPXPARAM_MIP_Strategy_File                       3
CPXPARAM_MIP_Strategy_StartAlgorithm             6
CPXPARAM_MIP_Strategy_VariableSelect             3
CPXPARAM_MIP_Strategy_HeuristicFreq              -1
CPXPARAM_MIP_Strategy_Probe                      3
CPXPARAM_MIP_Strategy_CallbackReducedLP          0
CPXPARAM_MIP_Strategy_RINSHeur                   -1
Warning: Control callbacks may disable some MIP features.
MIP emphasis: balance optimality and feasibility.
MIP search method: traditional branch-and-cut.
Parallel mode: opportunistic, using up to 24 threads.

        Nodes                                         Cuts/
   Node  Left     Objective  IInf  Best Integer    Best Bound    ItCnt     Gap

      0     0     1108.1405   101                    Cuts: 28     4552         
      0     0     1108.3233    98                    Cuts: 33     4602         
      0     0     1108.6697    99                    Cuts: 21     4678         
      0     0     1108.7216    99                    Cuts: 10     4706         
      0     0     1108.7838    98                     Cuts: 3     4720         
      0     0     1108.8228    99                    Cuts: 20     4745         
      0     0     1109.2345    92                     Cuts: 4     4831         
      0     0     1109.4445    98                    Cuts: 27     4893         
      0     0     1109.8395    99                    Cuts: 29     4999         
      0     0     1110.0424   100                    Cuts: 30     5065         
      0     0     1110.0747   101                     Cuts: 9     5102         
      0     2     1110.0747   101                    Cuts: 62     5102         
Elapsed time = 3.12 sec. (1907.76 ticks, tree = 0.01 MB, solutions = 0)
     32    26     1146.3791    72                   1113.5900    10163         
                                                     Cuts: 32                  
     85    54     1143.5829    74                   1113.8633    17759         
    136    59     1157.1655    71                   1114.5459    21811         
    188    60     1128.9658    73                   1114.5459    20282         
    241    64     1130.4183    73                   1114.6750    21045         
    299   336     1222.4701    61                   1114.6750   112953         
    360   268     1181.1534    49                   1114.6750    86398         
    428   312     1241.4764    59                   1114.6750   101715         
    490   219     1120.2185    75                   1114.6750    69147         
    759   434     1156.3466    72                   1114.6750   124866         
Elapsed time = 24.23 sec. (5051.04 ticks, tree = 0.63 MB, solutions = 0)
   1053   679     1188.4624    24                   1114.6750   151969         
   1392   857     1208.3920    56                   1114.6750   172257         
   1752  1206     1522.2294    30                   1114.6750   203561         
*  1962+ 1737                         1404.0000     1114.6750            20.61%
Found incumbent of value 1404.000000 after 45.88 sec. (8426.86 ticks)
   2359  1703     1302.4881    33     1404.0000     1114.6750   245536   20.61%
   2723  1834     1125.8649    65     1404.0000     1114.6750   283738   20.61%
                                                     Cuts: 14                  
   3048  2241     1147.7010    49     1404.0000     1114.6750   355117   20.61%
                                                     Cuts: 46                  
   3339  2235     1272.6056    34     1404.0000     1114.6750   351748   20.61%
                                                      Cuts: 8                  
   3649  2466     1184.3848    32     1361.0000     1114.6750   405237   18.10%
   3919  2428     1178.9468    47     1361.0000     1118.4289   443930   17.82%
                                                      Cuts: 2                  
Elapsed time = 80.60 sec. (14157.34 ticks, tree = 2.05 MB, solutions = 4)
   4189  2576     1142.7162    59     1265.0000     1118.8406   485944   11.55%
                                                      Cuts: 4                  
   4480  1992     1196.5310    42     1265.0000     1118.8406   573564   11.55%
                                                      Cuts: 6                  
   4777  1989     1236.7704    31     1265.0000     1118.9662   574842   11.54%
                                                     Cuts: 10                  
   5072  2251     1235.9366    33     1265.0000     1118.9662   647311   11.54%
                                                     Cuts: 10                  
   5363  2324     1157.8752    50     1265.0000     1118.9662   671009   11.54%
                                                     Cuts: 16                  
   5641  2568     1236.6000     6     1265.0000     1118.9662   741238   11.54%
                                                      Cuts: 4                  
   5953  2777     1176.6489    51     1265.0000     1118.9662   791243   11.54%
                                                     Cuts: 20                  
   6254  3249     1254.7560    27     1265.0000     1118.9662   884597   11.54%
                                                     Cuts: 26                  
   6555  3423     1215.3349    26     1265.0000     1122.0572   919477   11.30%
   6842  3361     1163.6113    50     1265.0000     1122.0572   910521   11.30%
                                                      Cuts: 4                  
Elapsed time = 141.00 sec. (23722.03 ticks, tree = 4.09 MB, solutions = 4)
   7137  3645     1210.4540    45     1265.0000     1122.0572   961997   11.30%
                                                     Cuts: 22                  
   7441  3877     1254.7255    15     1265.0000     1123.2886  1008614   11.20%
                                                      Cuts: 6                  
   7717  3997    infeasible           1265.0000     1123.2886  1024839   11.20%
                                                     Cuts: 14                  
   8005  3988     1192.9159    43     1265.0000     1127.2775  1022501   10.89%
                                                      Cuts: 8                  
   8295  4190     1160.2768    53     1265.0000     1128.3255  1056546   10.80%
   8565  4524     1182.0658    69     1265.0000     1129.6562  1107808   10.70%
                                                      Cuts: 6                  
   8845  4597     1165.7788    33     1261.0000     1130.2942  1117776   10.37%
                                                      Cuts: 8                  
   9126  4872     1209.1320    48     1261.0000     1130.2942  1179071   10.37%
                                                     Cuts: 14                  
   9400  4982     1142.3685    56     1261.0000     1130.2942  1197110   10.37%
                                                     Cuts: 10                  
   9677  5352     1188.5338    44     1261.0000     1130.3215  1248283   10.36%
Elapsed time = 201.27 sec. (33277.45 ticks, tree = 6.39 MB, solutions = 5)
   9954  5202     1216.4924    41     1261.0000     1130.3215  1227854   10.36%
                                                      Cuts: 8                  
  10251  5207     1137.6844    72     1261.0000     1130.3215  1228920   10.36%
                                                     Cuts: 12                  
  10528  5793     1207.9892    30     1261.0000     1130.3215  1328423   10.36%
                                                      Cuts: 2                  
  10820  5840     1167.3991    67     1261.0000     1130.3215  1334525   10.36%
  11124  5738     1206.7982    36     1261.0000     1130.3215  1314503   10.36%
                                                      Cuts: 8                  
  11403  6126        cutoff           1261.0000     1133.0267  1380667   10.15%
                                                     Cuts: 10                  
  11676  6266     1239.7499    22     1261.0000     1133.0267  1402163   10.15%
  11957  6493     1231.3688    28     1261.0000     1133.0267  1433158   10.15%
                                                      Cuts: 8                  
  12223  6973     1237.3120    31     1261.0000     1133.0267  1519724   10.15%
                                                      Cuts: 2                  
  12507  6894     1212.7835    45     1261.0000     1133.0267  1504652   10.15%
Elapsed time = 261.55 sec. (42842.79 ticks, tree = 8.63 MB, solutions = 5)
  12780  7426     1210.7463    11     1261.0000     1133.0267  1608209   10.15%
                                                      Cuts: 2                  
  13071  7193     1143.6842    43     1261.0000     1133.0267  1563590   10.15%
                                                      Cuts: 2                  
  13336  7591     1141.8953    53     1261.0000     1134.9542  1637450   10.00%
  13613  7572     1175.0365    63     1255.0000     1134.9542  1679685    9.57%
                                                      Cuts: 4                  
  13881  7544     1194.0050    34     1255.0000     1135.4985  1670959    9.52%
  14181  7520     1227.9881    21     1255.0000     1135.4985  1666357    9.52%
  14503  7867     1216.8494    23     1255.0000     1135.8151  1732667    9.50%
                                                      Cuts: 8                  
  14851  7869     1247.6135    19     1255.0000     1135.8151  1734069    9.50%
  15160  8046     1178.7223    61     1255.0000     1135.8151  1756613    9.50%
  15455  8576     1188.1792    48     1255.0000     1135.8151  1810587    9.50%
                                                      Cuts: 4                  
Elapsed time = 321.64 sec. (52403.55 ticks, tree = 32.87 MB, solutions = 7)
  15779  8819     1236.1361    36     1255.0000     1136.0444  1834848    9.48%
  16096  8992     1188.1120    54     1255.0000     1136.0444  1854228    9.48%
                                                      Cuts: 6                  
  16397  8907     1227.4586    42     1255.0000     1136.0444  1846256    9.48%
  16722  9051        cutoff           1255.0000     1136.7813  1861327    9.42%
                                                      Cuts: 8                  
  17023  9092     1214.8465    50     1255.0000     1136.7813  1865325    9.42%
  17305  9548     1235.3848    24     1255.0000     1136.7813  1916381    9.42%
  17604  9688     1180.3894    58     1255.0000     1136.7813  1934904    9.42%
  17907 10124     1193.9892    48     1255.0000     1137.0138  1988022    9.40%
                                                      Cuts: 6                  
  18203  9772     1196.6107    42     1255.0000     1137.6516  1948202    9.35%
                                                      Cuts: 6                  
  18538 10582     1148.1505    65     1255.0000     1137.8304  2046463    9.34%
Elapsed time = 381.59 sec. (61991.70 ticks, tree = 59.15 MB, solutions = 7)
  18853 10534     1140.9654    70     1255.0000     1137.8304  2042891    9.34%
                                                     Cuts: 10                  
  19149 10300     1165.3144    48     1255.0000     1137.9038  2009057    9.33%
  19429 10339     1166.4856    44     1255.0000     1137.9433  2014818    9.33%
                                                      Cuts: 4                  
  19726 10665     1152.9427    38     1205.0000     1138.2239  2056531    5.54%
  20010 11008     1194.6586    53     1205.0000     1138.5002  2099785    5.52%
                                                      Cuts: 8                  
  20289 10870     1194.8263    58     1205.0000     1138.5002  2084731    5.52%
  20577  6022     1177.4792    48     1205.0000     1138.5002  2113814    5.52%
                                                      Cuts: 6                  
  20872  6148     1169.6277    40     1200.0000     1138.5002  2154246    5.12%
  21152  6278     1201.0089    39     1200.0000     1138.7171  2188054    5.11%
                                                     Cuts: 14                  
  21433  5860        cutoff           1200.0000     1138.7171  2220865    5.11%
Elapsed time = 441.33 sec. (71548.14 ticks, tree = 37.29 MB, solutions = 9)
  21720  6367     1149.4894    56     1200.0000     1139.4680  2208085    5.04%
                                                      Cuts: 8                  
  22008  6060     1159.3933    38     1200.0000     1139.4680  2267999    5.04%
  22279  6307     1147.0289    64     1200.0000     1139.4680  2315562    5.04%
                                                      Cuts: 4                  
  22562  6283     1193.9508    43     1200.0000     1139.7994  2311686    5.02%
  22822  6267     1177.0739    63     1200.0000     1139.8953  2306891    5.01%
  23102  6496        cutoff           1200.0000     1140.3923  2350294    4.97%
                                                     Cuts: 14                  
  23386  6426     1153.3075    62     1200.0000     1140.4461  2335451    4.96%
  23680  6601     1168.5318    63     1200.0000     1140.9799  2365502    4.92%
                                                      Cuts: 4                  
  23971  6677     1182.4497    51     1200.0000     1141.0307  2378381    4.91%
  24253  6898     1183.9907    34     1200.0000     1141.2724  2418624    4.89%
                                                      Cuts: 8                  
Elapsed time = 499.94 sec. (81119.25 ticks, tree = 60.08 MB, solutions = 9)
  24540  6868     1162.6914    76     1200.0000     1141.7174  2412354    4.86%
  24830  7027        cutoff           1200.0000     1141.7174  2442567    4.86%
  25119  7211     1190.6371    50     1200.0000     1141.9833  2471200    4.83%
                                                      Cuts: 8                  
  25401  6964     1203.0766    50     1200.0000     1141.9833  2430664    4.83%
  25704  7567     1188.2933    49     1200.0000     1142.4666  2545207    4.79%
                                                     Cuts: 22                  
  26020  7415     1172.9006    46     1200.0000     1142.4666  2512478    4.79%
* 26044  7397      integral     0     1199.0000     1142.4666  2506487    4.72%
Found incumbent of value 1199.000000 after 538.48 sec. (86938.48 ticks)
  26316  7818     1170.2516    67     1199.0000     1142.7075  2627909    4.69%
  26607  7800     1150.1315    68     1199.0000     1142.8004  2589567    4.69%
                                                     Cuts: 12                  
  26901  7772     1177.8759    55     1199.0000     1142.8004  2585682    4.69%
  28034  7935     1193.8984    14     1199.0000     1143.7122  2648543    4.61%
                                                      Cuts: 4                  
Elapsed time = 577.75 sec. (93579.63 ticks, tree = 73.86 MB, solutions = 10)
  29174  8395     1158.6703    68     1199.0000     1144.1149  2737913    4.58%
                                                     Cuts: 24                  
  30332  8756     1190.3580    38     1199.0000     1145.0670  2808380    4.50%
                                                      Cuts: 6                  
  31482  9244     1186.4519    45     1199.0000     1145.4050  2898116    4.47%
                                                     Cuts: 12                  
  32659  9373     1170.4681    51     1199.0000     1146.1857  2924662    4.40%
                                                     Cuts: 10                  
  33780  9764     1169.0721    48     1199.0000     1146.6999  3010851    4.36%
                                                      Cuts: 4                  
  34917 10283     1153.0057    56     1199.0000     1146.9255  3119104    4.34%
                                                      Cuts: 4                  
  36063 10700     1173.6279    33     1199.0000     1147.4844  3210438    4.30%
                                                     Cuts: 18                  
  37158 11183     1165.6016    48     1199.0000     1148.0687  3316654    4.25%
                                                      Cuts: 8                  
  38254 11081     1164.3667    43     1199.0000     1148.3446  3298578    4.22%
                                                      Cuts: 6                  
  39379 11390     1180.2430    28     1199.0000     1149.0532  3361837    4.17%
                                                      Cuts: 6                  
Elapsed time = 818.47 sec. (131748.79 ticks, tree = 129.75 MB, solutions = 10)
  40534 11544     1179.0771    41     1199.0000     1149.1663  3401363    4.16%
                                                      Cuts: 8                  
  41666 12024     1172.1995    53     1199.0000     1149.7816  3516910    4.10%
  42812 12314     1182.0170    44     1199.0000     1149.7816  3576601    4.10%
                                                      Cuts: 6                  
  43952 12772     1157.4359    57     1199.0000     1150.1717  3661741    4.07%
                                                      Cuts: 4                  
  45095 13221        cutoff           1183.0000     1150.3264  3751764    2.76%
  46239  8463     1170.4328    36     1183.0000     1150.6650  3815604    2.73%
  47370  8729     1165.5499    30     1183.0000     1150.8842  3915413    2.71%
                                                     Cuts: 32                  
  48500  9057     1160.1497    63     1183.0000     1151.0805  4050230    2.70%
  49638  9030     1157.6826    48     1183.0000     1151.7501  4037096    2.64%
  50797  8833     1153.2130    71     1183.0000     1151.7501  3953748    2.64%
Elapsed time = 1101.50 sec. (169912.36 ticks, tree = 110.25 MB, solutions = 11)
  51919  8917     1164.3403    63     1183.0000     1152.0634  3985505    2.62%
  53039  9112     1176.6547    43     1183.0000     1152.0634  4081748    2.62%
                                                     Cuts: 48                  
  54185  9533     1160.3343    73     1183.0000     1152.4372  4263459    2.58%
  55345  9241     1156.4601    73     1183.0000     1152.8147  4138582    2.55%
  56472  9698     1164.7014    58     1183.0000     1153.1912  4352337    2.52%
  57629  9934     1173.5406    36     1183.0000     1153.5373  4457817    2.49%
  58759  9640     1166.8463    41     1183.0000     1153.5373  4322424    2.49%
                                                     Cuts: 60                  
  59929 10950     1164.7953    64     1183.0000     1153.9706  4956535    2.45%
  61095 10828     1173.9112    61     1183.0000     1154.6590  4896329    2.40%
  62261 10785     1176.7902    75     1183.0000     1154.6590  4861207    2.40%
                                                     Cuts: 26                  
Elapsed time = 1336.58 sec. (208098.90 ticks, tree = 142.54 MB, solutions = 11)
  63393 10923     1175.4809    50     1183.0000     1155.2373  4933993    2.35%
  64559 11114     1170.4057    50     1183.0000     1155.5054  5082008    2.32%
  65685 11191     1179.8980    67     1183.0000     1156.0113  5153231    2.28%
  66827 11153     1173.8012    46     1183.0000     1156.8939  5115160    2.21%
                                                     Cuts: 20                  
  67960 10741     1174.4567    60     1183.0000     1157.0112  4832361    2.20%
  69102 11493     1164.9760    70     1183.0000     1157.3231  5385560    2.17%
                                                     Cuts: 24                  
  70289 11621     1178.1779    65     1183.0000     1157.3734  5469044    2.17%
  71437 11690     1162.0635    57     1183.0000     1158.2684  5533749    2.09%
  72615 11633     1178.1938    40     1183.0000     1158.6895  5481878    2.05%
  73777 11523     1168.5194    22     1183.0000     1158.6895  5404810    2.05%
                                                     Cuts: 32                  
Elapsed time = 1564.93 sec. (246283.19 ticks, tree = 151.86 MB, solutions = 11)
  74930 12032     1162.9868    44     1183.0000     1158.7778  5849105    2.05%
  76061 12131     1162.1567    57     1183.0000     1159.5990  5996859    1.98%
                                                     Cuts: 10                  
  77230 11688     1167.8632    45     1182.0000     1159.5990  6193469    1.90%
  78389 12234     1164.8820    55     1182.0000     1160.1808  6157181    1.85%
  79530 12025     1172.5764    42     1182.0000     1160.6028  5837659    1.81%
  80695 11798     1176.5713    54     1182.0000     1160.6685  6420556    1.80%
  81851 12207     1163.3388    42     1182.0000     1160.6685  6116573    1.80%
                                                     Cuts: 14                  
  82988 11737     1168.4596    69     1182.0000     1161.3215  6292232    1.75%
  84180 11786     1180.9305    54     1182.0000     1161.7378  6434869    1.71%
                                                     Cuts: 10                  
  85446 11822     1172.2000    66     1168.0000     1166.3555  6590217    0.14%
                                                     Cuts: 10                  
Elapsed time = 1787.48 sec. (284445.72 ticks, tree = 0.65 MB, solutions = 13)
  86731 11779     1173.6415    53     1168.0000     1166.3555  6358002    0.14%
  87845  1365        cutoff           1168.0000     1166.3555  6956002    0.14%
  88597 11822     1173.9394    56     1168.0000     1166.3555  6596469    0.14%
  89170 11730     1175.0397    43     1168.0000     1166.3555  6274943    0.14%
  89643 11838     1169.1927    25     1168.0000     1166.3555  6807243    0.14%
  89990 11823     1179.9537    22     1168.0000     1166.3555  6614479    0.14%
  90483 11845     1170.6547    51     1168.0000     1166.3555  6754588    0.14%
  90743  2179     1165.9304    45     1168.0000     1166.3555  6889070    0.14%

Cover cuts applied:  26
Implied bound cuts applied:  361
Flow cuts applied:  190
Mixed integer rounding cuts applied:  75
Flow path cuts applied:  3
Zero-half cuts applied:  4
Multi commodity flow cuts applied:  7
Lift and project cuts applied:  12
Gomory fractional cuts applied:  1

Root node processing (before b&c):
  Real time             =    1.74 sec. (1897.92 ticks)
Parallel b&c, 24 threads:
  Real time             = 1785.75 sec. (314555.78 ticks)
  Sync time (average)   =    9.53 sec.
  Wait time (average)   =    0.15 sec.
                          ------------
Total (root+branch&cut) = 1787.49 sec. (316453.70 ticks)


 >>>> Final solution: leader objective value 1168.0000000000 (cplex value 1168.0000000000 truecost 1168.0000000000) time    1789.94 <<<<



 OK: feasibility check passed with cost 1168.000000 and f* 0.00000000000000000000 vs Phi(x*) 0.00000000000000000000
 OK, solved to optimality :-))

STAH; input_file ; zbest ; final_bound ; root_bound; time (s.); root_time (s.); opt ;nodes ; %root_gap; %final_gap; setting 
STAT; /home/utr_thuerauf/projects/bilevel-library/code-mergen/data/MIPLIB2010/aflow40b_100_0.mps.gz ; 1168.000000 ; 1168.000000  ; 1107.715220 ; 1789.944051 ; 2.454678 ; 1 ;90901 ; 5.161368 ; 0.000000 ; 4 


-------------------------------------------------------------------------------------------------------------------------
 BEST SOLUTION AVAILABLE FOR /home/utr_thuerauf/projects/bilevel-library/code-mergen/data/MIPLIB2010/aflow40b_100_0.mps.gz 
 LEADER COST 1168.000000 FOLLOWER COST 0.000000

                    x7                   1.0000000000
                   x20                   1.0000000000
                   x22                   1.0000000000
                   x32                   1.0000000000
                  x139                   1.0000000000
                  x195                   1.0000000000
                  x264                   1.0000000000
                  x270                   1.0000000000
                  x295                   1.0000000000
                  x334                   1.0000000000
                  x345                   1.0000000000
                  x376                   1.0000000000
                  x397                   1.0000000000
                  x452                   1.0000000000
                  x481                   1.0000000000
                  x499                   1.0000000000
                  x582                   1.0000000000
                  x605                   1.0000000000
                  x620                   1.0000000000
                  x643                   1.0000000000
                  x708                   1.0000000000
                  x716                   1.0000000000
                  x727                   1.0000000000
                  x730                   1.0000000000
                  x788                   1.0000000000
                  x790                   1.0000000000
                  x791                   1.0000000000
                  x808                   1.0000000000
                  x812                   1.0000000000
                  x899                   1.0000000000
                  x902                   1.0000000000
                  x911                   1.0000000000
                  x957                   1.0000000000
                 x1161                   1.0000000000
                 x1178                   1.0000000000
                 x1190                   1.0000000000
                 x1246                   1.0000000000
                 x1312                   1.0000000000
                 x1332                   1.0000000000
                 x1398                   4.0000000000
                 x1449                   1.0000000000
                 x1521                  12.0000000000
                 x1571                  10.0000000000
                 x1601                   5.0000000000
                 x1637                  11.0000000000
                 x1680                   5.0000000000
                 x1715                   9.0000000000
                 x1752                  17.0000000000
                 x1798                   4.0000000000
                 x1804                  11.0000000000
                 x1813                  18.0000000000
                 x1853                  10.0000000000
                 x1884                  20.0000000000
                 x1912                  10.0000000000
                 x1932                  34.0000000000
                 x1972                  17.0000000000
                 x1976                  10.0000000000
                 x2014                   4.0000000000
                 x2034                   7.0000000000
                 x2083                  12.0000000000
                 x2122                  47.0000000000
                 x2158                  24.0000000000
                 x2170                   5.0000000000
                 x2219                   7.0000000000
                 x2255                  66.0000000000
                 x2293                  12.0000000000
                 x2311                   9.0000000000
                 x2340                   3.0000000000
                 x2373                   5.0000000000
                 x2402                   1.0000000000
                 x2408                  91.0000000000
                 x2470                  74.0000000000
                 x2492                   9.0000000000
                 x2496                   7.0000000000
                 x2539                   2.0000000000
                 x2562                  23.0000000000
                 x2570                   9.0000000000
                 x2698                  42.0000000000
-------------------------------------------------------------------------------------------------------------------------

