License for 'CIBOL Team' expires on Tue Aug  9 02:00:00 2039
 
../bilevel -mpsfile /home/utr_thuerauf/projects/bilevel-library/code-mergen/data/MIPLIB2010/aflow40b_0_100.mps.gz -auxfile /home/utr_thuerauf/projects/bilevel-library/code-mergen/data/MIPLIB2010/aflow40b_0_100.aux -time_limit 3600 
... using custom setting 4
The chosen setting is MIX++


available parameters --------------------------------------------------
-mpsfile /home/utr_thuerauf/projects/bilevel-library/code-mergen/data/MIPLIB2010/aflow40b_0_100.mps.gz (the input file, part 1, needs to end with .mps; see readme.md for details on the format)
-auxfile /home/utr_thuerauf/projects/bilevel-library/code-mergen/data/MIPLIB2010/aflow40b_0_100.aux (the input file, part 2, needs to end with .aux; only needs to be given if differently named as the mps-file)
-time_limit, 3600 (in seconds, default: 3600)
-available_memory, 12000 (in MB, default: 12000)
-nodefile . (location for CPLEX nodefile to be used if available_memory is exhausted, default: current directory)
-num_threads, 0 (0: all available (default); note: opportunistic mode of CPLEX, to change see next option)
-randomseed, 0 (negative seed turns on deterministic multithread mode of CPLEX, default: 0)
-node_limit, -1 (-1: no limit (default))
-cplex_cuts, 1 (0: off, 1: normal (default), 2: moderate, 3: aggressive)
-print_sol, 1 (0: no, 1: print nonzero entries of the final solution (default), 2: print also the zero entries)
-setting, 4 (see below for description, default: MIX++)
 ----------------------------------------------------------------------------------------------

AVAILABLE SETTINGS------------------------------------------------------------------------------
1 SEP1++
2 SEP2++
3 XU++
4 MIX++
21 SEP1+F
22 SEP2+F
23 XU+F
24 MIX+F
31 SEP1+P
32 SEP2+P
33 XU+P
34 MIX+P
41 SEP1
42 SEP2
43 XU
44 MIX
98 HC
99 HC++
----------------------------------------------------------------------------------------------

 ... Cplex in opportunistic mode with 24 thread(s)
Selected objective sense:  MINIMIZE
Selected objective  name:  total_costs
Selected RHS        name:  rhs
Selected bound      name:  bnd
HPR has 2728 cols
Original HPR has 1442 rows
Updated HPR has 1520 rows
Follower variables integer 0 binary 0
Leader variables integer 1 binary 1
Problem variables integer 0 binary 0
Body has 1521 rows 
Leader objective all integer (var+coeff?) 1
Follower objective all integer (var+coeff?) 1
Leader all integer (obj+cons+var?) 1
Follower all integer (obj+cons+var?) 0
Leader has 1364 cols
Leader has 0 rows
Follower has 1364 cols
Follower has 1520 rows



 -------------- PROBLEM STATISTICS for /home/utr_thuerauf/projects/bilevel-library/code-mergen/data/MIPLIB2010/aflow40b_0_100.mps.gz 
      master   with     0 integer and  1364 binary variables (out of  2728 var.s) and  1520 constr.s
      follower with     0 integer and     0 binary variables (out of  2728 var.s) and  1520 constr.s
 --------------------------------------------------------------------------------------------------------------------------------------------------------

CPXPARAM_Simplex_Tolerances_Feasibility          1.0000000000000001e-09
CPXPARAM_Preprocessing_Presolve                  0
CPXPARAM_TimeLimit                               3599.954047950916
CPXPARAM_Preprocessing_Reduce                    0
CPXPARAM_Preprocessing_Linear                    0
CPXPARAM_WorkMem                                 12000
CPXPARAM_Threads                                 24
CPXPARAM_Parallel                                -1
CPXPARAM_MIP_Tolerances_MIPGap                   1.0000000000000001e-09
CPXPARAM_MIP_Tolerances_Integrality              0
CPXPARAM_MIP_Display                             4
CPXPARAM_MIP_Strategy_File                       3
CPXPARAM_MIP_Limits_Nodes                        0
CPXPARAM_MIP_Strategy_StartAlgorithm             6
CPXPARAM_MIP_Strategy_VariableSelect             3
CPXPARAM_MIP_Strategy_HeuristicFreq              -1
CPXPARAM_MIP_Strategy_Probe                      3
CPXPARAM_MIP_Strategy_CallbackReducedLP          0
CPXPARAM_MIP_Strategy_RINSHeur                   -1
Warning: Control callbacks may disable some MIP features.
Probing time = 0.03 sec. (3.75 ticks)
Cover probing fixed 0 vars, tightened 104 bounds.
Clique table members: 39.
MIP emphasis: balance optimality and feasibility.
MIP search method: traditional branch-and-cut.
Parallel mode: opportunistic, using up to 24 threads.
Parallel mode: opportunistic, using up to 24 threads for concurrent optimization.

Iteration log . . .
Iteration:     1   Dual objective     =             0.000000
Iteration:   132   Dual objective     =           767.000000
Perturbation started.
Iteration:   202   Dual objective     =           767.000000
Iteration:   298   Dual objective     =           931.698047
Iteration:   383   Dual objective     =           962.443295
Iteration:   465   Dual objective     =           965.839782
Iteration:   547   Dual objective     =           965.839820
Iteration:   632   Dual objective     =           965.839869
Removing perturbation.
Using devex.

Primal simplex solved model.

Root relaxation solution time = 0.03 sec. (19.32 ticks)

        Nodes                                         Cuts/
   Node  Left     Objective  IInf  Best Integer    Best Bound    ItCnt     Gap

      0     0     1005.6648    36                   1005.6648     2381         
      0     0     1042.0726    49                    Cuts: 83     2909         
      0     0     1059.3828    64                    Cuts: 83     3326         
      0     0     1067.3451    70                    Cuts: 58     3639         
      0     0     1074.8581    72                    Cuts: 43     3965         
      0     0     1079.6000    69                    Cuts: 50     4185         
      0     0     1081.5543    78                    Cuts: 32     4331         
      0     0     1083.4489    79                    Cuts: 29     4504         
      0     0     1085.1263    81                    Cuts: 30     4621         
      0     0     1087.2300    85                    Cuts: 34     4736         
      0     0     1088.0430    93                    Cuts: 27     4849         
      0     0     1088.6476    92                    Cuts: 33     4913         
      0     0     1089.0964    86                    Cuts: 13     4985         
      0     0     1089.9090    90                    Cuts: 20     5034         
      0     0     1090.3357    93                    Cuts: 20     5100         
      0     0     1090.4112    98                    Cuts: 14     5135         
      0     0     1090.5442   104                    Cuts: 18     5202         

Cover cuts applied:  2
Implied bound cuts applied:  29
Flow cuts applied:  73
Mixed integer rounding cuts applied:  52
Flow path cuts applied:  2
Zero-half cuts applied:  1
Multi commodity flow cuts applied:  1
Lift and project cuts applied:  1

Root node processing (before b&c):
  Real time             =    0.70 sec. (771.16 ticks)
Parallel b&c, 24 threads:
  Real time             =    0.00 sec. (0.00 ticks)
  Sync time (average)   =    0.00 sec.
  Wait time (average)   =    0.00 sec.
                          ------------
Total (root+branch&cut) =    0.70 sec. (771.16 ticks)
CPLEX Error  1217: No solution exists.
CPLEX Error  1217: No solution exists.
CPXPARAM_Simplex_Tolerances_Feasibility          1.0000000000000001e-09
CPXPARAM_Preprocessing_Presolve                  0
CPXPARAM_TimeLimit                               3599.2510680810083
CPXPARAM_Preprocessing_Reduce                    0
CPXPARAM_Preprocessing_Linear                    0
CPXPARAM_WorkMem                                 12000
CPXPARAM_Threads                                 24
CPXPARAM_Parallel                                -1
CPXPARAM_MIP_Tolerances_UpperCutoff              1e+20
CPXPARAM_MIP_Tolerances_MIPGap                   1.0000000000000001e-09
CPXPARAM_MIP_Tolerances_Integrality              0
CPXPARAM_MIP_Display                             4
CPXPARAM_MIP_Strategy_File                       3
CPXPARAM_MIP_Strategy_StartAlgorithm             6
CPXPARAM_MIP_Strategy_VariableSelect             3
CPXPARAM_MIP_Strategy_HeuristicFreq              -1
CPXPARAM_MIP_Strategy_Probe                      3
CPXPARAM_MIP_Strategy_CallbackReducedLP          0
CPXPARAM_MIP_Strategy_RINSHeur                   -1
Warning: Control callbacks may disable some MIP features.
MIP emphasis: balance optimality and feasibility.
MIP search method: traditional branch-and-cut.
Parallel mode: opportunistic, using up to 24 threads.

        Nodes                                         Cuts/
   Node  Left     Objective  IInf  Best Integer    Best Bound    ItCnt     Gap

      0     0     1091.3305    85                    Cuts: 22     5339         
      0     0     1092.2963    90                    Cuts: 33     5468         
      0     0     1092.6471    92                    Cuts: 15     5546         
      0     0     1092.9754    92                    Cuts: 19     5607         
      0     0     1093.1491    89                    Cuts: 15     5647         
      0     0     1093.2854    92                    Cuts: 14     5692         
      0     0     1093.4585   100                    Cuts: 11     5727         
      0     0     1093.5198    97                     Cuts: 8     5755         
      0     0     1093.5458   102                    Cuts: 17     5780         
      0     2     1093.5458   102                    Cuts: 54     5780         
Elapsed time = 2.05 sec. (426.59 ticks, tree = 0.01 MB, solutions = 0)
     27    43     1190.4571    68                   1098.7923    16528         
                                                     Cuts: 36                  
     80    77     1167.4317    41                   1098.7923    29660         
                                                      Cuts: 8                  
    130    38     1201.8785    56                   1098.7923    16262         
    185    40     1204.9610    46                   1099.2571    16895         
    243    68     1129.0398    64                   1099.9936    26414         
    303   194     1235.9100    46                   1099.9936    56937         
    363   276     1157.3153    28                   1099.9936    68038         
    429   108     1172.8432    55                   1099.9936    36520         
    494   251     1247.9273    32                   1099.9936    64545         
    784   244     1135.6998    46                   1099.9936    61465         
Elapsed time = 24.78 sec. (3571.58 ticks, tree = 2.97 MB, solutions = 0)
   1097   391     1204.1004    32                   1099.9936    77997         
   1445  1073     1556.5619    27                   1099.9936   132512         
   1835  1254     1196.0207    41                   1099.9936   144392         
   2249  1624     1721.2082    18                   1099.9936   170523         
                                                      Cuts: 4                  
   2718  1751     1366.9205    19                   1099.9936   176459         
*  2866  1512      integral     0     1897.0000     1099.9936   163119   42.01%
Found incumbent of value 1897.000000 after 57.97 sec. (8632.14 ticks)
*  3100  1900      integral     0     1814.0000     1099.9936   185973   39.36%
Found incumbent of value 1814.000000 after 61.25 sec. (9076.35 ticks)
   3211  1771     1376.9040    19     1814.0000     1099.9936   177015   39.36%
   3650  2027     1953.9774    33     1539.0000     1099.9936   198531   28.53%
                                                      Cuts: 2                  
   4000  2339     2077.5057    23     1539.0000     1099.9936   216905   28.53%
                                                     Cuts: 14                  
   4280  2367     1171.5400    44     1539.0000     1099.9936   299231   28.53%
                                                     Cuts: 10                  
   4555  2592     1575.5753    19     1521.0000     1099.9936   338014   27.68%
                                                     Cuts: 14                  
Elapsed time = 87.51 sec. (13133.80 ticks, tree = 41.49 MB, solutions = 9)
   4840  2985     1119.9637    51     1521.0000     1099.9936   419499   27.68%
   5128  2756     1149.9001    49     1521.0000     1105.1847   381055   27.34%
                                                      Cuts: 6                  
   5450  3045     1401.6458     6     1378.0000     1109.1192   433235   19.51%
                                                      Cuts: 2                  
   5788  2886     1194.7291    42     1378.0000     1109.1192   519286   19.51%
                                                      Cuts: 8                  
   6110  3211     1124.1387    58     1295.0000     1109.1192   568824   14.35%
                                                      Cuts: 6                  
   6445  3287     1199.5737    36     1295.0000     1109.1192   580677   14.35%
                                                     Cuts: 14                  
   6742  2792     1201.4200    37     1295.0000     1109.8517   629476   14.30%
   7044  2761     1215.3703    30     1295.0000     1111.2067   625315   14.19%
                                                      Cuts: 8                  
   7351  3021     1160.6383    32     1295.0000     1111.2067   674100   14.19%
                                                      Cuts: 2                  
   7696  3128     1155.2938    47     1295.0000     1114.1076   699145   13.97%
                                                      Cuts: 4                  
Elapsed time = 150.50 sec. (22699.27 ticks, tree = 55.05 MB, solutions = 12)
   8058  3214     1173.2939    26     1295.0000     1114.1076   706918   13.97%
                                                     Cuts: 12                  
   8404  3758     1256.0982    17     1295.0000     1115.1873   772122   13.89%
                                                      Cuts: 6                  
   8728  3801     1129.3098    48     1295.0000     1115.1873   777319   13.89%
                                                      Cuts: 6                  
   9036  4295     1259.5584    34     1295.0000     1120.1944   831820   13.50%
                                                     Cuts: 10                  
   9355  4108     1181.3382    44     1295.0000     1120.1944   808067   13.50%
                                                      Cuts: 8                  
   9641  4465     1152.3429    51     1295.0000     1121.5514   851128   13.39%
                                                      Cuts: 8                  
   9933  4718     1195.8866    36     1295.0000     1121.5514   869400   13.39%
  10236  4760     1267.8561    36     1295.0000     1121.5514   874620   13.39%
  10534  4956     1246.0367    36     1295.0000     1121.5514   890966   13.39%
                                                      Cuts: 8                  
  10845  5062     1161.2194    36     1295.0000     1121.5514   899269   13.39%
                                                      Cuts: 8                  
Elapsed time = 213.76 sec. (32270.58 ticks, tree = 99.55 MB, solutions = 12)
  11172  5768     1254.8416    24     1295.0000     1121.5514   961262   13.39%
                                                     Cuts: 10                  
  11503  6030     1197.2979    48     1295.0000     1122.4080   984637   13.33%
  11805  6066     1172.4661    43     1295.0000     1122.4080   988634   13.33%
                                                      Cuts: 6                  
  12092  5859     1215.9836    32     1295.0000     1122.4080   970252   13.33%
                                                     Cuts: 10                  
  12381  6474     1227.2962    58     1295.0000     1124.4039  1030141   13.17%
  12674  6481     1246.0624    58     1295.0000     1124.4039  1030503   13.17%
                                                      Cuts: 4                  
  12994  6591        cutoff           1295.0000     1124.9329  1045289   13.13%
                                                      Cuts: 6                  
  13299  6949     1192.2479    32     1295.0000     1124.9329  1083813   13.13%
                                                      Cuts: 2                  
* 13525  7088      integral     0     1271.0000     1124.9329  1098276   11.49%
Found incumbent of value 1271.000000 after 271.44 sec. (40604.99 ticks)
  13608  7111     1276.6594    20     1271.0000     1125.9014  1103095   11.42%
  13920  7118     1154.7219    45     1271.0000     1125.9014  1101589   11.42%
                                                      Cuts: 2                  
Elapsed time = 279.16 sec. (41833.77 ticks, tree = 124.15 MB, solutions = 13)
  14223  7491     1145.1323    53     1271.0000     1125.9014  1139063   11.42%
                                                      Cuts: 4                  
  14536  7418     1204.4507    42     1271.0000     1125.9014  1133840   11.42%
  14864  6947     1204.7016    24     1271.0000     1125.9207  1175294   11.41%
                                                      Cuts: 8                  
  15186  6942     1181.7402    38     1271.0000     1127.3329  1172151   11.30%
  15525  7242     1158.2967    50     1271.0000     1127.3329  1215533   11.30%
  15869  7311     1181.6322    32     1271.0000     1127.3329  1224341   11.30%
                                                      Cuts: 8                  
  16170  7729     1173.3973    26     1271.0000     1127.3329  1266746   11.30%
  16476  7637     1232.3000    32     1271.0000     1127.6263  1254410   11.28%
                                                      Cuts: 4                  
  16800  8428     1235.9767    36     1271.0000     1127.6263  1344862   11.28%
                                                      Cuts: 2                  
  17121  8009     1177.1228    33     1271.0000     1127.6263  1298675   11.28%
Elapsed time = 342.42 sec. (51397.75 ticks, tree = 166.47 MB, solutions = 13)
  17436  8482     1129.6996    60     1271.0000     1127.6263  1350356   11.28%
                                                      Cuts: 4                  
  17727  8602     1176.7053    27     1271.0000     1128.4158  1358937   11.22%
  18034  8648     1251.7467    22     1271.0000     1128.4158  1367044   11.22%
                                                      Cuts: 6                  
  18352  8891     1172.3087    32     1271.0000     1128.6849  1386344   11.20%
                                                      Cuts: 2                  
  18692  8958     1239.4680    49     1271.0000     1128.6849  1395459   11.20%
  19009  9719     1141.6924    49     1271.0000     1128.6849  1459697   11.20%
                                                      Cuts: 4                  
  19324  9379     1262.0026    41     1271.0000     1128.6849  1431678   11.20%
  19652  9631     1134.7515    63     1271.0000     1128.7352  1451843   11.19%
                                                      Cuts: 4                  
  19955  9959     1163.5404    53     1271.0000     1128.9996  1476812   11.17%
  20266  9654     1186.9833    25     1271.0000     1128.9996  1453262   11.17%
Elapsed time = 402.64 sec. (60975.93 ticks, tree = 206.70 MB, solutions = 13)
  20586 10658     1175.1526    27     1271.0000     1129.8856  1536700   11.10%
  20889 10669     1186.0149    25     1271.0000     1129.8856  1537080   11.10%
                                                      Cuts: 8                  
  21224 10679     1204.0526    19     1271.0000     1129.9832  1537490   11.09%
  21529 10736     1190.1086    34     1271.0000     1129.9832  1544549   11.09%
                                                      Cuts: 6                  
  21845 11129     1145.3791    45     1271.0000     1131.0866  1587286   11.01%
  22134 10795     1187.1679    56     1271.0000     1131.0866  1549842   11.01%
                                                      Cuts: 6                  
  22430 11304     1148.0884    42     1271.0000     1131.2058  1604750   11.00%
  22728 11313     1155.0961    35     1271.0000     1131.2058  1605958   11.00%
                                                      Cuts: 8                  
  23049 11726     1224.8332    23     1271.0000     1131.7932  1653197   10.95%
  23375 11551     1196.7586    44     1271.0000     1131.7932  1635996   10.95%
                                                      Cuts: 6                  
Elapsed time = 465.35 sec. (70550.71 ticks, tree = 246.47 MB, solutions = 13)
  23673 11732     1244.7425    24     1271.0000     1131.7932  1654882   10.95%
                                                      Cuts: 6                  
  23986 12204     1218.7845    36     1271.0000     1131.7932  1703997   10.95%
  24281 12747     1203.7097    34     1271.0000     1131.8432  1776535   10.95%
                                                      Cuts: 4                  
  24596 12197     1141.0136    54     1271.0000     1131.8466  1706106   10.95%
  24887 12660     1150.4772    47     1271.0000     1131.8466  1767822   10.95%
  25178 12475     1173.1789    52     1271.0000     1131.8466  1744174   10.95%
                                                      Cuts: 8                  
  25473 13732     1225.6932    21     1271.0000     1132.4686  1878841   10.90%
  25796 13468     1170.4152    52     1271.0000     1132.4686  1855055   10.90%
                                                      Cuts: 2                  
  26110 13182     1173.9790    52     1271.0000     1132.4686  1824784   10.90%
  26417 13836     1209.3128    34     1271.0000     1133.0130  1889750   10.86%
                                                      Cuts: 4                  
Elapsed time = 532.60 sec. (80117.94 ticks, tree = 285.52 MB, solutions = 13)
  26720 13842     1218.6520    37     1271.0000     1133.0130  1890185   10.86%
  27033 14143     1155.1790    56     1271.0000     1133.0130  1918684   10.86%
                                                      Cuts: 6                  
  27364 13625     1192.4165    30     1271.0000     1133.0130  1869030   10.86%
  27683 14163     1178.6387    43     1271.0000     1133.3022  1920170   10.83%
  27969 14109     1248.7987    30     1271.0000     1133.3022  1910774   10.83%
                                                      Cuts: 4                  
  28250 14694     1174.2561    38     1233.0000     1133.8367  1975518    8.04%
  28547 14944     1184.4542    54     1233.0000     1133.8367  1996480    8.04%
  28840 15121     1152.5394    47     1233.0000     1133.8367  2015915    8.04%
                                                     Cuts: 12                  
  29151 15292     1251.3181    47     1233.0000     1133.9340  2035201    8.03%
  30380 11422     1181.4161    16     1233.0000     1134.6914  2071680    7.97%
                                                     Cuts: 10                  
Elapsed time = 614.07 sec. (92550.79 ticks, tree = 232.97 MB, solutions = 14)
* 31137 12619      integral     0     1202.0000     1134.6924  2221746    5.60%
                                                      Cuts: 4                  
Found incumbent of value 1202.000000 after 629.43 sec. (94928.34 ticks)
  31584 12061     1158.3974    37     1202.0000     1135.0381  2154009    5.57%
  32778  8514     1160.7532    40     1202.0000     1135.7411  2320772    5.51%
                                                     Cuts: 14                  
  33957  9113     1190.4850    36     1202.0000     1136.6347  2413336    5.44%
                                                      Cuts: 8                  
  35158  8893     1190.1891    25     1202.0000     1136.8069  2380050    5.42%
                                                     Cuts: 20                  
  36333  9478     1157.5454    61     1202.0000     1137.6099  2469451    5.36%
                                                     Cuts: 12                  
  37500  9769     1152.9487    45     1202.0000     1138.3089  2517349    5.30%
                                                     Cuts: 14                  
  38683 10303     1176.5973    40     1202.0000     1138.6339  2596896    5.27%
                                                      Cuts: 8                  
  39886 10793     1182.3646    50     1202.0000     1139.5512  2668329    5.20%
                                                     Cuts: 16                  
  41096 11856     1196.3364     7     1202.0000     1140.1811  2828392    5.14%
                                                     Cuts: 12                  
  42290 11559     1145.1467    55     1202.0000     1140.4880  2783174    5.12%
Elapsed time = 860.14 sec. (130726.49 ticks, tree = 223.44 MB, solutions = 15)
  43484 11885     1198.8715    50     1202.0000     1140.7653  2835451    5.09%
                                                      Cuts: 4                  
  44706 12571     1164.6535    69     1202.0000     1141.0755  2939905    5.07%
                                                      Cuts: 6                  
  45896 12997     1150.1406    54     1202.0000     1141.4811  3000753    5.03%
                                                     Cuts: 14                  
  47066 13037     1160.4682    45     1202.0000     1142.0635  3006652    4.99%
                                                      Cuts: 4                  
  48236 13626     1160.1381    53     1202.0000     1142.4222  3101805    4.96%
                                                     Cuts: 12                  
  49439 13856     1192.9100    39     1202.0000     1142.9911  3136014    4.91%
                                                      Cuts: 4                  
  50665 14426     1192.2700    29     1202.0000     1143.1693  3234727    4.89%
                                                      Cuts: 8                  
  51912 14811     1148.3795    32     1202.0000     1143.5703  3295862    4.86%
                                                      Cuts: 2                  
  53100 15280     1184.5332    49     1202.0000     1144.0588  3374811    4.82%
                                                      Cuts: 8                  
  54325 15367     1176.8040    25     1202.0000     1144.2920  3391346    4.80%
                                                      Cuts: 8                  
Elapsed time = 1107.05 sec. (168903.57 ticks, tree = 317.71 MB, solutions = 15)
  55536 15843     1151.9765    42     1202.0000     1144.9242  3466152    4.75%
                                                      Cuts: 8                  
  56742 16059     1154.5099    59     1202.0000     1144.9242  3497555    4.75%
                                                     Cuts: 10                  
  58015 16612     1176.3763    54     1202.0000     1145.3628  3584590    4.71%
                                                      Cuts: 6                  
  59222 17083     1180.9645    41     1202.0000     1145.7005  3665346    4.68%
                                                      Cuts: 2                  
  60424 17784     1152.5815    37     1202.0000     1145.9195  3770299    4.67%
  61641 18060     1163.9495    32     1202.0000     1146.1670  3811567    4.65%
                                                      Cuts: 4                  
  62851 18914     1175.4375    52     1202.0000     1146.3759  3951044    4.63%
                                                      Cuts: 4                  
  64002 18724     1157.3643    41     1202.0000     1146.6743  3918568    4.60%
                                                      Cuts: 2                  
  65186 18832     1175.7699    39     1202.0000     1146.7695  3936839    4.59%
                                                      Cuts: 2                  
  66358 19284     1151.4913    60     1202.0000     1147.0430  4017478    4.57%
Elapsed time = 1351.19 sec. (207087.67 ticks, tree = 393.23 MB, solutions = 15)
  67515 19969     1170.5891    63     1202.0000     1147.4020  4144063    4.54%
                                                     Cuts: 10                  
  68727 19904     1166.6783    47     1202.0000     1147.6523  4133365    4.52%
                                                     Cuts: 14                  
  69912 21307     1155.2709    61     1202.0000     1147.9467  4381598    4.50%
                                                      Cuts: 8                  
  71137 20580     1149.6095    49     1202.0000     1148.0446  4260245    4.49%
                                                      Cuts: 8                  
  72310 21337     1154.7127    44     1202.0000     1148.2699  4386278    4.47%
  73485 21345     1162.6300    27     1202.0000     1148.5800  4386792    4.44%
                                                      Cuts: 4                  
  74704 22043     1176.8834    41     1202.0000     1148.7529  4506433    4.43%
                                                      Cuts: 2                  
  75892 22050     1178.4379    50     1202.0000     1148.7529  4508535    4.43%
  77076 22676     1171.8462    41     1202.0000     1149.0442  4607063    4.41%
                                                      Cuts: 2                  
  78236 23140     1200.7033    42     1202.0000     1149.3255  4682162    4.38%
                                                      Cuts: 4                  
Elapsed time = 1598.03 sec. (245257.09 ticks, tree = 478.19 MB, solutions = 15)
  79395 23578     1176.6846    50     1202.0000     1149.3255  4764464    4.38%
  80570 23897     1159.4735    59     1202.0000     1149.6560  4819478    4.35%
  81758 23937     1195.1337    49     1202.0000     1149.7585  4826148    4.35%
                                                      Cuts: 4                  
  82955 23925     1191.9427    56     1202.0000     1149.7585  4826107    4.35%
  84129 24327     1174.7982    52     1194.0000     1150.1094  4899491    3.68%
  85277 24752     1158.3950    47     1168.0000     1150.2241  4983684    1.52%
                                                      Cuts: 8                  
  86492  6355     1166.5102    38     1168.0000     1150.3113  5192914    1.51%
  87767 21065     1182.4125    49     1168.0000     1150.7560  5103982    1.48%
                                                     Cuts: 10                  
  89065  6195     1164.0175    48     1168.0000     1151.2802  5416869    1.43%
                                                     Cuts: 12                  
  90437  6083     1157.2735    39     1168.0000     1151.5697  5499907    1.41%
                                                     Cuts: 22                  
Elapsed time = 1854.10 sec. (283436.35 ticks, tree = 78.84 MB, solutions = 17)
  91779  6341     1163.8865    31     1168.0000     1152.9541  5295358    1.29%
                                                     Cuts: 16                  
  93178  6156     1161.5694    38     1168.0000     1153.7852  5444581    1.22%
                                                     Cuts: 12                  
  94614  5845        cutoff           1168.0000     1154.5535  5634299    1.15%
                                                     Cuts: 22                  
  96063  5488     1166.7774    44     1168.0000     1156.2595  5787815    1.01%
                                                     Cuts: 44                  
  97566  5750     1163.7946    54     1168.0000     1157.2503  5682464    0.92%
                                                      Cuts: 4                  
  99140  4114     1165.4386    56     1168.0000     1159.0416  6187851    0.77%
                                                      Cuts: 8                  
 100817  3871     1173.0403    27     1168.0000     1160.7438  6245053    0.62%
                                                      Cuts: 8                  
 102749  4128     1166.5645    70     1168.0000     1164.2513  6185731    0.32%
                                                     Cuts: 30                  
 104983  1094        cutoff           1168.0000     1166.3854  6646797    0.14%
                                                     Cuts: 12                  
 106856  1244     1168.5026    68     1168.0000     1166.5390  6633293    0.13%
Elapsed time = 2065.25 sec. (321595.09 ticks, tree = 1.32 MB, solutions = 17)
 107869  2385     1163.8291    29     1168.0000     1166.5390  6501455    0.13%
 108322  1169     1167.6308    34     1168.0000     1166.5390  6640546    0.13%

Cover cuts applied:  3
Implied bound cuts applied:  393
Flow cuts applied:  138
Mixed integer rounding cuts applied:  72
Flow path cuts applied:  3
Zero-half cuts applied:  1
Multi commodity flow cuts applied:  4
Lift and project cuts applied:  26

Root node processing (before b&c):
  Real time             =    0.56 sec. (414.81 ticks)
Parallel b&c, 24 threads:
  Real time             = 2064.72 sec. (329563.71 ticks)
  Sync time (average)   =    0.67 sec.
  Wait time (average)   =    0.23 sec.
                          ------------
Total (root+branch&cut) = 2065.28 sec. (329978.52 ticks)


 >>>> Final solution: leader objective value 1168.0000000000 (cplex value 1168.0000000000 truecost 1168.0000000000) time    2066.03 <<<<



 OK: feasibility check passed with cost 1168.000000 and f* 0.00000000000000000000 vs Phi(x*) 0.00000000000000000000
 OK, solved to optimality :-))

STAH; input_file ; zbest ; final_bound ; root_bound; time (s.); root_time (s.); opt ;nodes ; %root_gap; %final_gap; setting 
STAT; /home/utr_thuerauf/projects/bilevel-library/code-mergen/data/MIPLIB2010/aflow40b_0_100.mps.gz ; 1168.000000 ; 1168.000000  ; 1090.544195 ; 2066.034128 ; 0.748928 ; 1 ;108394 ; 6.631490 ; 0.000000 ; 4 


-------------------------------------------------------------------------------------------------------------------------
 BEST SOLUTION AVAILABLE FOR /home/utr_thuerauf/projects/bilevel-library/code-mergen/data/MIPLIB2010/aflow40b_0_100.mps.gz 
 LEADER COST 1168.000000 FOLLOWER COST 0.000000

                    x7                   1.0000000000
                   x20                   1.0000000000
                   x22                   1.0000000000
                   x32                   1.0000000000
                  x139                   1.0000000000
                  x195                   1.0000000000
                  x264                   1.0000000000
                  x270                   1.0000000000
                  x295                   1.0000000000
                  x334                   1.0000000000
                  x345                   1.0000000000
                  x376                   1.0000000000
                  x397                   1.0000000000
                  x452                   1.0000000000
                  x481                   1.0000000000
                  x499                   1.0000000000
                  x582                   1.0000000000
                  x605                   1.0000000000
                  x620                   1.0000000000
                  x643                   1.0000000000
                  x708                   1.0000000000
                  x716                   1.0000000000
                  x727                   1.0000000000
                  x730                   1.0000000000
                  x788                   1.0000000000
                  x790                   1.0000000000
                  x791                   1.0000000000
                  x808                   1.0000000000
                  x812                   1.0000000000
                  x899                   1.0000000000
                  x902                   1.0000000000
                  x911                   1.0000000000
                  x957                   1.0000000000
                 x1161                   1.0000000000
                 x1178                   1.0000000000
                 x1190                   1.0000000000
                 x1246                   1.0000000000
                 x1312                   1.0000000000
                 x1332                   1.0000000000
                 x1398                   4.0000000000
                 x1449                   1.0000000000
                 x1521                  12.0000000000
                 x1571                  10.0000000000
                 x1601                   5.0000000000
                 x1637                  11.0000000000
                 x1680                   5.0000000000
                 x1715                   9.0000000000
                 x1752                  17.0000000000
                 x1798                   4.0000000000
                 x1804                  11.0000000000
                 x1813                  18.0000000000
                 x1853                  10.0000000000
                 x1884                  20.0000000000
                 x1912                  10.0000000000
                 x1932                  34.0000000000
                 x1972                  17.0000000000
                 x1976                  10.0000000000
                 x2014                   4.0000000000
                 x2034                   7.0000000000
                 x2083                  12.0000000000
                 x2122                  47.0000000000
                 x2158                  24.0000000000
                 x2170                   5.0000000000
                 x2219                   7.0000000000
                 x2255                  66.0000000000
                 x2293                  12.0000000000
                 x2311                   9.0000000000
                 x2340                   3.0000000000
                 x2373                   5.0000000000
                 x2402                   1.0000000000
                 x2408                  91.0000000000
                 x2470                  74.0000000000
                 x2492                   9.0000000000
                 x2496                   7.0000000000
                 x2539                   2.0000000000
                 x2562                  23.0000000000
                 x2570                   9.0000000000
                 x2698                  42.0000000000
-------------------------------------------------------------------------------------------------------------------------

