License for 'CIBOL Team' expires on Tue Aug  9 02:00:00 2039
 
../bilevel -mpsfile /home/utr_thuerauf/projects/bilevel-library/code-mergen/data/MIPLIB2010/app1-2_0_100.mps.gz -auxfile /home/utr_thuerauf/projects/bilevel-library/code-mergen/data/MIPLIB2010/app1-2_0_100.aux -time_limit 3600 
... using custom setting 4
The chosen setting is MIX++


available parameters --------------------------------------------------
-mpsfile /home/utr_thuerauf/projects/bilevel-library/code-mergen/data/MIPLIB2010/app1-2_0_100.mps.gz (the input file, part 1, needs to end with .mps; see readme.md for details on the format)
-auxfile /home/utr_thuerauf/projects/bilevel-library/code-mergen/data/MIPLIB2010/app1-2_0_100.aux (the input file, part 2, needs to end with .aux; only needs to be given if differently named as the mps-file)
-time_limit, 3600 (in seconds, default: 3600)
-available_memory, 12000 (in MB, default: 12000)
-nodefile . (location for CPLEX nodefile to be used if available_memory is exhausted, default: current directory)
-num_threads, 0 (0: all available (default); note: opportunistic mode of CPLEX, to change see next option)
-randomseed, 0 (negative seed turns on deterministic multithread mode of CPLEX, default: 0)
-node_limit, -1 (-1: no limit (default))
-cplex_cuts, 1 (0: off, 1: normal (default), 2: moderate, 3: aggressive)
-print_sol, 1 (0: no, 1: print nonzero entries of the final solution (default), 2: print also the zero entries)
-setting, 4 (see below for description, default: MIX++)
 ----------------------------------------------------------------------------------------------

AVAILABLE SETTINGS------------------------------------------------------------------------------
1 SEP1++
2 SEP2++
3 XU++
4 MIX++
21 SEP1+F
22 SEP2+F
23 XU+F
24 MIX+F
31 SEP1+P
32 SEP2+P
33 XU+P
34 MIX+P
41 SEP1
42 SEP2
43 XU
44 MIX
98 HC
99 HC++
----------------------------------------------------------------------------------------------

 ... Cplex in opportunistic mode with 24 thread(s)
Selected objective sense:  MINIMIZE
Selected objective  name:  OBJROW
Selected RHS        name:  RHS
Selected bound      name:  Bound
HPR has 26871 cols
Original HPR has 53467 rows
Updated HPR has 66768 rows
Follower variables integer 0 binary 0
Leader variables integer 0 binary 0
Problem variables integer 0 binary 0
Body has 66769 rows 
Leader objective all integer (var+coeff?) 1
Follower objective all integer (var+coeff?) 1
Leader all integer (obj+cons+var?) 1
Follower all integer (obj+cons+var?) 0
Leader has 13436 cols
Leader has 0 rows
Follower has 13435 cols
Follower has 66768 rows



 -------------- PROBLEM STATISTICS for /home/utr_thuerauf/projects/bilevel-library/code-mergen/data/MIPLIB2010/app1-2_0_100.mps.gz 
      master   with     0 integer and 13300 binary variables (out of 26871 var.s) and 66768 constr.s
      follower with     0 integer and  6566 binary variables (out of 26871 var.s) and 66768 constr.s
 --------------------------------------------------------------------------------------------------------------------------------------------------------

CPXPARAM_Simplex_Tolerances_Feasibility          1.0000000000000001e-09
CPXPARAM_Preprocessing_Presolve                  0
CPXPARAM_TimeLimit                               3584.5716904390138
CPXPARAM_Preprocessing_Reduce                    0
CPXPARAM_Preprocessing_Linear                    0
CPXPARAM_WorkMem                                 12000
CPXPARAM_Threads                                 24
CPXPARAM_Parallel                                -1
CPXPARAM_MIP_Tolerances_MIPGap                   1.0000000000000001e-09
CPXPARAM_MIP_Tolerances_Integrality              0
CPXPARAM_MIP_Display                             4
CPXPARAM_MIP_Strategy_File                       3
CPXPARAM_MIP_Limits_Nodes                        0
CPXPARAM_MIP_Strategy_StartAlgorithm             6
CPXPARAM_MIP_Strategy_VariableSelect             3
CPXPARAM_MIP_Strategy_HeuristicFreq              -1
CPXPARAM_MIP_Strategy_Probe                      3
CPXPARAM_MIP_Strategy_CallbackReducedLP          0
CPXPARAM_MIP_Strategy_RINSHeur                   -1
Warning: Control callbacks may disable some MIP features.
Probing fixed 300 vars, tightened 68575 bounds.
Probing time = 0.48 sec. (418.14 ticks)
MIP emphasis: balance optimality and feasibility.
MIP search method: traditional branch-and-cut.
Parallel mode: opportunistic, using up to 24 threads.
Parallel mode: opportunistic, using up to 24 threads for concurrent optimization.

Iteration log . . .
Iteration:     1   Dual objective     =          -266.000000
Perturbation started.
Iteration:   101   Dual objective     =          -266.000000
Iteration:  1061   Dual objective     =          -265.999933
Iteration:  2103   Dual objective     =          -265.999866
Removing perturbation.
Using devex.

Primal simplex solved model.


Iteration log . . .
Iteration:     1    Objective     =          -264.601651
Root relaxation solution time = 1.51 sec. (2346.47 ticks)

        Nodes                                         Cuts/
   Node  Left     Objective  IInf  Best Integer    Best Bound    ItCnt     Gap

      0     0     -264.6017   248                   -264.6017     5059         
      0     0     -263.8132   248                  Fract: 191     5217         
      0     0     -262.8612   245                   Cuts: 167     5543         
      0     0     -262.8525   246                 Flowcuts: 3     5553         

Flow cuts applied:  164

Root node processing (before b&c):
  Real time             =   18.73 sec. (21844.96 ticks)
Parallel b&c, 24 threads:
  Real time             =    0.00 sec. (0.00 ticks)
  Sync time (average)   =    0.00 sec.
  Wait time (average)   =    0.00 sec.
                          ------------
Total (root+branch&cut) =   18.73 sec. (21844.96 ticks)
CPLEX Error  1217: No solution exists.
CPLEX Error  1217: No solution exists.
CPXPARAM_Simplex_Tolerances_Feasibility          1.0000000000000001e-09
CPXPARAM_Preprocessing_Presolve                  0
CPXPARAM_TimeLimit                               3565.8394872220233
CPXPARAM_Preprocessing_Reduce                    0
CPXPARAM_Preprocessing_Linear                    0
CPXPARAM_WorkMem                                 12000
CPXPARAM_Threads                                 24
CPXPARAM_Parallel                                -1
CPXPARAM_MIP_Tolerances_UpperCutoff              1e+20
CPXPARAM_MIP_Tolerances_MIPGap                   1.0000000000000001e-09
CPXPARAM_MIP_Tolerances_Integrality              0
CPXPARAM_MIP_Display                             4
CPXPARAM_MIP_Strategy_File                       3
CPXPARAM_MIP_Strategy_StartAlgorithm             6
CPXPARAM_MIP_Strategy_VariableSelect             3
CPXPARAM_MIP_Strategy_HeuristicFreq              -1
CPXPARAM_MIP_Strategy_Probe                      3
CPXPARAM_MIP_Strategy_CallbackReducedLP          0
CPXPARAM_MIP_Strategy_RINSHeur                   -1
Warning: Control callbacks may disable some MIP features.
MIP emphasis: balance optimality and feasibility.
MIP search method: traditional branch-and-cut.
Parallel mode: opportunistic, using up to 24 threads.

        Nodes                                         Cuts/
   Node  Left     Objective  IInf  Best Integer    Best Bound    ItCnt     Gap

      0     0     -262.7031   248                   Fract: 56     5576         
      0     0     -262.5270   250                    Cuts: 61     5607         
      0     0     -262.5164   252                     Cuts: 6     5715         
      0     0     -262.5051   249                     Cuts: 6     5764         
      0     1    infeasible                         -242.1097     7011         
Elapsed time = 63.41 sec. (19390.43 ticks, tree = 0.01 MB, solutions = 0)
     13     1    infeasible                         -200.5139     8022         
     15     1    infeasible                         -200.5139     6940         
     37     2     -173.8129   181                    -81.7361     9508         
     58     3     -196.5584   202                    -51.9633     8466         
     67     2     -252.8532   243                    -51.9633     5912         
     84     3     -178.7594   185                    -51.9633     9389         
    105     5      -56.9440   188                    -51.9633    13158         
    124    17      -36.0000   152                    -51.9633    71834         
    154     9    infeasible                          -51.9633    30739         
    239     9    infeasible                          -48.9754    30860         
Elapsed time = 389.32 sec. (22663.53 ticks, tree = 0.20 MB, solutions = 0)
    306    11    infeasible                          -48.9754    34194         
    384    10    infeasible                          -48.9754    34459         
    439    14      -36.0000   168                    -48.9754    48216         
    529    17    infeasible                          -48.9754    72363         
    580     2     -241.1197   236                    -48.9754     7033         
    629    49      -27.0000   163                    -48.9754    81053         
    673    47    infeasible                          -48.9754    81274         
    738    12      -40.0000   184                    -48.9754    18950         
    787    45    infeasible                          -48.9754    81379         
    832    48    infeasible                          -48.9754    80799         
Elapsed time = 477.45 sec. (32329.19 ticks, tree = 0.55 MB, solutions = 0)
    878     4    infeasible                          -48.9754    24917         
    916    54      -28.0000   180                    -48.9754    80572         
    974    73    infeasible                          -48.9754    89793         
   1025     9      -36.9888   151                    -48.9754    45294         
   1065    50      -27.0000   144                    -48.9754    81490         
   1102    15      -36.0000   162                    -48.9754    34426         
   1145    11      -36.0000   164                    -48.9754    27881         
   1191    54      -27.0000   176                    -48.9754    82014         
   1234    61      -28.0000   180                    -48.9754    80616         
   1284    52      -27.0000   148                    -48.9754    81981         
Elapsed time = 562.24 sec. (42155.47 ticks, tree = 0.94 MB, solutions = 0)
   1335    20    infeasible                          -48.9754    52306         
   1379    61      -28.0000   180                    -48.9754    80643         
   1425     4     -141.1769   156                    -48.9754    10910         
   1470     2    infeasible                          -48.9754    12215         
   1519    49    infeasible                          -48.9754    83690         
   1586    60    infeasible                          -48.9754   107862         
   1644    43      -40.0000   184                    -48.9754    18984         
   1689    52      -25.0000   150                    -48.9754    84136         
   1734    15    infeasible                          -48.9754    28919         
   1775    17      -36.0000   152                    -48.9754    73644         
Elapsed time = 677.05 sec. (51871.82 ticks, tree = 0.45 MB, solutions = 0)
   1821    23    infeasible                          -48.9754    56262         
   1872    11      -41.0000   170                    -48.9754    30514         
   1923    37      -27.0000   149                    -48.9754    64268         
   1966    22      -36.0000   156                    -48.9754    54630         
   2013    24    infeasible                          -48.9754    62527         
   2053    20      -36.0000   156                    -48.9754    50570         
   2109    22    infeasible                          -48.9754    62151         
   2150    56      -27.0000   151                    -48.9754    86881         
   2193     9      -41.0000   170                    -48.9754    32602         
   2235    75      -34.0000   171                    -48.9754   120377         
Elapsed time = 759.22 sec. (61764.82 ticks, tree = 1.13 MB, solutions = 0)
   2280    56      -27.0000   146                    -48.9754    84221         
   2316    59      -27.0000   166                    -48.9754    84425         
   2352    36    infeasible                          -48.9754    64378         
   2393    21      -36.0000   154                    -48.9754    73537         
   2431    13      -28.0000   146                    -48.9754    44916         
   2463    22      -36.0000   156                    -48.9754    56064         
   2510    13    infeasible                          -48.9754    45191         
   2545    31      -28.0000   162                    -48.9754    48113         
   2585    22      -36.0000   156                    -48.9754    56397         
   2627    21      -36.0000   150                    -48.9754    51755         
Elapsed time = 863.26 sec. (71553.44 ticks, tree = 1.26 MB, solutions = 0)
   2665    19    infeasible                          -48.9754    77055         
   2704    26      -36.0000   156                    -48.9754    57638         
   2743     9      -41.0000   170                    -48.9754    34238         
   2781    67    infeasible                          -48.9754    95811         
   2822   104      -26.0000   166                    -48.9754   103454         
   2860    82      -28.0000   172                    -48.9754    81516         
   2908    54      -34.0000   155                    -48.9754    83118         
   2958    25      -36.0000   158                    -48.9754    57154         
   3000    10      -41.0000   170                    -48.9754    34531         
   3045    85      -28.0000   170                    -48.9754    81627         
Elapsed time = 992.99 sec. (81314.81 ticks, tree = 2.62 MB, solutions = 0)
   3094    21      -36.0000   152                    -48.9754    78555         
   3138    27    infeasible                          -48.9754    57683         
   3174    63      -27.0000   150                    -48.9754    85823         
   3217    45    infeasible                          -48.9754    81520         
   3257    23      -36.0000   152                    -48.9754    75266         
   3312    58      -34.0000   152                    -48.9754    84451         
   3374    88      -28.0000   170                    -48.9754    81718         
   3413   180      -34.0000   185                    -48.9754   165728         
   3455    60    infeasible                          -48.9754    92562         
   3494   182      -34.0000   185                    -48.9754   165731         
Elapsed time = 1122.29 sec. (91021.05 ticks, tree = 4.07 MB, solutions = 0)
   3537    27      -40.0000   176                    -48.9754    52940         
   3574    30      -28.0000   136                    -48.9754    64381         
   3616    17      -36.0000   148                    -48.9754    71801         
   3654    55      -27.0000   138                    -48.9754    83781         
   3693    55      -27.0000   138                    -48.9754    84023         
   3732    59      -27.0000   144                    -48.9754    87225         
   3768    65    infeasible                          -48.9754    85164         
   3839    81    infeasible                          -48.9754   102540         
   3882    57      -27.0000   139                    -48.9754    84410         
   3922    68    infeasible                          -48.9754    84407         
Elapsed time = 1253.95 sec. (100766.25 ticks, tree = 4.08 MB, solutions = 0)
   3972    33    infeasible                          -48.9754    65275         
   4010    51    infeasible                          -48.9754    67507         
   4049    35      -40.0000   176                    -48.9754    56267         
   4101    63      -27.0000   132                    -48.9754    87638         
   4143    57    infeasible                          -48.9754    92912         
   4182    80    infeasible                          -48.9754    89584         
   4226    57      -25.0000   148                    -48.9754    93307         
   4265    74      -34.0000   128                    -48.9754    85732         
   4305    39      -40.0000   176                    -48.9754    63098         
   4468    80    infeasible                          -48.9754    90695         
Elapsed time = 1434.11 sec. (113417.09 ticks, tree = 6.34 MB, solutions = 0)
   4637   112    infeasible                          -48.9754   106947         
   4804    64      -28.0000   130                    -48.9754    85751         
   4987   388      -34.0000   116                    -43.9912   227253         
   5165   174      -27.0000   128                    -43.9912   154450         
   5335    70    infeasible                          -43.9912   121543         
   5500   117      -26.0000   138                    -43.9912   108938         
   5664    68      -40.0000   172                    -43.9912    72327         
   5867    99      -40.0000   172                    -43.9912    98542         
   6018   106      -40.0000   172                    -43.9912    98549         
   6168   113      -40.0000   172                    -43.9912    98556         
Elapsed time = 1965.34 sec. (151727.58 ticks, tree = 36.07 MB, solutions = 0)
   6333   120      -40.0000   172                    -43.9912    98563         
   6489  1056    infeasible                          -43.9912   427965         
   6710   833      -28.0000   158                    -43.9912   346696         
   6870   116    infeasible                          -43.9912   113801         
   7025   185      -36.0000   124                    -43.9912   159828         
   7177   655      -34.0000   118                    -43.9912   311177         
   7337   839      -28.0000   158                    -43.9912   346789         
   7481   343      -28.0000   162                    -43.9912   211449         
   7620   320      -28.0000   144                    -43.9912   196422         
   7754   148      -40.0000   168                    -43.9912   123521         
Elapsed time = 2491.24 sec. (190038.39 ticks, tree = 49.30 MB, solutions = 0)
   7903   327      -28.0000   144                    -43.9912   196461         
   8045   331      -28.0000   144                    -43.9912   196467         
   8186   337      -28.0000   144                    -43.9912   196473         
   8327   143      -41.0000   150                    -43.9912   134359         
   8473   341      -28.0000   144                    -43.9912   197470         
   8689   409      -31.0000   104                    -43.9912   218519         
   8832   281    infeasible                          -43.9912   186579         
   8971   674    infeasible                          -43.9912   315272         
   9116   417      -32.0000   108                    -43.9912   249377         
   9277   608    infeasible                          -43.9912   252297         
Elapsed time = 3017.22 sec. (228470.09 ticks, tree = 82.93 MB, solutions = 0)
   9419   667      -27.0000   120                    -43.9912   303688         
   9561   871      -28.0000   148                    -43.9912   347412         
   9709   342    infeasible                          -43.9912   220591         
   9884   667      -27.0000   120                    -43.9912   304479         
  10051   921      -28.0000   110                    -43.9912   395194         
  10195   655    infeasible                          -43.9912   297576         
  10342   693      -27.0000   100                    -43.9912   338607         
  10494   692    infeasible                          -43.9912   339233         
  10639   730    infeasible                          -43.9912   346809         
  10779   421      -41.0000   142                    -43.9912   238035         
Elapsed time = 3565.48 sec. (266950.23 ticks, tree = 175.51 MB, solutions = 0)
  10920   666      -34.0000   132                    -43.9912   299146         
  11072  1091      -28.0000   130                    -43.9912   457650         
  11210   721      -25.0000   114                    -43.9912   357853         
  11331   883      -28.0000   126                    -43.9912   363587         
  11455  1224      -34.0000   114                    -43.9912   508112         
  11586  1569    infeasible                          -43.9912   571552         
  11750  1099      -28.0000   128                    -43.9912   458844         
  11907   876      -36.0000   124                    -43.9912   378208         
  12056  1095      -34.0000   122                    -43.9912   442238         
  12225  1022      -30.0000   138                    -43.9912   427427         
Elapsed time = 3565.97 sec. (305389.74 ticks, tree = 360.13 MB, solutions = 0)
  12382   743      -41.0000   128                    -43.9912   344644         
  12513  1172      -28.0000    74                    -42.9958   495784         
  12640  1171    infeasible                          -42.9958   496357         
  12765  1494      -28.0000   108                    -42.9958   544251         
  12882  1245      -34.0000   114                    -42.9958   509200         
  13045  1573      -25.0000    98                    -42.9958   574831         
  13190   989      -27.0000    72                    -42.9958   405281         
  13350  1029      -30.0000   122                    -42.9958   430878         
  13491  2338      -28.0000   138                    -42.9958   763014         
  13646  1648      -34.0000   112                    -42.9958   610963         
Elapsed time = 3565.97 sec. (343779.58 ticks, tree = 360.13 MB, solutions = 0)
  13776  2340      -28.0000   130                    -42.9958   763160         
  13900  1113      -34.0000   115                    -42.9958   447363         
  14016  1503      -28.0000   104                    -42.9958   548141         
  14122  1034    infeasible                          -42.9958   433952         
  14223  1117      -34.0000   116                    -42.9958   448275         
  14349  1506      -28.0000   100                    -42.9958   548539         
  14493  1339      -36.0000   110                    -42.9958   541134         
  14625  1126      -34.0000   101                    -42.9958   449249         
  14757  1209      -36.0000    70                    -42.9958   507708         
  14956  1739      -27.0000    64                    -42.9958   651820         
Elapsed time = 3565.97 sec. (382206.23 ticks, tree = 360.13 MB, solutions = 0)
  15072  1210      -36.0000    68                    -42.9958   508391         
  15198  1266      -34.0000   108                    -42.9958   510505         
  15332  1593      -31.0000   113                    -42.9958   616508         
  15436  1751      -28.0000    66                    -42.9958   670987         
  15535  1866    infeasible                          -42.9958   712111         
  15642  1325      -27.0000   117                    -42.9958   555191         
  15746  1746    infeasible                          -42.9958   671380         
  15855  1824      -34.0000    97                    -42.9958   685215         
  15947  1751      -26.0000   107                    -42.9958   673018         
  16038  1737      -32.0000   149                    -42.9958   673451         
Elapsed time = 3565.97 sec. (420652.20 ticks, tree = 360.13 MB, solutions = 0)
  16125  1829      -34.0000    97                    -42.9958   685339         
  16214  2004      -26.0000    69                    -42.9958   741652         
  16301  1470      -41.0000   106                    -42.9958   539109         
  16380  1979      -36.0000   108                    -42.9958   732022         
  16472  2255      -40.0000   134                    -42.9958   761680         
  16550  2007      -26.0000    66                    -42.9958   744361         
  16610  1838      -36.0000    64                    -42.9958   705476         
  16668  2067    infeasible                          -42.9958   765599         
  16732  1978    infeasible                          -42.9958   734010         
  16783  2291      -40.0000   132                    -42.9958   761722         
Elapsed time = 3565.97 sec. (459403.93 ticks, tree = 360.13 MB, solutions = 0)
  16817  1842      -36.0000    60                    -42.9958   712507         
  16853  1984      -36.0000    94                    -42.9958   735067         
  16897  1845      -36.0000    60                    -42.9958   715936         
  16946  1986    infeasible                          -42.9958   735689         
  16975  1695      -41.0000    96                    -42.9958   635997         
  16995  1703      -41.0000    96                    -42.9958   636009         
  17021  1755      -41.0000    94                    -42.9958   645306         
  17030  1760      -32.0000   104                    -42.9958   679338         
  17037  1765      -41.0000    90                    -42.9958   670867         
  17042  1770      -41.0000    90                    -42.9958   670872         
Elapsed time = 3565.97 sec. (500206.47 ticks, tree = 360.13 MB, solutions = 0)
  17047  1774      -41.0000    90                    -42.9958   670877         
  17052  1817      -41.0000    90                    -42.9958   684182         
  17057  1822      -41.0000    90                    -42.9958   684187         
  17062  1846      -41.0000    90                    -42.9958   693193         
  17067  1850      -41.0000    90                    -42.9958   693198         
  17072  1853      -41.0000    90                    -42.9958   693203         
  17077  1891      -41.0000    88                    -42.9958   708394         
  17082  1896      -41.0000    88                    -42.9958   708399         
  17088  2000      -41.0000    88                    -42.9958   738520         
  17093  2005      -41.0000    88                    -42.9958   738525         
Elapsed time = 3565.97 sec. (543644.09 ticks, tree = 360.13 MB, solutions = 0)
  17098  2010      -41.0000    88                    -42.9958   738530         
  17103  2060      -41.0000    88                    -42.9958   761424         
  17108  2065      -41.0000    88                    -42.9958   761429         
  17113  2070      -41.0000    88                    -42.9958   761434         
  17118  2347      -41.0000    88                    -42.9958   762905         
  17123  2352      -41.0000    88                    -42.9958   762910         
  17128  2357      -41.0000    88                    -42.9958   762915         
  17133  2362      -41.0000    88                    -42.9958   762920         
  17139  2368      -41.0000    84                    -42.9958   762926         
  17144  2405      -41.0000    76                    -42.9958   769510         
Elapsed time = 3565.97 sec. (584332.14 ticks, tree = 360.13 MB, solutions = 0)
  17149  2409      -41.0000    72                    -42.9958   769517         
  17154  2414      -41.0000    72                    -42.9958   769522         
  17159  2418      -41.0000    72                    -42.9958   769527         
  17164  2423      -41.0000    72                    -42.9958   769532         
  17169  2428      -41.0000    72                    -42.9958   769537         
  17174  2433      -41.0000    72                    -42.9958   769542         

Flow cuts applied:  170
Mixed integer rounding cuts applied:  1
Gomory fractional cuts applied:  3

Root node processing (before b&c):
  Real time             =   17.84 sec. (19354.69 ticks)
Parallel b&c, 24 threads:
  Real time             = 3548.17 sec. (594882.97 ticks)
  Sync time (average)   =  259.72 sec.
  Wait time (average)   =    0.16 sec.
                          ------------
Total (root+branch&cut) = 3566.01 sec. (614237.66 ticks)
CPLEX Error  1217: No solution exists.
CPLEX Error  1217: No solution exists.

STAH; input_file ; zbest ; final_bound ; root_bound; time (s.); root_time (s.); opt ;nodes ; %root_gap; %final_gap; setting 
STAT; /home/utr_thuerauf/projects/bilevel-library/code-mergen/data/MIPLIB2010/app1-2_0_100.mps.gz ; 100000000000000000000.000000 ; -42.995826  ; -262.852479 ; 3600.172473 ; 34.160503 ; 0 ;17179 ; 100.000000 ; 100.000000 ; 4 


-------------------------------------------------------------------------------------------------------------------------
 NO SOLUTION AVAILABLE FOR /home/utr_thuerauf/projects/bilevel-library/code-mergen/data/MIPLIB2010/app1-2_0_100.mps.gz
-------------------------------------------------------------------------------------------------------------------------

