License for 'CIBOL Team' expires on Tue Aug  9 02:00:00 2039
 
../bilevel -mpsfile /home/utr_thuerauf/projects/bilevel-library/code-mergen/data/MIPLIB2010/ash608gpia-3col_0_100.mps.gz -auxfile /home/utr_thuerauf/projects/bilevel-library/code-mergen/data/MIPLIB2010/ash608gpia-3col_0_100.aux -time_limit 3600 
... using custom setting 4
The chosen setting is MIX++


available parameters --------------------------------------------------
-mpsfile /home/utr_thuerauf/projects/bilevel-library/code-mergen/data/MIPLIB2010/ash608gpia-3col_0_100.mps.gz (the input file, part 1, needs to end with .mps; see readme.md for details on the format)
-auxfile /home/utr_thuerauf/projects/bilevel-library/code-mergen/data/MIPLIB2010/ash608gpia-3col_0_100.aux (the input file, part 2, needs to end with .aux; only needs to be given if differently named as the mps-file)
-time_limit, 3600 (in seconds, default: 3600)
-available_memory, 12000 (in MB, default: 12000)
-nodefile . (location for CPLEX nodefile to be used if available_memory is exhausted, default: current directory)
-num_threads, 0 (0: all available (default); note: opportunistic mode of CPLEX, to change see next option)
-randomseed, 0 (negative seed turns on deterministic multithread mode of CPLEX, default: 0)
-node_limit, -1 (-1: no limit (default))
-cplex_cuts, 1 (0: off, 1: normal (default), 2: moderate, 3: aggressive)
-print_sol, 1 (0: no, 1: print nonzero entries of the final solution (default), 2: print also the zero entries)
-setting, 4 (see below for description, default: MIX++)
 ----------------------------------------------------------------------------------------------

AVAILABLE SETTINGS------------------------------------------------------------------------------
1 SEP1++
2 SEP2++
3 XU++
4 MIX++
21 SEP1+F
22 SEP2+F
23 XU+F
24 MIX+F
31 SEP1+P
32 SEP2+P
33 XU+P
34 MIX+P
41 SEP1
42 SEP2
43 XU
44 MIX
98 HC
99 HC++
----------------------------------------------------------------------------------------------

 ... Cplex in opportunistic mode with 24 thread(s)
Selected objective sense:  MINIMIZE
Selected objective  name:  obj
Selected RHS        name:  rhs
Selected bound      name:  bnd
HPR has 3651 cols
Original HPR has 24748 rows
Updated HPR has 25964 rows
Follower variables integer 1 binary 1
Leader variables integer 1 binary 1
Problem variables integer 1 binary 1
Body has 25965 rows 
Leader objective all integer (var+coeff?) 1
Follower objective all integer (var+coeff?) 1
Leader all integer (obj+cons+var?) 1
Follower all integer (obj+cons+var?) 1
Leader has 1826 cols
Leader has 0 rows
Follower has 1825 cols
Follower has 25964 rows



 -------------- PROBLEM STATISTICS for /home/utr_thuerauf/projects/bilevel-library/code-mergen/data/MIPLIB2010/ash608gpia-3col_0_100.mps.gz 
      master   with     0 integer and  3651 binary variables (out of  3651 var.s) and 25964 constr.s
      follower with     0 integer and  1825 binary variables (out of  3651 var.s) and 25964 constr.s
 --------------------------------------------------------------------------------------------------------------------------------------------------------

CPXPARAM_Simplex_Tolerances_Feasibility          1.0000000000000001e-09
CPXPARAM_Preprocessing_Presolve                  0
CPXPARAM_TimeLimit                               3599.3858823692426
CPXPARAM_Preprocessing_Reduce                    0
CPXPARAM_Preprocessing_Linear                    0
CPXPARAM_WorkMem                                 12000
CPXPARAM_Threads                                 24
CPXPARAM_Parallel                                -1
CPXPARAM_MIP_Tolerances_MIPGap                   1.0000000000000001e-09
CPXPARAM_MIP_Tolerances_Integrality              0
CPXPARAM_MIP_Display                             4
CPXPARAM_MIP_Strategy_File                       3
CPXPARAM_MIP_Limits_Nodes                        0
CPXPARAM_MIP_Strategy_StartAlgorithm             6
CPXPARAM_MIP_Strategy_VariableSelect             3
CPXPARAM_MIP_Strategy_HeuristicFreq              -1
CPXPARAM_MIP_Strategy_Probe                      3
CPXPARAM_MIP_Strategy_CallbackReducedLP          0
CPXPARAM_MIP_Strategy_RINSHeur                   -1
Warning: Control callbacks may disable some MIP features.
Probing time = 0.02 sec. (2.41 ticks)
Clique table members: 18352.
MIP emphasis: balance optimality and feasibility.
MIP search method: traditional branch-and-cut.
Parallel mode: opportunistic, using up to 24 threads.
Parallel mode: opportunistic, using up to 24 threads for concurrent optimization.

Iteration log . . .
Iteration:     1   Dual objective     =             0.000000
Perturbation started.
Iteration:   202   Dual objective     =             1.000000
Iteration:   583   Dual objective     =             1.000104
Iteration:   945   Dual objective     =             1.000215
Iteration:  1328   Dual objective     =             1.000324
Iteration:  1692   Dual objective     =             1.500339
Removing perturbation.
Using devex.

Barrier solved model.

Root relaxation solution time = 0.35 sec. (587.99 ticks)

        Nodes                                         Cuts/
   Node  Left     Objective  IInf  Best Integer    Best Bound    ItCnt     Gap

      0     0        2.0000  2432                      2.0000        0         
      0     0        2.5000  3122                  Cuts: 3851     9189         
      0     0        3.0000  3442                  Cuts: 2096    35915         
      0     0        cutoff                                      38475         
Elapsed time = 48.51 sec. (53890.83 ticks, tree = 0.01 MB, solutions = 0)

Clique cuts applied:  2101
Zero-half cuts applied:  362
Gomory fractional cuts applied:  1

Root node processing (before b&c):
  Real time             =   48.51 sec. (53890.84 ticks)
Parallel b&c, 24 threads:
  Real time             =    0.00 sec. (0.00 ticks)
  Sync time (average)   =    0.00 sec.
  Wait time (average)   =    0.00 sec.
                          ------------
Total (root+branch&cut) =   48.51 sec. (53890.84 ticks)
CPLEX Error  1217: No solution exists.
CPLEX Error  1217: No solution exists.
CPXPARAM_Simplex_Tolerances_Feasibility          1.0000000000000001e-09
CPXPARAM_Preprocessing_Presolve                  0
CPXPARAM_TimeLimit                               3550.8709828499705
CPXPARAM_Preprocessing_Reduce                    0
CPXPARAM_Preprocessing_Linear                    0
CPXPARAM_WorkMem                                 12000
CPXPARAM_Threads                                 24
CPXPARAM_Parallel                                -1
CPXPARAM_MIP_Tolerances_UpperCutoff              1e+20
CPXPARAM_MIP_Tolerances_MIPGap                   1.0000000000000001e-09
CPXPARAM_MIP_Tolerances_Integrality              0
CPXPARAM_MIP_Display                             4
CPXPARAM_MIP_Strategy_File                       3
CPXPARAM_MIP_Strategy_StartAlgorithm             6
CPXPARAM_MIP_Strategy_VariableSelect             3
CPXPARAM_MIP_Strategy_HeuristicFreq              -1
CPXPARAM_MIP_Strategy_Probe                      3
CPXPARAM_MIP_Strategy_CallbackReducedLP          0
CPXPARAM_MIP_Strategy_RINSHeur                   -1
Warning: Control callbacks may disable some MIP features.

Root node processing (before b&c):
  Real time             =    0.00 sec. (0.00 ticks)
Parallel b&c, 24 threads:
  Real time             =    0.00 sec. (0.00 ticks)
  Sync time (average)   =    0.00 sec.
  Wait time (average)   =    0.00 sec.
                          ------------
Total (root+branch&cut) =    0.00 sec. (0.00 ticks)
CPLEX Error  1217: No solution exists.
 ########### Master MIP not solved, cplex status 103 --> Model is infeasible
CPLEX Error  1217: No solution exists.

STAH; input_file ; zbest ; final_bound ; root_bound; time (s.); root_time (s.); opt ;nodes ; %root_gap; %final_gap; setting 
STAT; /home/utr_thuerauf/projects/bilevel-library/code-mergen/data/MIPLIB2010/ash608gpia-3col_0_100.mps.gz ; 100000000000000000000.000000 ; 999999999999999926539781176481198923508803215199467887262646419780362305536.000000  ; 999999999999999926539781176481198923508803215199467887262646419780362305536.000000 ; 49.131708 ; 49.129008 ; -1 ;0 ; -999999999999999874122120252033165764280595840825189990400.000000 ; -999999999999999874122120252033165764280595840825189990400.000000 ; 4 


-------------------------------------------------------------------------------------------------------------------------
 NO SOLUTION AVAILABLE FOR /home/utr_thuerauf/projects/bilevel-library/code-mergen/data/MIPLIB2010/ash608gpia-3col_0_100.mps.gz
-------------------------------------------------------------------------------------------------------------------------

